[ 2018-04-19T10:19:43+08:00 ] 139.205.180.139 /Admin/Public/login
INFO: [ app_init ] --START--
INFO: Run Behavior\BuildLiteBehavior [ RunTime:0.000014s ]
NOTIC: [8] Use of undefined constant STATUS_RESUME - assumed 'STATUS_RESUME' /www/web/126wenren/public_html/ThinkPHP/Common/functions.php 第 596 行.
SQL: SHOW COLUMNS FROM `system_config` [ RunTime:0.0014s ]
SQL: SELECT `value` FROM `system_config` WHERE `name` = 'URL_MODEL' LIMIT 1   [ RunTime:0.0002s ]
INFO: Run Common\Behavior\InitModuleBehavior [ RunTime:0.003349s ]
INFO: [ app_init ] --END-- [ RunTime:0.003495s ]
INFO: [ app_begin ] --START--
INFO: Run Behavior\ReadHtmlCacheBehavior [ RunTime:0.000088s ]
SQL: SELECT `name`,`value`,`type` FROM `system_config` WHERE `status` = 1  [ RunTime:0.0002s ]
NOTIC: [2] Missing argument 2 for parse_attr(), called in /www/web/126wenren/public_html/Application/Common/Model/SystemConfigModel.class.php on line 42 and defined /www/web/126wenren/public_html/Application/Common/Common/function.php 第 7 行.

[ 2018-04-19T10:20:45+08:00 ] 139.205.180.139 /Admin/Public/login
INFO: [ app_init ] --START--
INFO: Run Behavior\BuildLiteBehavior [ RunTime:0.000014s ]
NOTIC: [8] Use of undefined constant STATUS_RESUME - assumed 'STATUS_RESUME' /www/web/126wenren/public_html/ThinkPHP/Common/functions.php 第 596 行.
SQL: SHOW COLUMNS FROM `system_config` [ RunTime:0.0030s ]
SQL: SELECT `value` FROM `system_config` WHERE `name` = 'URL_MODEL' LIMIT 1   [ RunTime:0.0002s ]
INFO: Run Common\Behavior\InitModuleBehavior [ RunTime:0.004953s ]
INFO: [ app_init ] --END-- [ RunTime:0.005119s ]
INFO: [ app_begin ] --START--
INFO: Run Behavior\ReadHtmlCacheBehavior [ RunTime:0.000091s ]
SQL: SELECT `name`,`value`,`type` FROM `system_config` WHERE `status` = 1  [ RunTime:0.0002s ]
NOTIC: [2] Missing argument 2 for parse_attr(), called in /www/web/126wenren/public_html/Application/Common/Model/SystemConfigModel.class.php on line 42 and defined /www/web/126wenren/public_html/Application/Common/Common/function.php 第 7 行.
INFO: Run Common\Behavior\InitConfigBehavior [ RunTime:0.000981s ]
INFO: [ app_begin ] --END-- [ RunTime:0.001126s ]
SQL: SHOW COLUMNS FROM `member` [ RunTime:0.0010s ]
SQL: SELECT * FROM `member` WHERE `group_id` > 0 AND `member_name` = 'admin' AND `member_status` = 1 LIMIT 1   [ RunTime:0.0002s ]

[ 2018-04-19T10:20:49+08:00 ] 139.205.180.139 /Admin/Public/login
INFO: [ app_init ] --START--
INFO: Run Behavior\BuildLiteBehavior [ RunTime:0.000013s ]
NOTIC: [8] Use of undefined constant STATUS_RESUME - assumed 'STATUS_RESUME' /www/web/126wenren/public_html/ThinkPHP/Common/functions.php 第 596 行.
SQL: SHOW COLUMNS FROM `system_config` [ RunTime:0.0014s ]
SQL: SELECT `value` FROM `system_config` WHERE `name` = 'URL_MODEL' LIMIT 1   [ RunTime:0.0002s ]
INFO: Run Common\Behavior\InitModuleBehavior [ RunTime:0.003332s ]
INFO: [ app_init ] --END-- [ RunTime:0.003484s ]
INFO: [ app_begin ] --START--
INFO: Run Behavior\ReadHtmlCacheBehavior [ RunTime:0.000073s ]
SQL: SELECT `name`,`value`,`type` FROM `system_config` WHERE `status` = 1  [ RunTime:0.0002s ]
NOTIC: [2] Missing argument 2 for parse_attr(), called in /www/web/126wenren/public_html/Application/Common/Model/SystemConfigModel.class.php on line 42 and defined /www/web/126wenren/public_html/Application/Common/Common/function.php 第 7 行.
INFO: Run Common\Behavior\InitConfigBehavior [ RunTime:0.000969s ]
INFO: [ app_begin ] --END-- [ RunTime:0.001106s ]
SQL: SHOW COLUMNS FROM `member` [ RunTime:0.0010s ]
SQL: SELECT * FROM `member` WHERE `group_id` > 0 AND `member_name` = 'admin' AND `member_status` = 1 LIMIT 1   [ RunTime:0.0002s ]

[ 2018-04-19T10:20:54+08:00 ] 139.205.180.139 /Admin/Public/login
INFO: [ app_init ] --START--
INFO: Run Behavior\BuildLiteBehavior [ RunTime:0.000013s ]
NOTIC: [8] Use of undefined constant STATUS_RESUME - assumed 'STATUS_RESUME' /www/web/126wenren/public_html/ThinkPHP/Common/functions.php 第 596 行.
SQL: SHOW COLUMNS FROM `system_config` [ RunTime:0.0014s ]
SQL: SELECT `value` FROM `system_config` WHERE `name` = 'URL_MODEL' LIMIT 1   [ RunTime:0.0002s ]
INFO: Run Common\Behavior\InitModuleBehavior [ RunTime:0.003265s ]
INFO: [ app_init ] --END-- [ RunTime:0.003399s ]
INFO: [ app_begin ] --START--
INFO: Run Behavior\ReadHtmlCacheBehavior [ RunTime:0.000085s ]
SQL: SELECT `name`,`value`,`type` FROM `system_config` WHERE `status` = 1  [ RunTime:0.0002s ]
NOTIC: [2] Missing argument 2 for parse_attr(), called in /www/web/126wenren/public_html/Application/Common/Model/SystemConfigModel.class.php on line 42 and defined /www/web/126wenren/public_html/Application/Common/Common/function.php 第 7 行.
INFO: Run Common\Behavior\InitConfigBehavior [ RunTime:0.001076s ]
INFO: [ app_begin ] --END-- [ RunTime:0.001218s ]
SQL: SHOW COLUMNS FROM `member` [ RunTime:0.0010s ]
SQL: SELECT * FROM `member` WHERE `group_id` > 0 AND `member_name` = 'admin' AND `member_status` = 1 LIMIT 1   [ RunTime:0.0002s ]

[ 2018-04-19T10:20:58+08:00 ] 139.205.180.139 /Admin/Public/login
INFO: [ app_init ] --START--
INFO: Run Behavior\BuildLiteBehavior [ RunTime:0.000013s ]
NOTIC: [8] Use of undefined constant STATUS_RESUME - assumed 'STATUS_RESUME' /www/web/126wenren/public_html/ThinkPHP/Common/functions.php 第 596 行.
SQL: SHOW COLUMNS FROM `system_config` [ RunTime:0.0014s ]
SQL: SELECT `value` FROM `system_config` WHERE `name` = 'URL_MODEL' LIMIT 1   [ RunTime:0.0002s ]
INFO: Run Common\Behavior\InitModuleBehavior [ RunTime:0.003264s ]
INFO: [ app_init ] --END-- [ RunTime:0.003398s ]
INFO: [ app_begin ] --START--
INFO: Run Behavior\ReadHtmlCacheBehavior [ RunTime:0.000074s ]
SQL: SELECT `name`,`value`,`type` FROM `system_config` WHERE `status` = 1  [ RunTime:0.0002s ]
NOTIC: [2] Missing argument 2 for parse_attr(), called in /www/web/126wenren/public_html/Application/Common/Model/SystemConfigModel.class.php on line 42 and defined /www/web/126wenren/public_html/Application/Common/Common/function.php 第 7 行.
INFO: Run Common\Behavior\InitConfigBehavior [ RunTime:0.000960s ]
INFO: [ app_begin ] --END-- [ RunTime:0.001087s ]
SQL: SHOW COLUMNS FROM `member` [ RunTime:0.0010s ]
SQL: SELECT * FROM `member` WHERE `group_id` > 0 AND `member_name` = 'admin' AND `member_status` = 1 LIMIT 1   [ RunTime:0.0002s ]

[ 2018-04-19T10:21:26+08:00 ] 139.205.180.139 /Admin/Public/login
INFO: [ app_init ] --START--
INFO: Run Behavior\BuildLiteBehavior [ RunTime:0.000012s ]
NOTIC: [8] Use of undefined constant STATUS_RESUME - assumed 'STATUS_RESUME' /www/web/126wenren/public_html/ThinkPHP/Common/functions.php 第 596 行.
SQL: SHOW COLUMNS FROM `system_config` [ RunTime:0.0014s ]
SQL: SELECT `value` FROM `system_config` WHERE `name` = 'URL_MODEL' LIMIT 1   [ RunTime:0.0002s ]
INFO: Run Common\Behavior\InitModuleBehavior [ RunTime:0.003398s ]
INFO: [ app_init ] --END-- [ RunTime:0.003527s ]
INFO: [ app_begin ] --START--
INFO: Run Behavior\ReadHtmlCacheBehavior [ RunTime:0.000081s ]
SQL: SELECT `name`,`value`,`type` FROM `system_config` WHERE `status` = 1  [ RunTime:0.0002s ]
NOTIC: [2] Missing argument 2 for parse_attr(), called in /www/web/126wenren/public_html/Application/Common/Model/SystemConfigModel.class.php on line 42 and defined /www/web/126wenren/public_html/Application/Common/Common/function.php 第 7 行.
INFO: Run Common\Behavior\InitConfigBehavior [ RunTime:0.001015s ]
INFO: [ app_begin ] --END-- [ RunTime:0.001171s ]
SQL: SHOW COLUMNS FROM `member` [ RunTime:0.0010s ]
SQL: SELECT * FROM `member` WHERE `group_id` > 0 AND `member_name` = 'admin' AND `member_status` = 1 LIMIT 1   [ RunTime:0.0002s ]

[ 2018-04-19T10:21:43+08:00 ] 139.205.180.139 /Admin/Public/login
INFO: [ app_init ] --START--
INFO: Run Behavior\BuildLiteBehavior [ RunTime:0.000013s ]
NOTIC: [8] Use of undefined constant STATUS_RESUME - assumed 'STATUS_RESUME' /www/web/126wenren/public_html/ThinkPHP/Common/functions.php 第 596 行.
SQL: SHOW COLUMNS FROM `system_config` [ RunTime:0.0015s ]
SQL: SELECT `value` FROM `system_config` WHERE `name` = 'URL_MODEL' LIMIT 1   [ RunTime:0.0002s ]
INFO: Run Common\Behavior\InitModuleBehavior [ RunTime:0.003369s ]
INFO: [ app_init ] --END-- [ RunTime:0.003500s ]
INFO: [ app_begin ] --START--
INFO: Run Behavior\ReadHtmlCacheBehavior [ RunTime:0.000072s ]
SQL: SELECT `name`,`value`,`type` FROM `system_config` WHERE `status` = 1  [ RunTime:0.0002s ]
NOTIC: [2] Missing argument 2 for parse_attr(), called in /www/web/126wenren/public_html/Application/Common/Model/SystemConfigModel.class.php on line 42 and defined /www/web/126wenren/public_html/Application/Common/Common/function.php 第 7 行.
INFO: Run Common\Behavior\InitConfigBehavior [ RunTime:0.001008s ]
INFO: [ app_begin ] --END-- [ RunTime:0.001136s ]
SQL: SHOW COLUMNS FROM `member` [ RunTime:0.0010s ]
SQL: SELECT * FROM `member` WHERE `group_id` > 0 AND `member_name` = 'admin' AND `member_status` = 1 LIMIT 1   [ RunTime:0.0002s ]

[ 2018-04-19T10:23:39+08:00 ] 139.205.180.139 /Admin/Public/login
INFO: [ app_init ] --START--
INFO: Run Behavior\BuildLiteBehavior [ RunTime:0.000012s ]
NOTIC: [8] Use of undefined constant STATUS_RESUME - assumed 'STATUS_RESUME' /www/web/126wenren/public_html/ThinkPHP/Common/functions.php 第 596 行.
SQL: SHOW COLUMNS FROM `system_config` [ RunTime:0.0014s ]
SQL: SELECT `value` FROM `system_config` WHERE `name` = 'URL_MODEL' LIMIT 1   [ RunTime:0.0003s ]
INFO: Run Common\Behavior\InitModuleBehavior [ RunTime:0.003373s ]
INFO: [ app_init ] --END-- [ RunTime:0.003510s ]
INFO: [ app_begin ] --START--
INFO: Run Behavior\ReadHtmlCacheBehavior [ RunTime:0.000077s ]
SQL: SELECT `name`,`value`,`type` FROM `system_config` WHERE `status` = 1  [ RunTime:0.0002s ]
NOTIC: [2] Missing argument 2 for parse_attr(), called in /www/web/126wenren/public_html/Application/Common/Model/SystemConfigModel.class.php on line 42 and defined /www/web/126wenren/public_html/Application/Common/Common/function.php 第 7 行.
INFO: Run Common\Behavior\InitConfigBehavior [ RunTime:0.001030s ]
INFO: [ app_begin ] --END-- [ RunTime:0.001163s ]
SQL: SHOW COLUMNS FROM `member` [ RunTime:0.0010s ]
SQL: SELECT * FROM `member` WHERE `group_id` > 0 AND `member_name` = 'admin' AND `member_status` = 1 LIMIT 1   [ RunTime:0.0002s ]

[ 2018-04-19T10:23:42+08:00 ] 139.205.180.139 /Admin/Public/login
INFO: [ app_init ] --START--
INFO: Run Behavior\BuildLiteBehavior [ RunTime:0.000013s ]
NOTIC: [8] Use of undefined constant STATUS_RESUME - assumed 'STATUS_RESUME' /www/web/126wenren/public_html/ThinkPHP/Common/functions.php 第 596 行.
SQL: SHOW COLUMNS FROM `system_config` [ RunTime:0.0014s ]
SQL: SELECT `value` FROM `system_config` WHERE `name` = 'URL_MODEL' LIMIT 1   [ RunTime:0.0002s ]
INFO: Run Common\Behavior\InitModuleBehavior [ RunTime:0.003281s ]
INFO: [ app_init ] --END-- [ RunTime:0.003419s ]
INFO: [ app_begin ] --START--
INFO: Run Behavior\ReadHtmlCacheBehavior [ RunTime:0.000087s ]
SQL: SELECT `name`,`value`,`type` FROM `system_config` WHERE `status` = 1  [ RunTime:0.0002s ]
NOTIC: [2] Missing argument 2 for parse_attr(), called in /www/web/126wenren/public_html/Application/Common/Model/SystemConfigModel.class.php on line 42 and defined /www/web/126wenren/public_html/Application/Common/Common/function.php 第 7 行.

[ 2018-04-19T10:24:00+08:00 ] 139.205.180.139 /Admin/Public/login
INFO: [ app_init ] --START--
INFO: Run Behavior\BuildLiteBehavior [ RunTime:0.000013s ]
NOTIC: [8] Use of undefined constant STATUS_RESUME - assumed 'STATUS_RESUME' /www/web/126wenren/public_html/ThinkPHP/Common/functions.php 第 596 行.
SQL: SHOW COLUMNS FROM `system_config` [ RunTime:0.0014s ]
SQL: SELECT `value` FROM `system_config` WHERE `name` = 'URL_MODEL' LIMIT 1   [ RunTime:0.0002s ]
INFO: Run Common\Behavior\InitModuleBehavior [ RunTime:0.003361s ]
INFO: [ app_init ] --END-- [ RunTime:0.003493s ]
INFO: [ app_begin ] --START--
INFO: Run Behavior\ReadHtmlCacheBehavior [ RunTime:0.000073s ]
SQL: SELECT `name`,`value`,`type` FROM `system_config` WHERE `status` = 1  [ RunTime:0.0002s ]
NOTIC: [2] Missing argument 2 for parse_attr(), called in /www/web/126wenren/public_html/Application/Common/Model/SystemConfigModel.class.php on line 42 and defined /www/web/126wenren/public_html/Application/Common/Common/function.php 第 7 行.
INFO: Run Common\Behavior\InitConfigBehavior [ RunTime:0.000957s ]
INFO: [ app_begin ] --END-- [ RunTime:0.001085s ]
SQL: SHOW COLUMNS FROM `member` [ RunTime:0.0010s ]
SQL: SELECT * FROM `member` WHERE `group_id` > 0 AND `member_name` = 'admin' AND `member_status` = 1 LIMIT 1   [ RunTime:0.0003s ]

[ 2018-04-19T10:24:02+08:00 ] 139.205.180.139 /Admin/Public/login
INFO: [ app_init ] --START--
INFO: Run Behavior\BuildLiteBehavior [ RunTime:0.000014s ]
NOTIC: [8] Use of undefined constant STATUS_RESUME - assumed 'STATUS_RESUME' /www/web/126wenren/public_html/ThinkPHP/Common/functions.php 第 596 行.
SQL: SHOW COLUMNS FROM `system_config` [ RunTime:0.0014s ]
SQL: SELECT `value` FROM `system_config` WHERE `name` = 'URL_MODEL' LIMIT 1   [ RunTime:0.0002s ]
INFO: Run Common\Behavior\InitModuleBehavior [ RunTime:0.003307s ]
INFO: [ app_init ] --END-- [ RunTime:0.003464s ]
INFO: [ app_begin ] --START--
INFO: Run Behavior\ReadHtmlCacheBehavior [ RunTime:0.000098s ]
SQL: SELECT `name`,`value`,`type` FROM `system_config` WHERE `status` = 1  [ RunTime:0.0002s ]
NOTIC: [2] Missing argument 2 for parse_attr(), called in /www/web/126wenren/public_html/Application/Common/Model/SystemConfigModel.class.php on line 42 and defined /www/web/126wenren/public_html/Application/Common/Common/function.php 第 7 行.
INFO: Run Common\Behavior\InitConfigBehavior [ RunTime:0.001031s ]
INFO: [ app_begin ] --END-- [ RunTime:0.001184s ]
SQL: SHOW COLUMNS FROM `member` [ RunTime:0.0011s ]
SQL: SELECT * FROM `member` WHERE `group_id` > 0 AND `member_name` = 'admin' AND `member_status` = 1 LIMIT 1   [ RunTime:0.0003s ]

[ 2018-04-19T10:24:17+08:00 ] 139.205.180.139 /Admin/Public/login
INFO: [ app_init ] --START--
INFO: Run Behavior\BuildLiteBehavior [ RunTime:0.000013s ]
NOTIC: [8] Use of undefined constant STATUS_RESUME - assumed 'STATUS_RESUME' /www/web/126wenren/public_html/ThinkPHP/Common/functions.php 第 596 行.
SQL: SHOW COLUMNS FROM `system_config` [ RunTime:0.0014s ]
SQL: SELECT `value` FROM `system_config` WHERE `name` = 'URL_MODEL' LIMIT 1   [ RunTime:0.0002s ]
INFO: Run Common\Behavior\InitModuleBehavior [ RunTime:0.003221s ]
INFO: [ app_init ] --END-- [ RunTime:0.003355s ]
INFO: [ app_begin ] --START--
INFO: Run Behavior\ReadHtmlCacheBehavior [ RunTime:0.000087s ]
SQL: SELECT `name`,`value`,`type` FROM `system_config` WHERE `status` = 1  [ RunTime:0.0002s ]
NOTIC: [2] Missing argument 2 for parse_attr(), called in /www/web/126wenren/public_html/Application/Common/Model/SystemConfigModel.class.php on line 42 and defined /www/web/126wenren/public_html/Application/Common/Common/function.php 第 7 行.
INFO: Run Common\Behavior\InitConfigBehavior [ RunTime:0.000975s ]
INFO: [ app_begin ] --END-- [ RunTime:0.001118s ]
SQL: SHOW COLUMNS FROM `member` [ RunTime:0.0010s ]
SQL: SELECT * FROM `member` WHERE `group_id` > 0 AND `member_name` = 'admin' AND `member_status` = 1 LIMIT 1   [ RunTime:0.0003s ]
NOTIC: [2] Missing argument 2 for member_md5(), called in /www/web/126wenren/public_html/Application/Common/Model/MemberModel.class.php on line 148 and defined /www/web/126wenren/public_html/Application/Common/Common/function.php 第 302 行.
NOTIC: [8] Undefined variable: auth_key /www/web/126wenren/public_html/Application/Common/Common/function.php 第 303 行.

[ 2018-04-19T10:24:21+08:00 ] 139.205.180.139 /Admin/Public/login
INFO: [ app_init ] --START--
INFO: Run Behavior\BuildLiteBehavior [ RunTime:0.000015s ]
NOTIC: [8] Use of undefined constant STATUS_RESUME - assumed 'STATUS_RESUME' /www/web/126wenren/public_html/ThinkPHP/Common/functions.php 第 596 行.
SQL: SHOW COLUMNS FROM `system_config` [ RunTime:0.0014s ]
SQL: SELECT `value` FROM `system_config` WHERE `name` = 'URL_MODEL' LIMIT 1   [ RunTime:0.0002s ]
INFO: Run Common\Behavior\InitModuleBehavior [ RunTime:0.003434s ]
INFO: [ app_init ] --END-- [ RunTime:0.003593s ]
INFO: [ app_begin ] --START--
INFO: Run Behavior\ReadHtmlCacheBehavior [ RunTime:0.000076s ]
SQL: SELECT `name`,`value`,`type` FROM `system_config` WHERE `status` = 1  [ RunTime:0.0002s ]
NOTIC: [2] Missing argument 2 for parse_attr(), called in /www/web/126wenren/public_html/Application/Common/Model/SystemConfigModel.class.php on line 42 and defined /www/web/126wenren/public_html/Application/Common/Common/function.php 第 7 行.
INFO: Run Common\Behavior\InitConfigBehavior [ RunTime:0.000993s ]
INFO: [ app_begin ] --END-- [ RunTime:0.001132s ]
SQL: SHOW COLUMNS FROM `member` [ RunTime:0.0010s ]
SQL: SELECT * FROM `member` WHERE `group_id` > 0 AND `member_name` = 'admin' AND `member_status` = 1 LIMIT 1   [ RunTime:0.0003s ]
NOTIC: [2] Missing argument 2 for member_md5(), called in /www/web/126wenren/public_html/Application/Common/Model/MemberModel.class.php on line 148 and defined /www/web/126wenren/public_html/Application/Common/Common/function.php 第 302 行.
NOTIC: [8] Undefined variable: auth_key /www/web/126wenren/public_html/Application/Common/Common/function.php 第 303 行.
SQL: UPDATE `member` SET `member_login_num`=`member_login_num`+1,`member_last_login_time`='1524104661',`member_last_login_ip`='2345514123' WHERE `member_id` = 27 [ RunTime:0.0002s ]

[ 2018-04-19T10:24:23+08:00 ] 139.205.180.139 /Admin/Index/index.html
INFO: [ app_init ] --START--
INFO: Run Behavior\BuildLiteBehavior [ RunTime:0.000013s ]
NOTIC: [8] Use of undefined constant STATUS_RESUME - assumed 'STATUS_RESUME' /www/web/126wenren/public_html/ThinkPHP/Common/functions.php 第 596 行.
SQL: SHOW COLUMNS FROM `system_config` [ RunTime:0.0015s ]
SQL: SELECT `value` FROM `system_config` WHERE `name` = 'URL_MODEL' LIMIT 1   [ RunTime:0.0002s ]
INFO: Run Common\Behavior\InitModuleBehavior [ RunTime:0.003324s ]
INFO: [ app_init ] --END-- [ RunTime:0.003460s ]
INFO: [ app_begin ] --START--
INFO: Run Behavior\ReadHtmlCacheBehavior [ RunTime:0.000081s ]
SQL: SELECT `name`,`value`,`type` FROM `system_config` WHERE `status` = 1  [ RunTime:0.0002s ]
NOTIC: [2] Missing argument 2 for parse_attr(), called in /www/web/126wenren/public_html/Application/Common/Model/SystemConfigModel.class.php on line 42 and defined /www/web/126wenren/public_html/Application/Common/Common/function.php 第 7 行.

[ 2018-04-19T10:24:53+08:00 ] 139.205.180.139 /Admin/Member/index.html
INFO: [ app_init ] --START--
INFO: Run Behavior\BuildLiteBehavior [ RunTime:0.000013s ]
NOTIC: [8] Use of undefined constant STATUS_RESUME - assumed 'STATUS_RESUME' /www/web/126wenren/public_html/ThinkPHP/Common/functions.php 第 596 行.
SQL: SHOW COLUMNS FROM `system_config` [ RunTime:0.0014s ]
SQL: SELECT `value` FROM `system_config` WHERE `name` = 'URL_MODEL' LIMIT 1   [ RunTime:0.0002s ]
INFO: Run Common\Behavior\InitModuleBehavior [ RunTime:0.003295s ]
INFO: [ app_init ] --END-- [ RunTime:0.003441s ]
INFO: [ app_begin ] --START--
INFO: Run Behavior\ReadHtmlCacheBehavior [ RunTime:0.000095s ]
SQL: SELECT `name`,`value`,`type` FROM `system_config` WHERE `status` = 1  [ RunTime:0.0002s ]
NOTIC: [2] Missing argument 2 for parse_attr(), called in /www/web/126wenren/public_html/Application/Common/Model/SystemConfigModel.class.php on line 42 and defined /www/web/126wenren/public_html/Application/Common/Common/function.php 第 7 行.

[ 2018-04-19T10:24:57+08:00 ] 139.205.180.139 /Admin/Member/index/p/2.html
INFO: [ app_init ] --START--
INFO: Run Behavior\BuildLiteBehavior [ RunTime:0.000014s ]
NOTIC: [8] Use of undefined constant STATUS_RESUME - assumed 'STATUS_RESUME' /www/web/126wenren/public_html/ThinkPHP/Common/functions.php 第 596 行.
SQL: SHOW COLUMNS FROM `system_config` [ RunTime:0.0014s ]
SQL: SELECT `value` FROM `system_config` WHERE `name` = 'URL_MODEL' LIMIT 1   [ RunTime:0.0002s ]
INFO: Run Common\Behavior\InitModuleBehavior [ RunTime:0.003262s ]
INFO: [ app_init ] --END-- [ RunTime:0.003394s ]
INFO: [ app_begin ] --START--
INFO: Run Behavior\ReadHtmlCacheBehavior [ RunTime:0.000077s ]
SQL: SELECT `name`,`value`,`type` FROM `system_config` WHERE `status` = 1  [ RunTime:0.0002s ]
NOTIC: [2] Missing argument 2 for parse_attr(), called in /www/web/126wenren/public_html/Application/Common/Model/SystemConfigModel.class.php on line 42 and defined /www/web/126wenren/public_html/Application/Common/Common/function.php 第 7 行.

[ 2018-04-19T10:24:58+08:00 ] 139.205.180.139 /Admin/Member/index/p/3.html
INFO: [ app_init ] --START--
INFO: Run Behavior\BuildLiteBehavior [ RunTime:0.000018s ]
NOTIC: [8] Use of undefined constant STATUS_RESUME - assumed 'STATUS_RESUME' /www/web/126wenren/public_html/ThinkPHP/Common/functions.php 第 596 行.
SQL: SHOW COLUMNS FROM `system_config` [ RunTime:0.0015s ]
SQL: SELECT `value` FROM `system_config` WHERE `name` = 'URL_MODEL' LIMIT 1   [ RunTime:0.0002s ]
INFO: Run Common\Behavior\InitModuleBehavior [ RunTime:0.003400s ]
INFO: [ app_init ] --END-- [ RunTime:0.003573s ]
INFO: [ app_begin ] --START--
INFO: Run Behavior\ReadHtmlCacheBehavior [ RunTime:0.000080s ]
SQL: SELECT `name`,`value`,`type` FROM `system_config` WHERE `status` = 1  [ RunTime:0.0002s ]
NOTIC: [2] Missing argument 2 for parse_attr(), called in /www/web/126wenren/public_html/Application/Common/Model/SystemConfigModel.class.php on line 42 and defined /www/web/126wenren/public_html/Application/Common/Common/function.php 第 7 行.

[ 2018-04-19T10:25:00+08:00 ] 139.205.180.139 /Admin/Member/edit/member_id/4.html
INFO: [ app_init ] --START--
INFO: Run Behavior\BuildLiteBehavior [ RunTime:0.000013s ]
NOTIC: [8] Use of undefined constant STATUS_RESUME - assumed 'STATUS_RESUME' /www/web/126wenren/public_html/ThinkPHP/Common/functions.php 第 596 行.
SQL: SHOW COLUMNS FROM `system_config` [ RunTime:0.0014s ]
SQL: SELECT `value` FROM `system_config` WHERE `name` = 'URL_MODEL' LIMIT 1   [ RunTime:0.0002s ]
INFO: Run Common\Behavior\InitModuleBehavior [ RunTime:0.003218s ]
INFO: [ app_init ] --END-- [ RunTime:0.003349s ]
INFO: [ app_begin ] --START--
INFO: Run Behavior\ReadHtmlCacheBehavior [ RunTime:0.000078s ]
SQL: SELECT `name`,`value`,`type` FROM `system_config` WHERE `status` = 1  [ RunTime:0.0002s ]
NOTIC: [2] Missing argument 2 for parse_attr(), called in /www/web/126wenren/public_html/Application/Common/Model/SystemConfigModel.class.php on line 42 and defined /www/web/126wenren/public_html/Application/Common/Common/function.php 第 7 行.

[ 2018-04-19T10:25:26+08:00 ] 139.205.180.139 /Admin/Member/index/p/2.html
INFO: [ app_init ] --START--
INFO: Run Behavior\BuildLiteBehavior [ RunTime:0.000014s ]
NOTIC: [8] Use of undefined constant STATUS_RESUME - assumed 'STATUS_RESUME' /www/web/126wenren/public_html/ThinkPHP/Common/functions.php 第 596 行.
SQL: SHOW COLUMNS FROM `system_config` [ RunTime:0.0014s ]
SQL: SELECT `value` FROM `system_config` WHERE `name` = 'URL_MODEL' LIMIT 1   [ RunTime:0.0002s ]
INFO: Run Common\Behavior\InitModuleBehavior [ RunTime:0.003295s ]
INFO: [ app_init ] --END-- [ RunTime:0.003439s ]
INFO: [ app_begin ] --START--
INFO: Run Behavior\ReadHtmlCacheBehavior [ RunTime:0.000091s ]
SQL: SELECT `name`,`value`,`type` FROM `system_config` WHERE `status` = 1  [ RunTime:0.0002s ]
NOTIC: [2] Missing argument 2 for parse_attr(), called in /www/web/126wenren/public_html/Application/Common/Model/SystemConfigModel.class.php on line 42 and defined /www/web/126wenren/public_html/Application/Common/Common/function.php 第 7 行.

[ 2018-04-19T10:25:28+08:00 ] 139.205.180.139 /Admin/Member/index/p/1.html
INFO: [ app_init ] --START--
INFO: Run Behavior\BuildLiteBehavior [ RunTime:0.000013s ]
NOTIC: [8] Use of undefined constant STATUS_RESUME - assumed 'STATUS_RESUME' /www/web/126wenren/public_html/ThinkPHP/Common/functions.php 第 596 行.
SQL: SHOW COLUMNS FROM `system_config` [ RunTime:0.0015s ]
SQL: SELECT `value` FROM `system_config` WHERE `name` = 'URL_MODEL' LIMIT 1   [ RunTime:0.0002s ]
INFO: Run Common\Behavior\InitModuleBehavior [ RunTime:0.003335s ]
INFO: [ app_init ] --END-- [ RunTime:0.003470s ]
INFO: [ app_begin ] --START--
INFO: Run Behavior\ReadHtmlCacheBehavior [ RunTime:0.000081s ]
SQL: SELECT `name`,`value`,`type` FROM `system_config` WHERE `status` = 1  [ RunTime:0.0002s ]
NOTIC: [2] Missing argument 2 for parse_attr(), called in /www/web/126wenren/public_html/Application/Common/Model/SystemConfigModel.class.php on line 42 and defined /www/web/126wenren/public_html/Application/Common/Common/function.php 第 7 行.

[ 2018-04-19T11:43:22+08:00 ] 139.205.180.139 /Admin/Public/Login
INFO: [ app_init ] --START--
INFO: Run Behavior\BuildLiteBehavior [ RunTime:0.000012s ]
NOTIC: [8] Use of undefined constant STATUS_RESUME - assumed 'STATUS_RESUME' /www/web/126wenren/public_html/ThinkPHP/Common/functions.php 第 596 行.
SQL: SHOW COLUMNS FROM `system_config` [ RunTime:0.0015s ]
SQL: SELECT `value` FROM `system_config` WHERE `name` = 'URL_MODEL' LIMIT 1   [ RunTime:0.0002s ]
INFO: Run Common\Behavior\InitModuleBehavior [ RunTime:0.003394s ]
INFO: [ app_init ] --END-- [ RunTime:0.003525s ]
INFO: [ app_begin ] --START--
INFO: Run Behavior\ReadHtmlCacheBehavior [ RunTime:0.000100s ]
SQL: SELECT `name`,`value`,`type` FROM `system_config` WHERE `status` = 1  [ RunTime:0.0002s ]
NOTIC: [2] Missing argument 2 for parse_attr(), called in /www/web/126wenren/public_html/Application/Common/Model/SystemConfigModel.class.php on line 42 and defined /www/web/126wenren/public_html/Application/Common/Common/function.php 第 7 行.
ERR: 模板不存在:./Application/Admin/View/Public/Login.html

[ 2018-04-19T11:43:30+08:00 ] 139.205.180.139 /Admin/Public/login
INFO: [ app_init ] --START--
INFO: Run Behavior\BuildLiteBehavior [ RunTime:0.000014s ]
NOTIC: [8] Use of undefined constant STATUS_RESUME - assumed 'STATUS_RESUME' /www/web/126wenren/public_html/ThinkPHP/Common/functions.php 第 596 行.
SQL: SHOW COLUMNS FROM `system_config` [ RunTime:0.0014s ]
SQL: SELECT `value` FROM `system_config` WHERE `name` = 'URL_MODEL' LIMIT 1   [ RunTime:0.0002s ]
INFO: Run Common\Behavior\InitModuleBehavior [ RunTime:0.003241s ]
INFO: [ app_init ] --END-- [ RunTime:0.003382s ]
INFO: [ app_begin ] --START--
INFO: Run Behavior\ReadHtmlCacheBehavior [ RunTime:0.000074s ]
SQL: SELECT `name`,`value`,`type` FROM `system_config` WHERE `status` = 1  [ RunTime:0.0002s ]
NOTIC: [2] Missing argument 2 for parse_attr(), called in /www/web/126wenren/public_html/Application/Common/Model/SystemConfigModel.class.php on line 42 and defined /www/web/126wenren/public_html/Application/Common/Common/function.php 第 7 行.

[ 2018-04-19T11:43:35+08:00 ] 139.205.180.139 /Admin/Public/login
INFO: [ app_init ] --START--
INFO: Run Behavior\BuildLiteBehavior [ RunTime:0.000013s ]
NOTIC: [8] Use of undefined constant STATUS_RESUME - assumed 'STATUS_RESUME' /www/web/126wenren/public_html/ThinkPHP/Common/functions.php 第 596 行.
SQL: SHOW COLUMNS FROM `system_config` [ RunTime:0.0014s ]
SQL: SELECT `value` FROM `system_config` WHERE `name` = 'URL_MODEL' LIMIT 1   [ RunTime:0.0002s ]
INFO: Run Common\Behavior\InitModuleBehavior [ RunTime:0.003301s ]
INFO: [ app_init ] --END-- [ RunTime:0.003439s ]
INFO: [ app_begin ] --START--
INFO: Run Behavior\ReadHtmlCacheBehavior [ RunTime:0.000076s ]
SQL: SELECT `name`,`value`,`type` FROM `system_config` WHERE `status` = 1  [ RunTime:0.0002s ]
NOTIC: [2] Missing argument 2 for parse_attr(), called in /www/web/126wenren/public_html/Application/Common/Model/SystemConfigModel.class.php on line 42 and defined /www/web/126wenren/public_html/Application/Common/Common/function.php 第 7 行.
INFO: Run Common\Behavior\InitConfigBehavior [ RunTime:0.000966s ]
INFO: [ app_begin ] --END-- [ RunTime:0.001096s ]
SQL: SHOW COLUMNS FROM `member` [ RunTime:0.0010s ]
SQL: SELECT * FROM `member` WHERE `group_id` > 0 AND `member_name` = 'admin' AND `member_status` = 1 LIMIT 1   [ RunTime:0.0002s ]
NOTIC: [2] Missing argument 2 for member_md5(), called in /www/web/126wenren/public_html/Application/Common/Model/MemberModel.class.php on line 148 and defined /www/web/126wenren/public_html/Application/Common/Common/function.php 第 302 行.
NOTIC: [8] Undefined variable: auth_key /www/web/126wenren/public_html/Application/Common/Common/function.php 第 303 行.
SQL: UPDATE `member` SET `member_login_num`=`member_login_num`+1,`member_last_login_time`='1524109415',`member_last_login_ip`='2345514123' WHERE `member_id` = 27 [ RunTime:0.0002s ]

[ 2018-04-19T11:43:37+08:00 ] 139.205.180.139 /Admin/Index/index.html
INFO: [ app_init ] --START--
INFO: Run Behavior\BuildLiteBehavior [ RunTime:0.000012s ]
NOTIC: [8] Use of undefined constant STATUS_RESUME - assumed 'STATUS_RESUME' /www/web/126wenren/public_html/ThinkPHP/Common/functions.php 第 596 行.
SQL: SHOW COLUMNS FROM `system_config` [ RunTime:0.0014s ]
SQL: SELECT `value` FROM `system_config` WHERE `name` = 'URL_MODEL' LIMIT 1   [ RunTime:0.0003s ]
INFO: Run Common\Behavior\InitModuleBehavior [ RunTime:0.003539s ]
INFO: [ app_init ] --END-- [ RunTime:0.003695s ]
INFO: [ app_begin ] --START--
INFO: Run Behavior\ReadHtmlCacheBehavior [ RunTime:0.000081s ]
SQL: SELECT `name`,`value`,`type` FROM `system_config` WHERE `status` = 1  [ RunTime:0.0002s ]
NOTIC: [2] Missing argument 2 for parse_attr(), called in /www/web/126wenren/public_html/Application/Common/Model/SystemConfigModel.class.php on line 42 and defined /www/web/126wenren/public_html/Application/Common/Common/function.php 第 7 行.

[ 2018-04-19T11:43:39+08:00 ] 139.205.180.139 /Admin/Member/index.html
INFO: [ app_init ] --START--
INFO: Run Behavior\BuildLiteBehavior [ RunTime:0.000014s ]
NOTIC: [8] Use of undefined constant STATUS_RESUME - assumed 'STATUS_RESUME' /www/web/126wenren/public_html/ThinkPHP/Common/functions.php 第 596 行.
SQL: SHOW COLUMNS FROM `system_config` [ RunTime:0.0014s ]
SQL: SELECT `value` FROM `system_config` WHERE `name` = 'URL_MODEL' LIMIT 1   [ RunTime:0.0002s ]
INFO: Run Common\Behavior\InitModuleBehavior [ RunTime:0.003320s ]
INFO: [ app_init ] --END-- [ RunTime:0.003456s ]
INFO: [ app_begin ] --START--
INFO: Run Behavior\ReadHtmlCacheBehavior [ RunTime:0.000076s ]
SQL: SELECT `name`,`value`,`type` FROM `system_config` WHERE `status` = 1  [ RunTime:0.0002s ]
NOTIC: [2] Missing argument 2 for parse_attr(), called in /www/web/126wenren/public_html/Application/Common/Model/SystemConfigModel.class.php on line 42 and defined /www/web/126wenren/public_html/Application/Common/Common/function.php 第 7 行.

[ 2018-04-19T11:43:41+08:00 ] 139.205.180.139 /Admin/SystemConfig/group.html
INFO: [ app_init ] --START--
INFO: Run Behavior\BuildLiteBehavior [ RunTime:0.000014s ]
NOTIC: [8] Use of undefined constant STATUS_RESUME - assumed 'STATUS_RESUME' /www/web/126wenren/public_html/ThinkPHP/Common/functions.php 第 596 行.
SQL: SHOW COLUMNS FROM `system_config` [ RunTime:0.0015s ]
SQL: SELECT `value` FROM `system_config` WHERE `name` = 'URL_MODEL' LIMIT 1   [ RunTime:0.0002s ]
INFO: Run Common\Behavior\InitModuleBehavior [ RunTime:0.003455s ]
INFO: [ app_init ] --END-- [ RunTime:0.003599s ]
INFO: [ app_begin ] --START--
INFO: Run Behavior\ReadHtmlCacheBehavior [ RunTime:0.000092s ]
SQL: SELECT `name`,`value`,`type` FROM `system_config` WHERE `status` = 1  [ RunTime:0.0003s ]
NOTIC: [2] Missing argument 2 for parse_attr(), called in /www/web/126wenren/public_html/Application/Common/Model/SystemConfigModel.class.php on line 42 and defined /www/web/126wenren/public_html/Application/Common/Common/function.php 第 7 行.

[ 2018-04-19T11:43:43+08:00 ] 139.205.180.139 /Admin/Member/index.html
INFO: [ app_init ] --START--
INFO: Run Behavior\BuildLiteBehavior [ RunTime:0.000017s ]
NOTIC: [8] Use of undefined constant STATUS_RESUME - assumed 'STATUS_RESUME' /www/web/126wenren/public_html/ThinkPHP/Common/functions.php 第 596 行.
SQL: SHOW COLUMNS FROM `system_config` [ RunTime:0.0016s ]
SQL: SELECT `value` FROM `system_config` WHERE `name` = 'URL_MODEL' LIMIT 1   [ RunTime:0.0003s ]
INFO: Run Common\Behavior\InitModuleBehavior [ RunTime:0.003958s ]
INFO: [ app_init ] --END-- [ RunTime:0.004134s ]
INFO: [ app_begin ] --START--
INFO: Run Behavior\ReadHtmlCacheBehavior [ RunTime:0.000077s ]
SQL: SELECT `name`,`value`,`type` FROM `system_config` WHERE `status` = 1  [ RunTime:0.0002s ]
NOTIC: [2] Missing argument 2 for parse_attr(), called in /www/web/126wenren/public_html/Application/Common/Model/SystemConfigModel.class.php on line 42 and defined /www/web/126wenren/public_html/Application/Common/Common/function.php 第 7 行.

[ 2018-04-19T11:43:47+08:00 ] 139.205.180.139 /Admin/Member/edit/member_id/26.html
INFO: [ app_init ] --START--
INFO: Run Behavior\BuildLiteBehavior [ RunTime:0.000014s ]
NOTIC: [8] Use of undefined constant STATUS_RESUME - assumed 'STATUS_RESUME' /www/web/126wenren/public_html/ThinkPHP/Common/functions.php 第 596 行.
SQL: SHOW COLUMNS FROM `system_config` [ RunTime:0.0014s ]
SQL: SELECT `value` FROM `system_config` WHERE `name` = 'URL_MODEL' LIMIT 1   [ RunTime:0.0002s ]
INFO: Run Common\Behavior\InitModuleBehavior [ RunTime:0.003204s ]
INFO: [ app_init ] --END-- [ RunTime:0.003351s ]
INFO: [ app_begin ] --START--
INFO: Run Behavior\ReadHtmlCacheBehavior [ RunTime:0.000077s ]
SQL: SELECT `name`,`value`,`type` FROM `system_config` WHERE `status` = 1  [ RunTime:0.0002s ]
NOTIC: [2] Missing argument 2 for parse_attr(), called in /www/web/126wenren/public_html/Application/Common/Model/SystemConfigModel.class.php on line 42 and defined /www/web/126wenren/public_html/Application/Common/Common/function.php 第 7 行.

[ 2018-04-19T12:49:05+08:00 ] 178.140.176.46 /index.php/admin
INFO: [ app_init ] --START--
INFO: Run Behavior\BuildLiteBehavior [ RunTime:0.000013s ]
NOTIC: [8] Use of undefined constant STATUS_RESUME - assumed 'STATUS_RESUME' /www/web/126wenren/public_html/ThinkPHP/Common/functions.php 第 596 行.
SQL: SHOW COLUMNS FROM `system_config` [ RunTime:0.0015s ]
SQL: SELECT `value` FROM `system_config` WHERE `name` = 'URL_MODEL' LIMIT 1   [ RunTime:0.0002s ]
INFO: Run Common\Behavior\InitModuleBehavior [ RunTime:0.003499s ]
INFO: [ app_init ] --END-- [ RunTime:0.003638s ]
INFO: [ app_begin ] --START--
INFO: Run Behavior\ReadHtmlCacheBehavior [ RunTime:0.000096s ]
SQL: SELECT `name`,`value`,`type` FROM `system_config` WHERE `status` = 1  [ RunTime:0.0002s ]
NOTIC: [2] Missing argument 2 for parse_attr(), called in /www/web/126wenren/public_html/Application/Common/Model/SystemConfigModel.class.php on line 42 and defined /www/web/126wenren/public_html/Application/Common/Common/function.php 第 7 行.

[ 2018-04-19T12:49:07+08:00 ] 178.140.176.46 /Admin/Public/login.html
INFO: [ app_init ] --START--
INFO: Run Behavior\BuildLiteBehavior [ RunTime:0.000014s ]
NOTIC: [8] Use of undefined constant STATUS_RESUME - assumed 'STATUS_RESUME' /www/web/126wenren/public_html/ThinkPHP/Common/functions.php 第 596 行.
SQL: SHOW COLUMNS FROM `system_config` [ RunTime:0.0014s ]
SQL: SELECT `value` FROM `system_config` WHERE `name` = 'URL_MODEL' LIMIT 1   [ RunTime:0.0002s ]
INFO: Run Common\Behavior\InitModuleBehavior [ RunTime:0.003294s ]
INFO: [ app_init ] --END-- [ RunTime:0.003445s ]
INFO: [ app_begin ] --START--
INFO: Run Behavior\ReadHtmlCacheBehavior [ RunTime:0.000079s ]
SQL: SELECT `name`,`value`,`type` FROM `system_config` WHERE `status` = 1  [ RunTime:0.0002s ]
NOTIC: [2] Missing argument 2 for parse_attr(), called in /www/web/126wenren/public_html/Application/Common/Model/SystemConfigModel.class.php on line 42 and defined /www/web/126wenren/public_html/Application/Common/Common/function.php 第 7 行.

[ 2018-04-19T14:04:22+08:00 ] 139.205.180.139 /Admin/Public/login
INFO: [ app_init ] --START--
INFO: Run Behavior\BuildLiteBehavior [ RunTime:0.000014s ]
NOTIC: [8] Use of undefined constant STATUS_RESUME - assumed 'STATUS_RESUME' /www/web/126wenren/public_html/ThinkPHP/Common/functions.php 第 596 行.
SQL: SHOW COLUMNS FROM `system_config` [ RunTime:0.0014s ]
SQL: SELECT `value` FROM `system_config` WHERE `name` = 'URL_MODEL' LIMIT 1   [ RunTime:0.0003s ]
INFO: Run Common\Behavior\InitModuleBehavior [ RunTime:0.003447s ]
INFO: [ app_init ] --END-- [ RunTime:0.003592s ]
INFO: [ app_begin ] --START--
INFO: Run Behavior\ReadHtmlCacheBehavior [ RunTime:0.000072s ]
SQL: SELECT `name`,`value`,`type` FROM `system_config` WHERE `status` = 1  [ RunTime:0.0002s ]
NOTIC: [2] Missing argument 2 for parse_attr(), called in /www/web/126wenren/public_html/Application/Common/Model/SystemConfigModel.class.php on line 42 and defined /www/web/126wenren/public_html/Application/Common/Common/function.php 第 7 行.

[ 2018-04-19T14:04:22+08:00 ] 139.205.180.139 /Admin/Index/index.html
INFO: [ app_init ] --START--
INFO: Run Behavior\BuildLiteBehavior [ RunTime:0.000013s ]
NOTIC: [8] Use of undefined constant STATUS_RESUME - assumed 'STATUS_RESUME' /www/web/126wenren/public_html/ThinkPHP/Common/functions.php 第 596 行.
SQL: SHOW COLUMNS FROM `system_config` [ RunTime:0.0012s ]
SQL: SELECT `value` FROM `system_config` WHERE `name` = 'URL_MODEL' LIMIT 1   [ RunTime:0.0002s ]
INFO: Run Common\Behavior\InitModuleBehavior [ RunTime:0.003067s ]
INFO: [ app_init ] --END-- [ RunTime:0.003213s ]
INFO: [ app_begin ] --START--
INFO: Run Behavior\ReadHtmlCacheBehavior [ RunTime:0.000078s ]
SQL: SELECT `name`,`value`,`type` FROM `system_config` WHERE `status` = 1  [ RunTime:0.0002s ]
NOTIC: [2] Missing argument 2 for parse_attr(), called in /www/web/126wenren/public_html/Application/Common/Model/SystemConfigModel.class.php on line 42 and defined /www/web/126wenren/public_html/Application/Common/Common/function.php 第 7 行.

