[ 2018-04-01T15:44:27+08:00 ] ::1 /space/index.php/Feed/feed_top.html
INFO: [ app_init ] --START--
INFO: Run Behavior\BuildLiteBehavior [ RunTime:0.000014s ]
NOTIC: [8] Use of undefined constant STATUS_RESUME - assumed 'STATUS_RESUME' /Applications/XAMPP/xamppfiles/htdocs/space/ThinkPHP/Common/functions.php 第 596 行.
SQL: SHOW COLUMNS FROM `system_config` [ RunTime:0.0023s ]
SQL: SELECT `value` FROM `system_config` WHERE `name` = 'URL_MODEL' LIMIT 1   [ RunTime:0.0003s ]
INFO: Run Common\Behavior\InitModuleBehavior [ RunTime:0.017732s ]
INFO: [ app_init ] --END-- [ RunTime:0.018469s ]
INFO: [ app_begin ] --START--
INFO: Run Behavior\ReadHtmlCacheBehavior [ RunTime:0.001814s ]
SQL: SELECT `name`,`value`,`type` FROM `system_config` WHERE `status` = 1  [ RunTime:0.0004s ]
NOTIC: [2] Missing argument 2 for parse_attr(), called in /Applications/XAMPP/xamppfiles/htdocs/space/Application/Common/Model/SystemConfigModel.class.php on line 42 and defined /Applications/XAMPP/xamppfiles/htdocs/space/Application/Common/Common/function.php 第 7 行.
INFO: Run Common\Behavior\InitConfigBehavior [ RunTime:0.008682s ]
INFO: [ app_begin ] --END-- [ RunTime:0.010658s ]
ERR: syntax error, unexpected '）' (T_STRING), expecting ',' or ')'

[ 2018-04-01T15:44:56+08:00 ] ::1 /space/index.php/Feed/feed_top.html
INFO: [ app_init ] --START--
INFO: Run Behavior\BuildLiteBehavior [ RunTime:0.000018s ]
NOTIC: [8] Use of undefined constant STATUS_RESUME - assumed 'STATUS_RESUME' /Applications/XAMPP/xamppfiles/htdocs/space/ThinkPHP/Common/functions.php 第 596 行.
SQL: SHOW COLUMNS FROM `system_config` [ RunTime:0.0026s ]
SQL: SELECT `value` FROM `system_config` WHERE `name` = 'URL_MODEL' LIMIT 1   [ RunTime:0.0003s ]
INFO: Run Common\Behavior\InitModuleBehavior [ RunTime:0.028698s ]
INFO: [ app_init ] --END-- [ RunTime:0.030207s ]
INFO: [ app_begin ] --START--
INFO: Run Behavior\ReadHtmlCacheBehavior [ RunTime:0.000318s ]
SQL: SELECT `name`,`value`,`type` FROM `system_config` WHERE `status` = 1  [ RunTime:0.0003s ]
NOTIC: [2] Missing argument 2 for parse_attr(), called in /Applications/XAMPP/xamppfiles/htdocs/space/Application/Common/Model/SystemConfigModel.class.php on line 42 and defined /Applications/XAMPP/xamppfiles/htdocs/space/Application/Common/Common/function.php 第 7 行.
INFO: Run Common\Behavior\InitConfigBehavior [ RunTime:0.001674s ]
INFO: [ app_begin ] --END-- [ RunTime:0.002149s ]
ERR: syntax error, unexpected '）' (T_STRING), expecting ',' or ')'

[ 2018-04-01T15:45:02+08:00 ] ::1 /space/index.php/Feed/feed_top.html
INFO: [ app_init ] --START--
INFO: Run Behavior\BuildLiteBehavior [ RunTime:0.000013s ]
NOTIC: [8] Use of undefined constant STATUS_RESUME - assumed 'STATUS_RESUME' /Applications/XAMPP/xamppfiles/htdocs/space/ThinkPHP/Common/functions.php 第 596 行.
SQL: SHOW COLUMNS FROM `system_config` [ RunTime:0.0057s ]
SQL: SELECT `value` FROM `system_config` WHERE `name` = 'URL_MODEL' LIMIT 1   [ RunTime:0.0005s ]
INFO: Run Common\Behavior\InitModuleBehavior [ RunTime:0.021968s ]
INFO: [ app_init ] --END-- [ RunTime:0.022743s ]
INFO: [ app_begin ] --START--
INFO: Run Behavior\ReadHtmlCacheBehavior [ RunTime:0.000482s ]
SQL: SELECT `name`,`value`,`type` FROM `system_config` WHERE `status` = 1  [ RunTime:0.0003s ]
NOTIC: [2] Missing argument 2 for parse_attr(), called in /Applications/XAMPP/xamppfiles/htdocs/space/Application/Common/Model/SystemConfigModel.class.php on line 42 and defined /Applications/XAMPP/xamppfiles/htdocs/space/Application/Common/Common/function.php 第 7 行.
INFO: Run Common\Behavior\InitConfigBehavior [ RunTime:0.001812s ]
INFO: [ app_begin ] --END-- [ RunTime:0.002351s ]
ERR: syntax error, unexpected '）' (T_STRING), expecting ',' or ')'

[ 2018-04-01T15:45:29+08:00 ] ::1 /space/index.php/Feed/feed_top.html
INFO: [ app_init ] --START--
INFO: Run Behavior\BuildLiteBehavior [ RunTime:0.000009s ]
NOTIC: [8] Use of undefined constant STATUS_RESUME - assumed 'STATUS_RESUME' /Applications/XAMPP/xamppfiles/htdocs/space/ThinkPHP/Common/functions.php 第 596 行.
SQL: SHOW COLUMNS FROM `system_config` [ RunTime:0.0026s ]
SQL: SELECT `value` FROM `system_config` WHERE `name` = 'URL_MODEL' LIMIT 1   [ RunTime:0.0005s ]
INFO: Run Common\Behavior\InitModuleBehavior [ RunTime:0.008800s ]
INFO: [ app_init ] --END-- [ RunTime:0.009116s ]
INFO: [ app_begin ] --START--
INFO: Run Behavior\ReadHtmlCacheBehavior [ RunTime:0.000485s ]
SQL: SELECT `name`,`value`,`type` FROM `system_config` WHERE `status` = 1  [ RunTime:0.0004s ]
NOTIC: [2] Missing argument 2 for parse_attr(), called in /Applications/XAMPP/xamppfiles/htdocs/space/Application/Common/Model/SystemConfigModel.class.php on line 42 and defined /Applications/XAMPP/xamppfiles/htdocs/space/Application/Common/Common/function.php 第 7 行.
INFO: Run Common\Behavior\InitConfigBehavior [ RunTime:0.001506s ]
INFO: [ app_begin ] --END-- [ RunTime:0.002056s ]
ERR: syntax error, unexpected '）' (T_STRING), expecting ',' or ')'

[ 2018-04-01T15:45:45+08:00 ] ::1 /space/index.php/Feed/feed_top.html
INFO: [ app_init ] --START--
INFO: Run Behavior\BuildLiteBehavior [ RunTime:0.000011s ]
NOTIC: [8] Use of undefined constant STATUS_RESUME - assumed 'STATUS_RESUME' /Applications/XAMPP/xamppfiles/htdocs/space/ThinkPHP/Common/functions.php 第 596 行.
SQL: SHOW COLUMNS FROM `system_config` [ RunTime:0.0024s ]
SQL: SELECT `value` FROM `system_config` WHERE `name` = 'URL_MODEL' LIMIT 1   [ RunTime:0.0003s ]
INFO: Run Common\Behavior\InitModuleBehavior [ RunTime:0.010442s ]
INFO: [ app_init ] --END-- [ RunTime:0.010756s ]
INFO: [ app_begin ] --START--
INFO: Run Behavior\ReadHtmlCacheBehavior [ RunTime:0.000335s ]
SQL: SELECT `name`,`value`,`type` FROM `system_config` WHERE `status` = 1  [ RunTime:0.0004s ]
NOTIC: [2] Missing argument 2 for parse_attr(), called in /Applications/XAMPP/xamppfiles/htdocs/space/Application/Common/Model/SystemConfigModel.class.php on line 42 and defined /Applications/XAMPP/xamppfiles/htdocs/space/Application/Common/Common/function.php 第 7 行.
INFO: Run Common\Behavior\InitConfigBehavior [ RunTime:0.001698s ]
INFO: [ app_begin ] --END-- [ RunTime:0.002082s ]
ERR: syntax error, unexpected '）' (T_STRING), expecting ',' or ')'

[ 2018-04-01T15:45:58+08:00 ] ::1 /space/index.php/Feed/feed_top.html
INFO: [ app_init ] --START--
INFO: Run Behavior\BuildLiteBehavior [ RunTime:0.000007s ]
NOTIC: [8] Use of undefined constant STATUS_RESUME - assumed 'STATUS_RESUME' /Applications/XAMPP/xamppfiles/htdocs/space/ThinkPHP/Common/functions.php 第 596 行.
SQL: SHOW COLUMNS FROM `system_config` [ RunTime:0.0035s ]
SQL: SELECT `value` FROM `system_config` WHERE `name` = 'URL_MODEL' LIMIT 1   [ RunTime:0.0003s ]
INFO: Run Common\Behavior\InitModuleBehavior [ RunTime:0.009006s ]
INFO: [ app_init ] --END-- [ RunTime:0.009231s ]
INFO: [ app_begin ] --START--
INFO: Run Behavior\ReadHtmlCacheBehavior [ RunTime:0.000937s ]
SQL: SELECT `name`,`value`,`type` FROM `system_config` WHERE `status` = 1  [ RunTime:0.0022s ]
NOTIC: [2] Missing argument 2 for parse_attr(), called in /Applications/XAMPP/xamppfiles/htdocs/space/Application/Common/Model/SystemConfigModel.class.php on line 42 and defined /Applications/XAMPP/xamppfiles/htdocs/space/Application/Common/Common/function.php 第 7 行.
INFO: Run Common\Behavior\InitConfigBehavior [ RunTime:0.004025s ]
INFO: [ app_begin ] --END-- [ RunTime:0.005347s ]
ERR: syntax error, unexpected '）' (T_STRING), expecting ',' or ')'

[ 2018-04-01T15:46:03+08:00 ] ::1 /space/index.php/Feed/feed_top.html
INFO: [ app_init ] --START--
INFO: Run Behavior\BuildLiteBehavior [ RunTime:0.000010s ]
NOTIC: [8] Use of undefined constant STATUS_RESUME - assumed 'STATUS_RESUME' /Applications/XAMPP/xamppfiles/htdocs/space/ThinkPHP/Common/functions.php 第 596 行.
SQL: SHOW COLUMNS FROM `system_config` [ RunTime:0.0037s ]
SQL: SELECT `value` FROM `system_config` WHERE `name` = 'URL_MODEL' LIMIT 1   [ RunTime:0.0004s ]
INFO: Run Common\Behavior\InitModuleBehavior [ RunTime:0.010293s ]
INFO: [ app_init ] --END-- [ RunTime:0.010752s ]
INFO: [ app_begin ] --START--
INFO: Run Behavior\ReadHtmlCacheBehavior [ RunTime:0.000336s ]
SQL: SELECT `name`,`value`,`type` FROM `system_config` WHERE `status` = 1  [ RunTime:0.0004s ]
NOTIC: [2] Missing argument 2 for parse_attr(), called in /Applications/XAMPP/xamppfiles/htdocs/space/Application/Common/Model/SystemConfigModel.class.php on line 42 and defined /Applications/XAMPP/xamppfiles/htdocs/space/Application/Common/Common/function.php 第 7 行.
INFO: Run Common\Behavior\InitConfigBehavior [ RunTime:0.001675s ]
INFO: [ app_begin ] --END-- [ RunTime:0.002055s ]
ERR: syntax error, unexpected '）' (T_STRING), expecting ',' or ')'

[ 2018-04-01T15:46:35+08:00 ] ::1 /space/index.php/Feed/feed_top.html
INFO: [ app_init ] --START--
INFO: Run Behavior\BuildLiteBehavior [ RunTime:0.000006s ]
NOTIC: [8] Use of undefined constant STATUS_RESUME - assumed 'STATUS_RESUME' /Applications/XAMPP/xamppfiles/htdocs/space/ThinkPHP/Common/functions.php 第 596 行.
SQL: SHOW COLUMNS FROM `system_config` [ RunTime:0.0023s ]
SQL: SELECT `value` FROM `system_config` WHERE `name` = 'URL_MODEL' LIMIT 1   [ RunTime:0.0004s ]
INFO: Run Common\Behavior\InitModuleBehavior [ RunTime:0.010905s ]
INFO: [ app_init ] --END-- [ RunTime:0.011099s ]
INFO: [ app_begin ] --START--
INFO: Run Behavior\ReadHtmlCacheBehavior [ RunTime:0.000269s ]
SQL: SELECT `name`,`value`,`type` FROM `system_config` WHERE `status` = 1  [ RunTime:0.0005s ]
NOTIC: [2] Missing argument 2 for parse_attr(), called in /Applications/XAMPP/xamppfiles/htdocs/space/Application/Common/Model/SystemConfigModel.class.php on line 42 and defined /Applications/XAMPP/xamppfiles/htdocs/space/Application/Common/Common/function.php 第 7 行.
INFO: Run Common\Behavior\InitConfigBehavior [ RunTime:0.001938s ]
INFO: [ app_begin ] --END-- [ RunTime:0.002248s ]
ERR: syntax error, unexpected '）' (T_STRING), expecting ',' or ')'

[ 2018-04-01T15:46:58+08:00 ] ::1 /space/index.php/Feed/feed_top.html
INFO: [ app_init ] --START--
INFO: Run Behavior\BuildLiteBehavior [ RunTime:0.000012s ]
NOTIC: [8] Use of undefined constant STATUS_RESUME - assumed 'STATUS_RESUME' /Applications/XAMPP/xamppfiles/htdocs/space/ThinkPHP/Common/functions.php 第 596 行.
SQL: SHOW COLUMNS FROM `system_config` [ RunTime:0.0042s ]
SQL: SELECT `value` FROM `system_config` WHERE `name` = 'URL_MODEL' LIMIT 1   [ RunTime:0.0007s ]
INFO: Run Common\Behavior\InitModuleBehavior [ RunTime:0.027571s ]
INFO: [ app_init ] --END-- [ RunTime:0.027993s ]
INFO: [ app_begin ] --START--
INFO: Run Behavior\ReadHtmlCacheBehavior [ RunTime:0.000426s ]
SQL: SELECT `name`,`value`,`type` FROM `system_config` WHERE `status` = 1  [ RunTime:0.0004s ]
NOTIC: [2] Missing argument 2 for parse_attr(), called in /Applications/XAMPP/xamppfiles/htdocs/space/Application/Common/Model/SystemConfigModel.class.php on line 42 and defined /Applications/XAMPP/xamppfiles/htdocs/space/Application/Common/Common/function.php 第 7 行.
INFO: Run Common\Behavior\InitConfigBehavior [ RunTime:0.002011s ]
INFO: [ app_begin ] --END-- [ RunTime:0.002500s ]
ERR: syntax error, unexpected '）' (T_STRING), expecting ',' or ')'

[ 2018-04-01T15:48:53+08:00 ] ::1 /space/index.php/Feed/feed_top.html
INFO: [ app_init ] --START--
INFO: Run Behavior\BuildLiteBehavior [ RunTime:0.000008s ]
NOTIC: [8] Use of undefined constant STATUS_RESUME - assumed 'STATUS_RESUME' /Applications/XAMPP/xamppfiles/htdocs/space/ThinkPHP/Common/functions.php 第 596 行.
SQL: SHOW COLUMNS FROM `system_config` [ RunTime:0.0032s ]
SQL: SELECT `value` FROM `system_config` WHERE `name` = 'URL_MODEL' LIMIT 1   [ RunTime:0.0003s ]
INFO: Run Common\Behavior\InitModuleBehavior [ RunTime:0.009429s ]
INFO: [ app_init ] --END-- [ RunTime:0.009690s ]
INFO: [ app_begin ] --START--
INFO: Run Behavior\ReadHtmlCacheBehavior [ RunTime:0.000261s ]
SQL: SELECT `name`,`value`,`type` FROM `system_config` WHERE `status` = 1  [ RunTime:0.0004s ]
NOTIC: [2] Missing argument 2 for parse_attr(), called in /Applications/XAMPP/xamppfiles/htdocs/space/Application/Common/Model/SystemConfigModel.class.php on line 42 and defined /Applications/XAMPP/xamppfiles/htdocs/space/Application/Common/Common/function.php 第 7 行.
INFO: Run Common\Behavior\InitConfigBehavior [ RunTime:0.001787s ]
INFO: [ app_begin ] --END-- [ RunTime:0.002085s ]
ERR: syntax error, unexpected '）' (T_STRING), expecting ',' or ')'

[ 2018-04-01T15:49:12+08:00 ] ::1 /space/index.php/Feed/feed_top.html
INFO: [ app_init ] --START--
INFO: Run Behavior\BuildLiteBehavior [ RunTime:0.000008s ]
NOTIC: [8] Use of undefined constant STATUS_RESUME - assumed 'STATUS_RESUME' /Applications/XAMPP/xamppfiles/htdocs/space/ThinkPHP/Common/functions.php 第 596 行.
SQL: SHOW COLUMNS FROM `system_config` [ RunTime:0.0035s ]
SQL: SELECT `value` FROM `system_config` WHERE `name` = 'URL_MODEL' LIMIT 1   [ RunTime:0.0004s ]
INFO: Run Common\Behavior\InitModuleBehavior [ RunTime:0.009588s ]
INFO: [ app_init ] --END-- [ RunTime:0.009895s ]
INFO: [ app_begin ] --START--
INFO: Run Behavior\ReadHtmlCacheBehavior [ RunTime:0.000262s ]
SQL: SELECT `name`,`value`,`type` FROM `system_config` WHERE `status` = 1  [ RunTime:0.0004s ]
NOTIC: [2] Missing argument 2 for parse_attr(), called in /Applications/XAMPP/xamppfiles/htdocs/space/Application/Common/Model/SystemConfigModel.class.php on line 42 and defined /Applications/XAMPP/xamppfiles/htdocs/space/Application/Common/Common/function.php 第 7 行.
INFO: Run Common\Behavior\InitConfigBehavior [ RunTime:0.001566s ]
INFO: [ app_begin ] --END-- [ RunTime:0.001882s ]
ERR: syntax error, unexpected 'print_r' (T_STRING)

[ 2018-04-01T15:49:24+08:00 ] ::1 /space/index.php/Feed/feed_top.html
INFO: [ app_init ] --START--
INFO: Run Behavior\BuildLiteBehavior [ RunTime:0.000008s ]
NOTIC: [8] Use of undefined constant STATUS_RESUME - assumed 'STATUS_RESUME' /Applications/XAMPP/xamppfiles/htdocs/space/ThinkPHP/Common/functions.php 第 596 行.
SQL: SHOW COLUMNS FROM `system_config` [ RunTime:0.0027s ]
SQL: SELECT `value` FROM `system_config` WHERE `name` = 'URL_MODEL' LIMIT 1   [ RunTime:0.0003s ]
INFO: Run Common\Behavior\InitModuleBehavior [ RunTime:0.010410s ]
INFO: [ app_init ] --END-- [ RunTime:0.010629s ]
INFO: [ app_begin ] --START--
INFO: Run Behavior\ReadHtmlCacheBehavior [ RunTime:0.000261s ]
SQL: SELECT `name`,`value`,`type` FROM `system_config` WHERE `status` = 1  [ RunTime:0.0004s ]
NOTIC: [2] Missing argument 2 for parse_attr(), called in /Applications/XAMPP/xamppfiles/htdocs/space/Application/Common/Model/SystemConfigModel.class.php on line 42 and defined /Applications/XAMPP/xamppfiles/htdocs/space/Application/Common/Common/function.php 第 7 行.
INFO: Run Common\Behavior\InitConfigBehavior [ RunTime:0.001479s ]
INFO: [ app_begin ] --END-- [ RunTime:0.001775s ]
SQL: SHOW COLUMNS FROM `member` [ RunTime:0.0036s ]
SQL: SHOW COLUMNS FROM `system_menu` [ RunTime:0.0024s ]
SQL: SELECT * FROM `system_menu` WHERE `status` = 1 AND `dev` <> 1  [ RunTime:0.0006s ]
SQL: SELECT * FROM `system_menu` WHERE `status` = 1 AND `url` LIKE 'Admin/Feed/feed_top%' ORDER BY pid desc LIMIT 1   [ RunTime:0.0004s ]
NOTIC: [8] Undefined variable: side_menu_list /Applications/XAMPP/xamppfiles/htdocs/space/Application/Admin/Controller/AdminController.class.php 第 40 行.
NOTIC: [8] Undefined variable: parent_menu /Applications/XAMPP/xamppfiles/htdocs/space/Application/Admin/Controller/AdminController.class.php 第 41 行.
NOTIC: [8] Undefined variable: parent_menu_id /Applications/XAMPP/xamppfiles/htdocs/space/Application/Admin/Controller/AdminController.class.php 第 42 行.
NOTIC: [8] Undefined variable: parent_menu /Applications/XAMPP/xamppfiles/htdocs/space/Application/Admin/Controller/AdminController.class.php 第 43 行.
SQL: SHOW COLUMNS FROM `feed` [ RunTime:0.0034s ]
SQL: SELECT COUNT(member_id) AS tp_count FROM `feed` LIMIT 1   [ RunTime:0.0003s ]

[ 2018-04-01T15:49:42+08:00 ] ::1 /space/index.php/Feed/feed_top.html
INFO: [ app_init ] --START--
INFO: Run Behavior\BuildLiteBehavior [ RunTime:0.000027s ]
NOTIC: [8] Use of undefined constant STATUS_RESUME - assumed 'STATUS_RESUME' /Applications/XAMPP/xamppfiles/htdocs/space/ThinkPHP/Common/functions.php 第 596 行.
SQL: SHOW COLUMNS FROM `system_config` [ RunTime:0.0035s ]
SQL: SELECT `value` FROM `system_config` WHERE `name` = 'URL_MODEL' LIMIT 1   [ RunTime:0.0003s ]
INFO: Run Common\Behavior\InitModuleBehavior [ RunTime:0.010634s ]
INFO: [ app_init ] --END-- [ RunTime:0.010900s ]
INFO: [ app_begin ] --START--
INFO: Run Behavior\ReadHtmlCacheBehavior [ RunTime:0.000261s ]
SQL: SELECT `name`,`value`,`type` FROM `system_config` WHERE `status` = 1  [ RunTime:0.0004s ]
NOTIC: [2] Missing argument 2 for parse_attr(), called in /Applications/XAMPP/xamppfiles/htdocs/space/Application/Common/Model/SystemConfigModel.class.php on line 42 and defined /Applications/XAMPP/xamppfiles/htdocs/space/Application/Common/Common/function.php 第 7 行.
INFO: Run Common\Behavior\InitConfigBehavior [ RunTime:0.001548s ]
INFO: [ app_begin ] --END-- [ RunTime:0.001847s ]
SQL: SHOW COLUMNS FROM `member` [ RunTime:0.0024s ]
SQL: SHOW COLUMNS FROM `system_menu` [ RunTime:0.0036s ]
SQL: SELECT * FROM `system_menu` WHERE `status` = 1 AND `dev` <> 1  [ RunTime:0.0005s ]
SQL: SELECT * FROM `system_menu` WHERE `status` = 1 AND `url` LIKE 'Admin/Feed/feed_top%' ORDER BY pid desc LIMIT 1   [ RunTime:0.0004s ]
NOTIC: [8] Undefined variable: side_menu_list /Applications/XAMPP/xamppfiles/htdocs/space/Application/Admin/Controller/AdminController.class.php 第 40 行.
NOTIC: [8] Undefined variable: parent_menu /Applications/XAMPP/xamppfiles/htdocs/space/Application/Admin/Controller/AdminController.class.php 第 41 行.
NOTIC: [8] Undefined variable: parent_menu_id /Applications/XAMPP/xamppfiles/htdocs/space/Application/Admin/Controller/AdminController.class.php 第 42 行.
NOTIC: [8] Undefined variable: parent_menu /Applications/XAMPP/xamppfiles/htdocs/space/Application/Admin/Controller/AdminController.class.php 第 43 行.
SQL: SHOW COLUMNS FROM `feed` [ RunTime:0.0024s ]
NOTIC: [2] Missing argument 1 for Think\Model::field(), called in /Applications/XAMPP/xamppfiles/htdocs/space/Application/Admin/Controller/FeedController.class.php on line 70 and defined /Applications/XAMPP/xamppfiles/htdocs/space/ThinkPHP/Library/Think/Model.class.php 第 1740 行.
NOTIC: [8] Undefined variable: field /Applications/XAMPP/xamppfiles/htdocs/space/ThinkPHP/Library/Think/Model.class.php 第 1741 行.
NOTIC: [8] Undefined variable: field /Applications/XAMPP/xamppfiles/htdocs/space/ThinkPHP/Library/Think/Model.class.php 第 1751 行.
SQL: SELECT COUNT(member_id) AS tp_count FROM `feed` LIMIT 1   [ RunTime:0.0002s ]

[ 2018-04-01T15:57:44+08:00 ] ::1 /space/index.php/Feed/feed_top.html
INFO: [ app_init ] --START--
INFO: Run Behavior\BuildLiteBehavior [ RunTime:0.000012s ]
NOTIC: [8] Use of undefined constant STATUS_RESUME - assumed 'STATUS_RESUME' /Applications/XAMPP/xamppfiles/htdocs/space/ThinkPHP/Common/functions.php 第 596 行.
SQL: SHOW COLUMNS FROM `system_config` [ RunTime:0.0035s ]
SQL: SELECT `value` FROM `system_config` WHERE `name` = 'URL_MODEL' LIMIT 1   [ RunTime:0.0003s ]
INFO: Run Common\Behavior\InitModuleBehavior [ RunTime:0.016572s ]
INFO: [ app_init ] --END-- [ RunTime:0.017280s ]
INFO: [ app_begin ] --START--
INFO: Run Behavior\ReadHtmlCacheBehavior [ RunTime:0.001194s ]
SQL: SELECT `name`,`value`,`type` FROM `system_config` WHERE `status` = 1  [ RunTime:0.0004s ]
NOTIC: [2] Missing argument 2 for parse_attr(), called in /Applications/XAMPP/xamppfiles/htdocs/space/Application/Common/Model/SystemConfigModel.class.php on line 42 and defined /Applications/XAMPP/xamppfiles/htdocs/space/Application/Common/Common/function.php 第 7 行.
INFO: Run Common\Behavior\InitConfigBehavior [ RunTime:0.008950s ]
INFO: [ app_begin ] --END-- [ RunTime:0.010227s ]
SQL: SHOW COLUMNS FROM `member` [ RunTime:0.0039s ]
SQL: SHOW COLUMNS FROM `system_menu` [ RunTime:0.0024s ]
SQL: SELECT * FROM `system_menu` WHERE `status` = 1 AND `dev` <> 1  [ RunTime:0.0004s ]
SQL: SELECT * FROM `system_menu` WHERE `status` = 1 AND `url` LIKE 'Admin/Feed/feed_top%' ORDER BY pid desc LIMIT 1   [ RunTime:0.0003s ]
NOTIC: [8] Undefined variable: side_menu_list /Applications/XAMPP/xamppfiles/htdocs/space/Application/Admin/Controller/AdminController.class.php 第 40 行.
NOTIC: [8] Undefined variable: parent_menu /Applications/XAMPP/xamppfiles/htdocs/space/Application/Admin/Controller/AdminController.class.php 第 41 行.
NOTIC: [8] Undefined variable: parent_menu_id /Applications/XAMPP/xamppfiles/htdocs/space/Application/Admin/Controller/AdminController.class.php 第 42 行.
NOTIC: [8] Undefined variable: parent_menu /Applications/XAMPP/xamppfiles/htdocs/space/Application/Admin/Controller/AdminController.class.php 第 43 行.
SQL: SHOW COLUMNS FROM `feed` [ RunTime:0.0034s ]
ERR: 1052:Column 'member_id' in field list is ambiguous
 [ SQL语句 ] : SELECT COUNT(member_id) AS tp_count FROM feed f left join member m on f.member_id = m.member_id  LIMIT 1  
ERR: 1052:Column 'member_id' in field list is ambiguous
 [ SQL语句 ] : SELECT COUNT(member_id) AS tp_count FROM feed f left join member m on f.member_id = m.member_id  LIMIT 1  

[ 2018-04-01T15:58:03+08:00 ] ::1 /space/index.php/Feed/feed_top.html
INFO: [ app_init ] --START--
INFO: Run Behavior\BuildLiteBehavior [ RunTime:0.000011s ]
NOTIC: [8] Use of undefined constant STATUS_RESUME - assumed 'STATUS_RESUME' /Applications/XAMPP/xamppfiles/htdocs/space/ThinkPHP/Common/functions.php 第 596 行.
SQL: SHOW COLUMNS FROM `system_config` [ RunTime:0.0038s ]
SQL: SELECT `value` FROM `system_config` WHERE `name` = 'URL_MODEL' LIMIT 1   [ RunTime:0.0004s ]
INFO: Run Common\Behavior\InitModuleBehavior [ RunTime:0.010794s ]
INFO: [ app_init ] --END-- [ RunTime:0.011165s ]
INFO: [ app_begin ] --START--
INFO: Run Behavior\ReadHtmlCacheBehavior [ RunTime:0.000263s ]
SQL: SELECT `name`,`value`,`type` FROM `system_config` WHERE `status` = 1  [ RunTime:0.0004s ]
NOTIC: [2] Missing argument 2 for parse_attr(), called in /Applications/XAMPP/xamppfiles/htdocs/space/Application/Common/Model/SystemConfigModel.class.php on line 42 and defined /Applications/XAMPP/xamppfiles/htdocs/space/Application/Common/Common/function.php 第 7 行.
INFO: Run Common\Behavior\InitConfigBehavior [ RunTime:0.001377s ]
INFO: [ app_begin ] --END-- [ RunTime:0.001684s ]
SQL: SHOW COLUMNS FROM `member` [ RunTime:0.0037s ]
SQL: SHOW COLUMNS FROM `system_menu` [ RunTime:0.0022s ]
SQL: SELECT * FROM `system_menu` WHERE `status` = 1 AND `dev` <> 1  [ RunTime:0.0004s ]
SQL: SELECT * FROM `system_menu` WHERE `status` = 1 AND `url` LIKE 'Admin/Feed/feed_top%' ORDER BY pid desc LIMIT 1   [ RunTime:0.0003s ]
NOTIC: [8] Undefined variable: side_menu_list /Applications/XAMPP/xamppfiles/htdocs/space/Application/Admin/Controller/AdminController.class.php 第 40 行.
NOTIC: [8] Undefined variable: parent_menu /Applications/XAMPP/xamppfiles/htdocs/space/Application/Admin/Controller/AdminController.class.php 第 41 行.
NOTIC: [8] Undefined variable: parent_menu_id /Applications/XAMPP/xamppfiles/htdocs/space/Application/Admin/Controller/AdminController.class.php 第 42 行.
NOTIC: [8] Undefined variable: parent_menu /Applications/XAMPP/xamppfiles/htdocs/space/Application/Admin/Controller/AdminController.class.php 第 43 行.
SQL: SHOW COLUMNS FROM `feed` [ RunTime:0.0029s ]
SQL: SELECT COUNT(f.member_id) AS tp_count FROM feed f left join member m on f.member_id = m.member_id  LIMIT 1   [ RunTime:0.0043s ]

[ 2018-04-01T16:03:55+08:00 ] ::1 /space/index.php/Feed/feed_top.html
INFO: [ app_init ] --START--
INFO: Run Behavior\BuildLiteBehavior [ RunTime:0.000009s ]
NOTIC: [8] Use of undefined constant STATUS_RESUME - assumed 'STATUS_RESUME' /Applications/XAMPP/xamppfiles/htdocs/space/ThinkPHP/Common/functions.php 第 596 行.
SQL: SHOW COLUMNS FROM `system_config` [ RunTime:0.0036s ]
SQL: SELECT `value` FROM `system_config` WHERE `name` = 'URL_MODEL' LIMIT 1   [ RunTime:0.0003s ]
INFO: Run Common\Behavior\InitModuleBehavior [ RunTime:0.009577s ]
INFO: [ app_init ] --END-- [ RunTime:0.009884s ]
INFO: [ app_begin ] --START--
INFO: Run Behavior\ReadHtmlCacheBehavior [ RunTime:0.000260s ]
SQL: SELECT `name`,`value`,`type` FROM `system_config` WHERE `status` = 1  [ RunTime:0.0004s ]
NOTIC: [2] Missing argument 2 for parse_attr(), called in /Applications/XAMPP/xamppfiles/htdocs/space/Application/Common/Model/SystemConfigModel.class.php on line 42 and defined /Applications/XAMPP/xamppfiles/htdocs/space/Application/Common/Common/function.php 第 7 行.
INFO: Run Common\Behavior\InitConfigBehavior [ RunTime:0.001349s ]
INFO: [ app_begin ] --END-- [ RunTime:0.001644s ]
SQL: SHOW COLUMNS FROM `member` [ RunTime:0.0038s ]
SQL: SHOW COLUMNS FROM `system_menu` [ RunTime:0.0024s ]
SQL: SELECT * FROM `system_menu` WHERE `status` = 1 AND `dev` <> 1  [ RunTime:0.0006s ]
SQL: SELECT * FROM `system_menu` WHERE `status` = 1 AND `url` LIKE 'Admin/Feed/feed_top%' ORDER BY pid desc LIMIT 1   [ RunTime:0.0004s ]
NOTIC: [8] Undefined variable: side_menu_list /Applications/XAMPP/xamppfiles/htdocs/space/Application/Admin/Controller/AdminController.class.php 第 40 行.
NOTIC: [8] Undefined variable: parent_menu /Applications/XAMPP/xamppfiles/htdocs/space/Application/Admin/Controller/AdminController.class.php 第 41 行.
NOTIC: [8] Undefined variable: parent_menu_id /Applications/XAMPP/xamppfiles/htdocs/space/Application/Admin/Controller/AdminController.class.php 第 42 行.
NOTIC: [8] Undefined variable: parent_menu /Applications/XAMPP/xamppfiles/htdocs/space/Application/Admin/Controller/AdminController.class.php 第 43 行.
SQL: SHOW COLUMNS FROM `feed` [ RunTime:0.0036s ]
SQL: SELECT COUNT(f.member_id) AS tp_count FROM feed f left join member m on f.member_id = m.member_id  GROUP BY f.member_id LIMIT 1   [ RunTime:0.0104s ]

[ 2018-04-01T16:04:27+08:00 ] ::1 /space/index.php/Feed/feed_top.html
INFO: [ app_init ] --START--
INFO: Run Behavior\BuildLiteBehavior [ RunTime:0.000007s ]
NOTIC: [8] Use of undefined constant STATUS_RESUME - assumed 'STATUS_RESUME' /Applications/XAMPP/xamppfiles/htdocs/space/ThinkPHP/Common/functions.php 第 596 行.
SQL: SHOW COLUMNS FROM `system_config` [ RunTime:0.0040s ]
SQL: SELECT `value` FROM `system_config` WHERE `name` = 'URL_MODEL' LIMIT 1   [ RunTime:0.0003s ]
INFO: Run Common\Behavior\InitModuleBehavior [ RunTime:0.009933s ]
INFO: [ app_init ] --END-- [ RunTime:0.010150s ]
INFO: [ app_begin ] --START--
INFO: Run Behavior\ReadHtmlCacheBehavior [ RunTime:0.000259s ]
SQL: SELECT `name`,`value`,`type` FROM `system_config` WHERE `status` = 1  [ RunTime:0.0004s ]
NOTIC: [2] Missing argument 2 for parse_attr(), called in /Applications/XAMPP/xamppfiles/htdocs/space/Application/Common/Model/SystemConfigModel.class.php on line 42 and defined /Applications/XAMPP/xamppfiles/htdocs/space/Application/Common/Common/function.php 第 7 行.
INFO: Run Common\Behavior\InitConfigBehavior [ RunTime:0.001420s ]
INFO: [ app_begin ] --END-- [ RunTime:0.001716s ]
SQL: SHOW COLUMNS FROM `member` [ RunTime:0.0039s ]
SQL: SHOW COLUMNS FROM `system_menu` [ RunTime:0.0023s ]
SQL: SELECT * FROM `system_menu` WHERE `status` = 1 AND `dev` <> 1  [ RunTime:0.0004s ]
SQL: SELECT * FROM `system_menu` WHERE `status` = 1 AND `url` LIKE 'Admin/Feed/feed_top%' ORDER BY pid desc LIMIT 1   [ RunTime:0.0004s ]
NOTIC: [8] Undefined variable: side_menu_list /Applications/XAMPP/xamppfiles/htdocs/space/Application/Admin/Controller/AdminController.class.php 第 40 行.
NOTIC: [8] Undefined variable: parent_menu /Applications/XAMPP/xamppfiles/htdocs/space/Application/Admin/Controller/AdminController.class.php 第 41 行.
NOTIC: [8] Undefined variable: parent_menu_id /Applications/XAMPP/xamppfiles/htdocs/space/Application/Admin/Controller/AdminController.class.php 第 42 行.
NOTIC: [8] Undefined variable: parent_menu /Applications/XAMPP/xamppfiles/htdocs/space/Application/Admin/Controller/AdminController.class.php 第 43 行.
SQL: SHOW COLUMNS FROM `feed` [ RunTime:0.0034s ]
SQL: SELECT COUNT(f.member_id) AS tp_count FROM feed f left join member m on f.member_id = m.member_id  GROUP BY f.member_id LIMIT 1   [ RunTime:0.0065s ]
ERR: Call to a member function select() on string

[ 2018-04-01T16:07:29+08:00 ] ::1 /space/index.php/Feed/feed_top.html
INFO: [ app_init ] --START--
INFO: Run Behavior\BuildLiteBehavior [ RunTime:0.000008s ]
NOTIC: [8] Use of undefined constant STATUS_RESUME - assumed 'STATUS_RESUME' /Applications/XAMPP/xamppfiles/htdocs/space/ThinkPHP/Common/functions.php 第 596 行.
SQL: SHOW COLUMNS FROM `system_config` [ RunTime:0.0023s ]
SQL: SELECT `value` FROM `system_config` WHERE `name` = 'URL_MODEL' LIMIT 1   [ RunTime:0.0003s ]
INFO: Run Common\Behavior\InitModuleBehavior [ RunTime:0.012862s ]
INFO: [ app_init ] --END-- [ RunTime:0.013103s ]
INFO: [ app_begin ] --START--
INFO: Run Behavior\ReadHtmlCacheBehavior [ RunTime:0.000300s ]
SQL: SELECT `name`,`value`,`type` FROM `system_config` WHERE `status` = 1  [ RunTime:0.0004s ]
NOTIC: [2] Missing argument 2 for parse_attr(), called in /Applications/XAMPP/xamppfiles/htdocs/space/Application/Common/Model/SystemConfigModel.class.php on line 42 and defined /Applications/XAMPP/xamppfiles/htdocs/space/Application/Common/Common/function.php 第 7 行.
INFO: Run Common\Behavior\InitConfigBehavior [ RunTime:0.001569s ]
INFO: [ app_begin ] --END-- [ RunTime:0.001922s ]
SQL: SHOW COLUMNS FROM `member` [ RunTime:0.0024s ]
SQL: SHOW COLUMNS FROM `system_menu` [ RunTime:0.0025s ]
SQL: SELECT * FROM `system_menu` WHERE `status` = 1 AND `dev` <> 1  [ RunTime:0.0008s ]
SQL: SELECT * FROM `system_menu` WHERE `status` = 1 AND `url` LIKE 'Admin/Feed/feed_top%' ORDER BY pid desc LIMIT 1   [ RunTime:0.0007s ]
NOTIC: [8] Undefined variable: side_menu_list /Applications/XAMPP/xamppfiles/htdocs/space/Application/Admin/Controller/AdminController.class.php 第 40 行.
NOTIC: [8] Undefined variable: parent_menu /Applications/XAMPP/xamppfiles/htdocs/space/Application/Admin/Controller/AdminController.class.php 第 41 行.
NOTIC: [8] Undefined variable: parent_menu_id /Applications/XAMPP/xamppfiles/htdocs/space/Application/Admin/Controller/AdminController.class.php 第 42 行.
NOTIC: [8] Undefined variable: parent_menu /Applications/XAMPP/xamppfiles/htdocs/space/Application/Admin/Controller/AdminController.class.php 第 43 行.
SQL: SHOW COLUMNS FROM `feed` [ RunTime:0.0038s ]
SQL: SELECT count(f.member_id) FROM feed f left join member m on f.member_id = m.member_id  GROUP BY f.member_id  [ RunTime:0.0093s ]

[ 2018-04-01T16:07:45+08:00 ] ::1 /space/index.php/Feed/feed_top.html
INFO: [ app_init ] --START--
INFO: Run Behavior\BuildLiteBehavior [ RunTime:0.000009s ]
NOTIC: [8] Use of undefined constant STATUS_RESUME - assumed 'STATUS_RESUME' /Applications/XAMPP/xamppfiles/htdocs/space/ThinkPHP/Common/functions.php 第 596 行.
SQL: SHOW COLUMNS FROM `system_config` [ RunTime:0.0035s ]
SQL: SELECT `value` FROM `system_config` WHERE `name` = 'URL_MODEL' LIMIT 1   [ RunTime:0.0003s ]
INFO: Run Common\Behavior\InitModuleBehavior [ RunTime:0.010633s ]
INFO: [ app_init ] --END-- [ RunTime:0.010976s ]
INFO: [ app_begin ] --START--
INFO: Run Behavior\ReadHtmlCacheBehavior [ RunTime:0.000285s ]
SQL: SELECT `name`,`value`,`type` FROM `system_config` WHERE `status` = 1  [ RunTime:0.0004s ]
NOTIC: [2] Missing argument 2 for parse_attr(), called in /Applications/XAMPP/xamppfiles/htdocs/space/Application/Common/Model/SystemConfigModel.class.php on line 42 and defined /Applications/XAMPP/xamppfiles/htdocs/space/Application/Common/Common/function.php 第 7 行.
INFO: Run Common\Behavior\InitConfigBehavior [ RunTime:0.001497s ]
INFO: [ app_begin ] --END-- [ RunTime:0.001820s ]
SQL: SHOW COLUMNS FROM `member` [ RunTime:0.0039s ]
SQL: SHOW COLUMNS FROM `system_menu` [ RunTime:0.0059s ]
SQL: SELECT * FROM `system_menu` WHERE `status` = 1 AND `dev` <> 1  [ RunTime:0.0007s ]
SQL: SELECT * FROM `system_menu` WHERE `status` = 1 AND `url` LIKE 'Admin/Feed/feed_top%' ORDER BY pid desc LIMIT 1   [ RunTime:0.0005s ]
NOTIC: [8] Undefined variable: side_menu_list /Applications/XAMPP/xamppfiles/htdocs/space/Application/Admin/Controller/AdminController.class.php 第 40 行.
NOTIC: [8] Undefined variable: parent_menu /Applications/XAMPP/xamppfiles/htdocs/space/Application/Admin/Controller/AdminController.class.php 第 41 行.
NOTIC: [8] Undefined variable: parent_menu_id /Applications/XAMPP/xamppfiles/htdocs/space/Application/Admin/Controller/AdminController.class.php 第 42 行.
NOTIC: [8] Undefined variable: parent_menu /Applications/XAMPP/xamppfiles/htdocs/space/Application/Admin/Controller/AdminController.class.php 第 43 行.
SQL: SHOW COLUMNS FROM `feed` [ RunTime:0.0059s ]
SQL: SELECT count(f.member_id) as count FROM feed f left join member m on f.member_id = m.member_id  GROUP BY f.member_id  [ RunTime:0.0408s ]

[ 2018-04-01T16:08:43+08:00 ] ::1 /space/index.php/Feed/feed_top.html
INFO: [ app_init ] --START--
INFO: Run Behavior\BuildLiteBehavior [ RunTime:0.000006s ]
NOTIC: [8] Use of undefined constant STATUS_RESUME - assumed 'STATUS_RESUME' /Applications/XAMPP/xamppfiles/htdocs/space/ThinkPHP/Common/functions.php 第 596 行.
SQL: SHOW COLUMNS FROM `system_config` [ RunTime:0.0034s ]
SQL: SELECT `value` FROM `system_config` WHERE `name` = 'URL_MODEL' LIMIT 1   [ RunTime:0.0003s ]
INFO: Run Common\Behavior\InitModuleBehavior [ RunTime:0.010339s ]
INFO: [ app_init ] --END-- [ RunTime:0.010541s ]
INFO: [ app_begin ] --START--
INFO: Run Behavior\ReadHtmlCacheBehavior [ RunTime:0.000338s ]
SQL: SELECT `name`,`value`,`type` FROM `system_config` WHERE `status` = 1  [ RunTime:0.0005s ]
NOTIC: [2] Missing argument 2 for parse_attr(), called in /Applications/XAMPP/xamppfiles/htdocs/space/Application/Common/Model/SystemConfigModel.class.php on line 42 and defined /Applications/XAMPP/xamppfiles/htdocs/space/Application/Common/Common/function.php 第 7 行.
INFO: Run Common\Behavior\InitConfigBehavior [ RunTime:0.002187s ]
INFO: [ app_begin ] --END-- [ RunTime:0.002577s ]
SQL: SHOW COLUMNS FROM `member` [ RunTime:0.0041s ]
SQL: SHOW COLUMNS FROM `system_menu` [ RunTime:0.0027s ]
SQL: SELECT * FROM `system_menu` WHERE `status` = 1 AND `dev` <> 1  [ RunTime:0.0007s ]
SQL: SELECT * FROM `system_menu` WHERE `status` = 1 AND `url` LIKE 'Admin/Feed/feed_top%' ORDER BY pid desc LIMIT 1   [ RunTime:0.0005s ]
NOTIC: [8] Undefined variable: side_menu_list /Applications/XAMPP/xamppfiles/htdocs/space/Application/Admin/Controller/AdminController.class.php 第 40 行.
NOTIC: [8] Undefined variable: parent_menu /Applications/XAMPP/xamppfiles/htdocs/space/Application/Admin/Controller/AdminController.class.php 第 41 行.
NOTIC: [8] Undefined variable: parent_menu_id /Applications/XAMPP/xamppfiles/htdocs/space/Application/Admin/Controller/AdminController.class.php 第 42 行.
NOTIC: [8] Undefined variable: parent_menu /Applications/XAMPP/xamppfiles/htdocs/space/Application/Admin/Controller/AdminController.class.php 第 43 行.
SQL: SHOW COLUMNS FROM `feed` [ RunTime:0.0037s ]
SQL: SELECT count(f.member_id) as count,m.member_name,m.member_wechat_account FROM feed f left join member m on f.member_id = m.member_id  GROUP BY f.member_id  [ RunTime:0.0842s ]

[ 2018-04-01T16:15:39+08:00 ] ::1 /space/index.php/Feed/feed_top.html
INFO: [ app_init ] --START--
INFO: Run Behavior\BuildLiteBehavior [ RunTime:0.000008s ]
NOTIC: [8] Use of undefined constant STATUS_RESUME - assumed 'STATUS_RESUME' /Applications/XAMPP/xamppfiles/htdocs/space/ThinkPHP/Common/functions.php 第 596 行.
SQL: SHOW COLUMNS FROM `system_config` [ RunTime:0.0038s ]
SQL: SELECT `value` FROM `system_config` WHERE `name` = 'URL_MODEL' LIMIT 1   [ RunTime:0.0003s ]
INFO: Run Common\Behavior\InitModuleBehavior [ RunTime:0.016679s ]
INFO: [ app_init ] --END-- [ RunTime:0.017208s ]
INFO: [ app_begin ] --START--
INFO: Run Behavior\ReadHtmlCacheBehavior [ RunTime:0.000843s ]
SQL: SELECT `name`,`value`,`type` FROM `system_config` WHERE `status` = 1  [ RunTime:0.0006s ]
NOTIC: [2] Missing argument 2 for parse_attr(), called in /Applications/XAMPP/xamppfiles/htdocs/space/Application/Common/Model/SystemConfigModel.class.php on line 42 and defined /Applications/XAMPP/xamppfiles/htdocs/space/Application/Common/Common/function.php 第 7 行.
INFO: Run Common\Behavior\InitConfigBehavior [ RunTime:0.009314s ]
INFO: [ app_begin ] --END-- [ RunTime:0.010248s ]
SQL: SHOW COLUMNS FROM `member` [ RunTime:0.0038s ]
SQL: SHOW COLUMNS FROM `system_menu` [ RunTime:0.0035s ]
SQL: SELECT * FROM `system_menu` WHERE `status` = 1 AND `dev` <> 1  [ RunTime:0.0006s ]
SQL: SELECT * FROM `system_menu` WHERE `status` = 1 AND `url` LIKE 'Admin/Feed/feed_top%' ORDER BY pid desc LIMIT 1   [ RunTime:0.0006s ]
NOTIC: [8] Undefined variable: side_menu_list /Applications/XAMPP/xamppfiles/htdocs/space/Application/Admin/Controller/AdminController.class.php 第 40 行.
NOTIC: [8] Undefined variable: parent_menu /Applications/XAMPP/xamppfiles/htdocs/space/Application/Admin/Controller/AdminController.class.php 第 41 行.
NOTIC: [8] Undefined variable: parent_menu_id /Applications/XAMPP/xamppfiles/htdocs/space/Application/Admin/Controller/AdminController.class.php 第 42 行.
NOTIC: [8] Undefined variable: parent_menu /Applications/XAMPP/xamppfiles/htdocs/space/Application/Admin/Controller/AdminController.class.php 第 43 行.
SQL: SHOW COLUMNS FROM `feed` [ RunTime:0.0034s ]
SQL: SELECT count(f.member_id) as count,f.member_id,m.member_name,m.member_wechat_account FROM feed f left join member m on f.member_id = m.member_id  GROUP BY f.member_id ORDER BY count(f.member_id)  [ RunTime:0.0600s ]

[ 2018-04-01T16:15:47+08:00 ] ::1 /space/index.php/Feed/feed_top.html
INFO: [ app_init ] --START--
INFO: Run Behavior\BuildLiteBehavior [ RunTime:0.000006s ]
NOTIC: [8] Use of undefined constant STATUS_RESUME - assumed 'STATUS_RESUME' /Applications/XAMPP/xamppfiles/htdocs/space/ThinkPHP/Common/functions.php 第 596 行.
SQL: SHOW COLUMNS FROM `system_config` [ RunTime:0.0035s ]
SQL: SELECT `value` FROM `system_config` WHERE `name` = 'URL_MODEL' LIMIT 1   [ RunTime:0.0003s ]
INFO: Run Common\Behavior\InitModuleBehavior [ RunTime:0.010190s ]
INFO: [ app_init ] --END-- [ RunTime:0.010388s ]
INFO: [ app_begin ] --START--
INFO: Run Behavior\ReadHtmlCacheBehavior [ RunTime:0.000338s ]
SQL: SELECT `name`,`value`,`type` FROM `system_config` WHERE `status` = 1  [ RunTime:0.0004s ]
NOTIC: [2] Missing argument 2 for parse_attr(), called in /Applications/XAMPP/xamppfiles/htdocs/space/Application/Common/Model/SystemConfigModel.class.php on line 42 and defined /Applications/XAMPP/xamppfiles/htdocs/space/Application/Common/Common/function.php 第 7 行.
INFO: Run Common\Behavior\InitConfigBehavior [ RunTime:0.002058s ]
INFO: [ app_begin ] --END-- [ RunTime:0.002510s ]
SQL: SHOW COLUMNS FROM `member` [ RunTime:0.0024s ]
SQL: SHOW COLUMNS FROM `system_menu` [ RunTime:0.0022s ]
SQL: SELECT * FROM `system_menu` WHERE `status` = 1 AND `dev` <> 1  [ RunTime:0.0004s ]
SQL: SELECT * FROM `system_menu` WHERE `status` = 1 AND `url` LIKE 'Admin/Feed/feed_top%' ORDER BY pid desc LIMIT 1   [ RunTime:0.0003s ]
NOTIC: [8] Undefined variable: side_menu_list /Applications/XAMPP/xamppfiles/htdocs/space/Application/Admin/Controller/AdminController.class.php 第 40 行.
NOTIC: [8] Undefined variable: parent_menu /Applications/XAMPP/xamppfiles/htdocs/space/Application/Admin/Controller/AdminController.class.php 第 41 行.
NOTIC: [8] Undefined variable: parent_menu_id /Applications/XAMPP/xamppfiles/htdocs/space/Application/Admin/Controller/AdminController.class.php 第 42 行.
NOTIC: [8] Undefined variable: parent_menu /Applications/XAMPP/xamppfiles/htdocs/space/Application/Admin/Controller/AdminController.class.php 第 43 行.
SQL: SHOW COLUMNS FROM `feed` [ RunTime:0.0021s ]
SQL: SELECT count(f.member_id) as count,f.member_id,m.member_name,m.member_wechat_account FROM feed f left join member m on f.member_id = m.member_id  GROUP BY f.member_id ORDER BY count(f.member_id) desc   [ RunTime:0.0556s ]

[ 2018-04-01T17:05:38+08:00 ] ::1 /space/index.php/Feed/feed_top.html
INFO: [ app_init ] --START--
INFO: Run Behavior\BuildLiteBehavior [ RunTime:0.000008s ]
NOTIC: [8] Use of undefined constant STATUS_RESUME - assumed 'STATUS_RESUME' /Applications/XAMPP/xamppfiles/htdocs/space/ThinkPHP/Common/functions.php 第 596 行.
SQL: SHOW COLUMNS FROM `system_config` [ RunTime:0.0025s ]
SQL: SELECT `value` FROM `system_config` WHERE `name` = 'URL_MODEL' LIMIT 1   [ RunTime:0.0003s ]
INFO: Run Common\Behavior\InitModuleBehavior [ RunTime:0.028774s ]
INFO: [ app_init ] --END-- [ RunTime:0.029304s ]
INFO: [ app_begin ] --START--
INFO: Run Behavior\ReadHtmlCacheBehavior [ RunTime:0.002044s ]
SQL: SELECT `name`,`value`,`type` FROM `system_config` WHERE `status` = 1  [ RunTime:0.0008s ]
NOTIC: [2] Missing argument 2 for parse_attr(), called in /Applications/XAMPP/xamppfiles/htdocs/space/Application/Common/Model/SystemConfigModel.class.php on line 42 and defined /Applications/XAMPP/xamppfiles/htdocs/space/Application/Common/Common/function.php 第 7 行.
INFO: Run Common\Behavior\InitConfigBehavior [ RunTime:0.009844s ]
INFO: [ app_begin ] --END-- [ RunTime:0.012066s ]
SQL: SHOW COLUMNS FROM `member` [ RunTime:0.0035s ]
SQL: SHOW COLUMNS FROM `system_menu` [ RunTime:0.0023s ]
SQL: SELECT * FROM `system_menu` WHERE `status` = 1 AND `dev` <> 1  [ RunTime:0.0006s ]
SQL: SELECT * FROM `system_menu` WHERE `status` = 1 AND `url` LIKE 'Admin/Feed/feed_top%' ORDER BY pid desc LIMIT 1   [ RunTime:0.0003s ]
NOTIC: [8] Undefined variable: side_menu_list /Applications/XAMPP/xamppfiles/htdocs/space/Application/Admin/Controller/AdminController.class.php 第 40 行.
NOTIC: [8] Undefined variable: parent_menu /Applications/XAMPP/xamppfiles/htdocs/space/Application/Admin/Controller/AdminController.class.php 第 41 行.
NOTIC: [8] Undefined variable: parent_menu_id /Applications/XAMPP/xamppfiles/htdocs/space/Application/Admin/Controller/AdminController.class.php 第 42 行.
NOTIC: [8] Undefined variable: parent_menu /Applications/XAMPP/xamppfiles/htdocs/space/Application/Admin/Controller/AdminController.class.php 第 43 行.
SQL: SHOW COLUMNS FROM `feed` [ RunTime:0.0025s ]
SQL: SELECT count(f.member_id) as count,f.member_id,m.member_name,m.member_wechat_account FROM feed f left join member m on f.member_id = m.member_id  GROUP BY f.member_id ORDER BY count(f.member_id) desc  LIMIT 10   [ RunTime:0.0773s ]
INFO: [ app_end ] --START--
INFO: Run Behavior\ShowPageTraceBehavior [ RunTime:0.001703s ]
INFO: [ app_end ] --END-- [ RunTime:0.001755s ]

