[ 2018-04-03T08:53:41+08:00 ] 127.0.0.1 /
INFO: [ app_init ] --START--
INFO: Run Behavior\BuildLiteBehavior [ RunTime:0.000021s ]
NOTIC: [8] Use of undefined constant STATUS_RESUME - assumed 'STATUS_RESUME' /Applications/XAMPP/xamppfiles/htdocs/space/ThinkPHP/Common/functions.php 第 596 行.
SQL: SHOW COLUMNS FROM `system_config` [ RunTime:0.0058s ]
SQL: SELECT `value` FROM `system_config` WHERE `name` = 'URL_MODEL' LIMIT 1   [ RunTime:0.0018s ]
INFO: Run Common\Behavior\InitModuleBehavior [ RunTime:0.036965s ]
INFO: [ app_init ] --END-- [ RunTime:0.039617s ]
INFO: [ app_begin ] --START--
INFO: Run Behavior\ReadHtmlCacheBehavior [ RunTime:0.002029s ]
SQL: SELECT `name`,`value`,`type` FROM `system_config` WHERE `status` = 1  [ RunTime:0.0005s ]
NOTIC: [2] Missing argument 2 for parse_attr(), called in /Applications/XAMPP/xamppfiles/htdocs/space/Application/Common/Model/SystemConfigModel.class.php on line 42 and defined /Applications/XAMPP/xamppfiles/htdocs/space/Application/Common/Common/function.php 第 7 行.

[ 2018-04-03T08:53:41+08:00 ] 127.0.0.1 /Public/login.html
INFO: [ app_init ] --START--
INFO: Run Behavior\BuildLiteBehavior [ RunTime:0.000008s ]
NOTIC: [8] Use of undefined constant STATUS_RESUME - assumed 'STATUS_RESUME' /Applications/XAMPP/xamppfiles/htdocs/space/ThinkPHP/Common/functions.php 第 596 行.
SQL: SHOW COLUMNS FROM `system_config` [ RunTime:0.0044s ]
SQL: SELECT `value` FROM `system_config` WHERE `name` = 'URL_MODEL' LIMIT 1   [ RunTime:0.0004s ]
INFO: Run Common\Behavior\InitModuleBehavior [ RunTime:0.011258s ]
INFO: [ app_init ] --END-- [ RunTime:0.011502s ]
INFO: [ app_begin ] --START--
INFO: Run Behavior\ReadHtmlCacheBehavior [ RunTime:0.000513s ]
SQL: SELECT `name`,`value`,`type` FROM `system_config` WHERE `status` = 1  [ RunTime:0.0005s ]
NOTIC: [2] Missing argument 2 for parse_attr(), called in /Applications/XAMPP/xamppfiles/htdocs/space/Application/Common/Model/SystemConfigModel.class.php on line 42 and defined /Applications/XAMPP/xamppfiles/htdocs/space/Application/Common/Common/function.php 第 7 行.

[ 2018-04-03T08:53:46+08:00 ] 127.0.0.1 /Public/login.html
INFO: [ app_init ] --START--
INFO: Run Behavior\BuildLiteBehavior [ RunTime:0.000013s ]
NOTIC: [8] Use of undefined constant STATUS_RESUME - assumed 'STATUS_RESUME' /Applications/XAMPP/xamppfiles/htdocs/space/ThinkPHP/Common/functions.php 第 596 行.
SQL: SHOW COLUMNS FROM `system_config` [ RunTime:0.0038s ]
SQL: SELECT `value` FROM `system_config` WHERE `name` = 'URL_MODEL' LIMIT 1   [ RunTime:0.0004s ]
INFO: Run Common\Behavior\InitModuleBehavior [ RunTime:0.011135s ]
INFO: [ app_init ] --END-- [ RunTime:0.011556s ]
INFO: [ app_begin ] --START--
INFO: Run Behavior\ReadHtmlCacheBehavior [ RunTime:0.000334s ]
SQL: SELECT `name`,`value`,`type` FROM `system_config` WHERE `status` = 1  [ RunTime:0.0005s ]
NOTIC: [2] Missing argument 2 for parse_attr(), called in /Applications/XAMPP/xamppfiles/htdocs/space/Application/Common/Model/SystemConfigModel.class.php on line 42 and defined /Applications/XAMPP/xamppfiles/htdocs/space/Application/Common/Common/function.php 第 7 行.
INFO: Run Common\Behavior\InitConfigBehavior [ RunTime:0.001629s ]
INFO: [ app_begin ] --END-- [ RunTime:0.002007s ]
SQL: SHOW COLUMNS FROM `member` [ RunTime:0.0015s ]
SQL: SELECT * FROM `member` WHERE `group_id` > 0 AND `member_name` = 'admin' AND `member_status` = 1 LIMIT 1   [ RunTime:0.0053s ]
NOTIC: [2] Missing argument 2 for member_md5(), called in /Applications/XAMPP/xamppfiles/htdocs/space/Application/Common/Model/MemberModel.class.php on line 147 and defined /Applications/XAMPP/xamppfiles/htdocs/space/Application/Common/Common/function.php 第 302 行.
NOTIC: [8] Undefined variable: auth_key /Applications/XAMPP/xamppfiles/htdocs/space/Application/Common/Common/function.php 第 303 行.
SQL: UPDATE `member` SET `member_login_num`=`member_login_num`+1,`member_last_login_time`='1522716826',`member_last_login_ip`='2130706433' WHERE `member_id` = 1 [ RunTime:0.0080s ]

[ 2018-04-03T08:53:48+08:00 ] 127.0.0.1 /Index/index.html
INFO: [ app_init ] --START--
INFO: Run Behavior\BuildLiteBehavior [ RunTime:0.000009s ]
NOTIC: [8] Use of undefined constant STATUS_RESUME - assumed 'STATUS_RESUME' /Applications/XAMPP/xamppfiles/htdocs/space/ThinkPHP/Common/functions.php 第 596 行.
SQL: SHOW COLUMNS FROM `system_config` [ RunTime:0.0035s ]
SQL: SELECT `value` FROM `system_config` WHERE `name` = 'URL_MODEL' LIMIT 1   [ RunTime:0.0003s ]
INFO: Run Common\Behavior\InitModuleBehavior [ RunTime:0.009823s ]
INFO: [ app_init ] --END-- [ RunTime:0.010062s ]
INFO: [ app_begin ] --START--
INFO: Run Behavior\ReadHtmlCacheBehavior [ RunTime:0.000661s ]
SQL: SELECT `name`,`value`,`type` FROM `system_config` WHERE `status` = 1  [ RunTime:0.0004s ]
NOTIC: [2] Missing argument 2 for parse_attr(), called in /Applications/XAMPP/xamppfiles/htdocs/space/Application/Common/Model/SystemConfigModel.class.php on line 42 and defined /Applications/XAMPP/xamppfiles/htdocs/space/Application/Common/Common/function.php 第 7 行.

[ 2018-04-03T08:53:51+08:00 ] 127.0.0.1 /SystemConfig/group.html
INFO: [ app_init ] --START--
INFO: Run Behavior\BuildLiteBehavior [ RunTime:0.000006s ]
NOTIC: [8] Use of undefined constant STATUS_RESUME - assumed 'STATUS_RESUME' /Applications/XAMPP/xamppfiles/htdocs/space/ThinkPHP/Common/functions.php 第 596 行.
SQL: SHOW COLUMNS FROM `system_config` [ RunTime:0.0041s ]
SQL: SELECT `value` FROM `system_config` WHERE `name` = 'URL_MODEL' LIMIT 1   [ RunTime:0.0003s ]
INFO: Run Common\Behavior\InitModuleBehavior [ RunTime:0.009588s ]
INFO: [ app_init ] --END-- [ RunTime:0.009784s ]
INFO: [ app_begin ] --START--
INFO: Run Behavior\ReadHtmlCacheBehavior [ RunTime:0.000266s ]
SQL: SELECT `name`,`value`,`type` FROM `system_config` WHERE `status` = 1  [ RunTime:0.0003s ]
NOTIC: [2] Missing argument 2 for parse_attr(), called in /Applications/XAMPP/xamppfiles/htdocs/space/Application/Common/Model/SystemConfigModel.class.php on line 42 and defined /Applications/XAMPP/xamppfiles/htdocs/space/Application/Common/Common/function.php 第 7 行.

[ 2018-04-03T09:27:24+08:00 ] 139.205.176.245 /Public/login.html
INFO: [ app_init ] --START--
INFO: Run Behavior\BuildLiteBehavior [ RunTime:0.000014s ]
NOTIC: [8] Use of undefined constant STATUS_RESUME - assumed 'STATUS_RESUME' /www/web/126wenren/public_html/ThinkPHP/Common/functions.php 第 596 行.
SQL: SHOW COLUMNS FROM `system_config` [ RunTime:0.0013s ]
SQL: SELECT `value` FROM `system_config` WHERE `name` = 'URL_MODEL' LIMIT 1   [ RunTime:0.0004s ]
INFO: Run Common\Behavior\InitModuleBehavior [ RunTime:0.003486s ]
INFO: [ app_init ] --END-- [ RunTime:0.003623s ]
INFO: [ app_begin ] --START--
INFO: Run Behavior\ReadHtmlCacheBehavior [ RunTime:0.000107s ]
SQL: SELECT `name`,`value`,`type` FROM `system_config` WHERE `status` = 1  [ RunTime:0.0002s ]
NOTIC: [2] Missing argument 2 for parse_attr(), called in /www/web/126wenren/public_html/Application/Common/Model/SystemConfigModel.class.php on line 42 and defined /www/web/126wenren/public_html/Application/Common/Common/function.php 第 7 行.

[ 2018-04-03T09:27:36+08:00 ] 183.3.239.157 /
INFO: [ app_init ] --START--
INFO: Run Behavior\BuildLiteBehavior [ RunTime:0.000013s ]
NOTIC: [8] Use of undefined constant STATUS_RESUME - assumed 'STATUS_RESUME' /www/web/126wenren/public_html/ThinkPHP/Common/functions.php 第 596 行.
SQL: SHOW COLUMNS FROM `system_config` [ RunTime:0.0031s ]
SQL: SELECT `value` FROM `system_config` WHERE `name` = 'URL_MODEL' LIMIT 1   [ RunTime:0.0002s ]
INFO: Run Common\Behavior\InitModuleBehavior [ RunTime:0.005103s ]
INFO: [ app_init ] --END-- [ RunTime:0.005247s ]
INFO: [ app_begin ] --START--
INFO: Run Behavior\ReadHtmlCacheBehavior [ RunTime:0.000080s ]
SQL: SELECT `name`,`value`,`type` FROM `system_config` WHERE `status` = 1  [ RunTime:0.0002s ]
NOTIC: [2] Missing argument 2 for parse_attr(), called in /www/web/126wenren/public_html/Application/Common/Model/SystemConfigModel.class.php on line 42 and defined /www/web/126wenren/public_html/Application/Common/Common/function.php 第 7 行.

[ 2018-04-03T09:27:36+08:00 ] 183.3.239.157 /Public/login.html
INFO: [ app_init ] --START--
INFO: Run Behavior\BuildLiteBehavior [ RunTime:0.000013s ]
NOTIC: [8] Use of undefined constant STATUS_RESUME - assumed 'STATUS_RESUME' /www/web/126wenren/public_html/ThinkPHP/Common/functions.php 第 596 行.
SQL: SHOW COLUMNS FROM `system_config` [ RunTime:0.0011s ]
SQL: SELECT `value` FROM `system_config` WHERE `name` = 'URL_MODEL' LIMIT 1   [ RunTime:0.0002s ]
INFO: Run Common\Behavior\InitModuleBehavior [ RunTime:0.002900s ]
INFO: [ app_init ] --END-- [ RunTime:0.003042s ]
INFO: [ app_begin ] --START--
INFO: Run Behavior\ReadHtmlCacheBehavior [ RunTime:0.000095s ]
SQL: SELECT `name`,`value`,`type` FROM `system_config` WHERE `status` = 1  [ RunTime:0.0003s ]
NOTIC: [2] Missing argument 2 for parse_attr(), called in /www/web/126wenren/public_html/Application/Common/Model/SystemConfigModel.class.php on line 42 and defined /www/web/126wenren/public_html/Application/Common/Common/function.php 第 7 行.

[ 2018-04-03T09:27:50+08:00 ] 139.205.176.245 /
INFO: [ app_init ] --START--
INFO: Run Behavior\BuildLiteBehavior [ RunTime:0.000017s ]
NOTIC: [8] Use of undefined constant STATUS_RESUME - assumed 'STATUS_RESUME' /www/web/126wenren/public_html/ThinkPHP/Common/functions.php 第 596 行.
SQL: SHOW COLUMNS FROM `system_config` [ RunTime:0.0013s ]
SQL: SELECT `value` FROM `system_config` WHERE `name` = 'URL_MODEL' LIMIT 1   [ RunTime:0.0002s ]
INFO: Run Common\Behavior\InitModuleBehavior [ RunTime:0.003530s ]
INFO: [ app_init ] --END-- [ RunTime:0.003718s ]
INFO: [ app_begin ] --START--
INFO: Run Behavior\ReadHtmlCacheBehavior [ RunTime:0.000100s ]
SQL: SELECT `name`,`value`,`type` FROM `system_config` WHERE `status` = 1  [ RunTime:0.0002s ]
NOTIC: [2] Missing argument 2 for parse_attr(), called in /www/web/126wenren/public_html/Application/Common/Model/SystemConfigModel.class.php on line 42 and defined /www/web/126wenren/public_html/Application/Common/Common/function.php 第 7 行.

[ 2018-04-03T09:27:51+08:00 ] 139.205.176.245 /Public/login.html
INFO: [ app_init ] --START--
INFO: Run Behavior\BuildLiteBehavior [ RunTime:0.000017s ]
NOTIC: [8] Use of undefined constant STATUS_RESUME - assumed 'STATUS_RESUME' /www/web/126wenren/public_html/ThinkPHP/Common/functions.php 第 596 行.
SQL: SHOW COLUMNS FROM `system_config` [ RunTime:0.0013s ]
SQL: SELECT `value` FROM `system_config` WHERE `name` = 'URL_MODEL' LIMIT 1   [ RunTime:0.0002s ]
INFO: Run Common\Behavior\InitModuleBehavior [ RunTime:0.003336s ]
INFO: [ app_init ] --END-- [ RunTime:0.003497s ]
INFO: [ app_begin ] --START--
INFO: Run Behavior\ReadHtmlCacheBehavior [ RunTime:0.000077s ]
SQL: SELECT `name`,`value`,`type` FROM `system_config` WHERE `status` = 1  [ RunTime:0.0003s ]
NOTIC: [2] Missing argument 2 for parse_attr(), called in /www/web/126wenren/public_html/Application/Common/Model/SystemConfigModel.class.php on line 42 and defined /www/web/126wenren/public_html/Application/Common/Common/function.php 第 7 行.

[ 2018-04-03T09:27:56+08:00 ] 139.205.176.245 /favicon.ico
INFO: [ app_init ] --START--
INFO: Run Behavior\BuildLiteBehavior [ RunTime:0.000014s ]
NOTIC: [8] Use of undefined constant STATUS_RESUME - assumed 'STATUS_RESUME' /www/web/126wenren/public_html/ThinkPHP/Common/functions.php 第 596 行.
SQL: SHOW COLUMNS FROM `system_config` [ RunTime:0.0013s ]
SQL: SELECT `value` FROM `system_config` WHERE `name` = 'URL_MODEL' LIMIT 1   [ RunTime:0.0003s ]
INFO: Run Common\Behavior\InitModuleBehavior [ RunTime:0.003432s ]
INFO: [ app_init ] --END-- [ RunTime:0.003576s ]

[ 2018-04-03T09:28:00+08:00 ] 139.205.176.245 /Public/login.html
INFO: [ app_init ] --START--
INFO: Run Behavior\BuildLiteBehavior [ RunTime:0.000014s ]
NOTIC: [8] Use of undefined constant STATUS_RESUME - assumed 'STATUS_RESUME' /www/web/126wenren/public_html/ThinkPHP/Common/functions.php 第 596 行.
SQL: SHOW COLUMNS FROM `system_config` [ RunTime:0.0012s ]
SQL: SELECT `value` FROM `system_config` WHERE `name` = 'URL_MODEL' LIMIT 1   [ RunTime:0.0002s ]
INFO: Run Common\Behavior\InitModuleBehavior [ RunTime:0.003160s ]
INFO: [ app_init ] --END-- [ RunTime:0.003313s ]
INFO: [ app_begin ] --START--
INFO: Run Behavior\ReadHtmlCacheBehavior [ RunTime:0.000077s ]
SQL: SELECT `name`,`value`,`type` FROM `system_config` WHERE `status` = 1  [ RunTime:0.0002s ]
NOTIC: [2] Missing argument 2 for parse_attr(), called in /www/web/126wenren/public_html/Application/Common/Model/SystemConfigModel.class.php on line 42 and defined /www/web/126wenren/public_html/Application/Common/Common/function.php 第 7 行.
INFO: Run Common\Behavior\InitConfigBehavior [ RunTime:0.000974s ]
INFO: [ app_begin ] --END-- [ RunTime:0.001107s ]
SQL: SHOW COLUMNS FROM `member` [ RunTime:0.0009s ]
SQL: SELECT * FROM `member` WHERE `group_id` > 0 AND `member_name` = 'admin' AND `member_status` = 1 LIMIT 1   [ RunTime:0.0005s ]
NOTIC: [2] Missing argument 2 for member_md5(), called in /www/web/126wenren/public_html/Application/Common/Model/MemberModel.class.php on line 147 and defined /www/web/126wenren/public_html/Application/Common/Common/function.php 第 302 行.
NOTIC: [8] Undefined variable: auth_key /www/web/126wenren/public_html/Application/Common/Common/function.php 第 303 行.
SQL: UPDATE `member` SET `member_login_num`=`member_login_num`+1,`member_last_login_time`='1522718880',`member_last_login_ip`='2345513205' WHERE `member_id` = 1 [ RunTime:0.0002s ]

[ 2018-04-03T09:28:02+08:00 ] 139.205.176.245 /Index/index.html
INFO: [ app_init ] --START--
INFO: Run Behavior\BuildLiteBehavior [ RunTime:0.000015s ]
NOTIC: [8] Use of undefined constant STATUS_RESUME - assumed 'STATUS_RESUME' /www/web/126wenren/public_html/ThinkPHP/Common/functions.php 第 596 行.
SQL: SHOW COLUMNS FROM `system_config` [ RunTime:0.0012s ]
SQL: SELECT `value` FROM `system_config` WHERE `name` = 'URL_MODEL' LIMIT 1   [ RunTime:0.0002s ]
INFO: Run Common\Behavior\InitModuleBehavior [ RunTime:0.003188s ]
INFO: [ app_init ] --END-- [ RunTime:0.003329s ]
INFO: [ app_begin ] --START--
INFO: Run Behavior\ReadHtmlCacheBehavior [ RunTime:0.000082s ]
SQL: SELECT `name`,`value`,`type` FROM `system_config` WHERE `status` = 1  [ RunTime:0.0002s ]
NOTIC: [2] Missing argument 2 for parse_attr(), called in /www/web/126wenren/public_html/Application/Common/Model/SystemConfigModel.class.php on line 42 and defined /www/web/126wenren/public_html/Application/Common/Common/function.php 第 7 行.

[ 2018-04-03T09:28:04+08:00 ] 139.205.176.245 /SystemConfig/group.html
INFO: [ app_init ] --START--
INFO: Run Behavior\BuildLiteBehavior [ RunTime:0.000013s ]
NOTIC: [8] Use of undefined constant STATUS_RESUME - assumed 'STATUS_RESUME' /www/web/126wenren/public_html/ThinkPHP/Common/functions.php 第 596 行.
SQL: SHOW COLUMNS FROM `system_config` [ RunTime:0.0013s ]
SQL: SELECT `value` FROM `system_config` WHERE `name` = 'URL_MODEL' LIMIT 1   [ RunTime:0.0002s ]
INFO: Run Common\Behavior\InitModuleBehavior [ RunTime:0.003219s ]
INFO: [ app_init ] --END-- [ RunTime:0.003350s ]
INFO: [ app_begin ] --START--
INFO: Run Behavior\ReadHtmlCacheBehavior [ RunTime:0.000095s ]
SQL: SELECT `name`,`value`,`type` FROM `system_config` WHERE `status` = 1  [ RunTime:0.0002s ]
NOTIC: [2] Missing argument 2 for parse_attr(), called in /www/web/126wenren/public_html/Application/Common/Model/SystemConfigModel.class.php on line 42 and defined /www/web/126wenren/public_html/Application/Common/Common/function.php 第 7 行.

[ 2018-04-03T09:28:05+08:00 ] 139.205.176.245 /Member/index.html
INFO: [ app_init ] --START--
INFO: Run Behavior\BuildLiteBehavior [ RunTime:0.000014s ]
NOTIC: [8] Use of undefined constant STATUS_RESUME - assumed 'STATUS_RESUME' /www/web/126wenren/public_html/ThinkPHP/Common/functions.php 第 596 行.
SQL: SHOW COLUMNS FROM `system_config` [ RunTime:0.0012s ]
SQL: SELECT `value` FROM `system_config` WHERE `name` = 'URL_MODEL' LIMIT 1   [ RunTime:0.0002s ]
INFO: Run Common\Behavior\InitModuleBehavior [ RunTime:0.003179s ]
INFO: [ app_init ] --END-- [ RunTime:0.003335s ]
INFO: [ app_begin ] --START--
INFO: Run Behavior\ReadHtmlCacheBehavior [ RunTime:0.000082s ]
SQL: SELECT `name`,`value`,`type` FROM `system_config` WHERE `status` = 1  [ RunTime:0.0002s ]
NOTIC: [2] Missing argument 2 for parse_attr(), called in /www/web/126wenren/public_html/Application/Common/Model/SystemConfigModel.class.php on line 42 and defined /www/web/126wenren/public_html/Application/Common/Common/function.php 第 7 行.

[ 2018-04-03T09:28:08+08:00 ] 139.205.176.245 /SystemConfig/group.html
INFO: [ app_init ] --START--
INFO: Run Behavior\BuildLiteBehavior [ RunTime:0.000013s ]
NOTIC: [8] Use of undefined constant STATUS_RESUME - assumed 'STATUS_RESUME' /www/web/126wenren/public_html/ThinkPHP/Common/functions.php 第 596 行.
SQL: SHOW COLUMNS FROM `system_config` [ RunTime:0.0014s ]
SQL: SELECT `value` FROM `system_config` WHERE `name` = 'URL_MODEL' LIMIT 1   [ RunTime:0.0002s ]
INFO: Run Common\Behavior\InitModuleBehavior [ RunTime:0.003396s ]
INFO: [ app_init ] --END-- [ RunTime:0.003562s ]
INFO: [ app_begin ] --START--
INFO: Run Behavior\ReadHtmlCacheBehavior [ RunTime:0.000079s ]
SQL: SELECT `name`,`value`,`type` FROM `system_config` WHERE `status` = 1  [ RunTime:0.0002s ]
NOTIC: [2] Missing argument 2 for parse_attr(), called in /www/web/126wenren/public_html/Application/Common/Model/SystemConfigModel.class.php on line 42 and defined /www/web/126wenren/public_html/Application/Common/Common/function.php 第 7 行.

[ 2018-04-03T09:28:12+08:00 ] 139.205.176.245 /SystemConfig/group/group/2.html
INFO: [ app_init ] --START--
INFO: Run Behavior\BuildLiteBehavior [ RunTime:0.000014s ]
NOTIC: [8] Use of undefined constant STATUS_RESUME - assumed 'STATUS_RESUME' /www/web/126wenren/public_html/ThinkPHP/Common/functions.php 第 596 行.
SQL: SHOW COLUMNS FROM `system_config` [ RunTime:0.0012s ]
SQL: SELECT `value` FROM `system_config` WHERE `name` = 'URL_MODEL' LIMIT 1   [ RunTime:0.0002s ]
INFO: Run Common\Behavior\InitModuleBehavior [ RunTime:0.003129s ]
INFO: [ app_init ] --END-- [ RunTime:0.003267s ]
INFO: [ app_begin ] --START--
INFO: Run Behavior\ReadHtmlCacheBehavior [ RunTime:0.000082s ]
SQL: SELECT `name`,`value`,`type` FROM `system_config` WHERE `status` = 1  [ RunTime:0.0003s ]
NOTIC: [2] Missing argument 2 for parse_attr(), called in /www/web/126wenren/public_html/Application/Common/Model/SystemConfigModel.class.php on line 42 and defined /www/web/126wenren/public_html/Application/Common/Common/function.php 第 7 行.

[ 2018-04-03T09:28:14+08:00 ] 139.205.176.245 /Index/index.html
INFO: [ app_init ] --START--
INFO: Run Behavior\BuildLiteBehavior [ RunTime:0.000012s ]
NOTIC: [8] Use of undefined constant STATUS_RESUME - assumed 'STATUS_RESUME' /www/web/126wenren/public_html/ThinkPHP/Common/functions.php 第 596 行.
SQL: SHOW COLUMNS FROM `system_config` [ RunTime:0.0013s ]
SQL: SELECT `value` FROM `system_config` WHERE `name` = 'URL_MODEL' LIMIT 1   [ RunTime:0.0002s ]
INFO: Run Common\Behavior\InitModuleBehavior [ RunTime:0.003300s ]
INFO: [ app_init ] --END-- [ RunTime:0.003431s ]
INFO: [ app_begin ] --START--
INFO: Run Behavior\ReadHtmlCacheBehavior [ RunTime:0.000081s ]
SQL: SELECT `name`,`value`,`type` FROM `system_config` WHERE `status` = 1  [ RunTime:0.0002s ]
NOTIC: [2] Missing argument 2 for parse_attr(), called in /www/web/126wenren/public_html/Application/Common/Model/SystemConfigModel.class.php on line 42 and defined /www/web/126wenren/public_html/Application/Common/Common/function.php 第 7 行.

[ 2018-04-03T09:28:15+08:00 ] 139.205.176.245 /SystemConfig/group.html
INFO: [ app_init ] --START--
INFO: Run Behavior\BuildLiteBehavior [ RunTime:0.000013s ]
NOTIC: [8] Use of undefined constant STATUS_RESUME - assumed 'STATUS_RESUME' /www/web/126wenren/public_html/ThinkPHP/Common/functions.php 第 596 行.
SQL: SHOW COLUMNS FROM `system_config` [ RunTime:0.0013s ]
SQL: SELECT `value` FROM `system_config` WHERE `name` = 'URL_MODEL' LIMIT 1   [ RunTime:0.0002s ]
INFO: Run Common\Behavior\InitModuleBehavior [ RunTime:0.003228s ]
INFO: [ app_init ] --END-- [ RunTime:0.003365s ]
INFO: [ app_begin ] --START--
INFO: Run Behavior\ReadHtmlCacheBehavior [ RunTime:0.000077s ]
SQL: SELECT `name`,`value`,`type` FROM `system_config` WHERE `status` = 1  [ RunTime:0.0002s ]
NOTIC: [2] Missing argument 2 for parse_attr(), called in /www/web/126wenren/public_html/Application/Common/Model/SystemConfigModel.class.php on line 42 and defined /www/web/126wenren/public_html/Application/Common/Common/function.php 第 7 行.

[ 2018-04-03T09:28:20+08:00 ] 139.205.176.245 /SystemConfig/group.html
INFO: [ app_init ] --START--
INFO: Run Behavior\BuildLiteBehavior [ RunTime:0.000014s ]
NOTIC: [8] Use of undefined constant STATUS_RESUME - assumed 'STATUS_RESUME' /www/web/126wenren/public_html/ThinkPHP/Common/functions.php 第 596 行.
SQL: SHOW COLUMNS FROM `system_config` [ RunTime:0.0012s ]
SQL: SELECT `value` FROM `system_config` WHERE `name` = 'URL_MODEL' LIMIT 1   [ RunTime:0.0002s ]
INFO: Run Common\Behavior\InitModuleBehavior [ RunTime:0.003088s ]
INFO: [ app_init ] --END-- [ RunTime:0.003229s ]
INFO: [ app_begin ] --START--
INFO: Run Behavior\ReadHtmlCacheBehavior [ RunTime:0.000077s ]
SQL: SELECT `name`,`value`,`type` FROM `system_config` WHERE `status` = 1  [ RunTime:0.0002s ]
NOTIC: [2] Missing argument 2 for parse_attr(), called in /www/web/126wenren/public_html/Application/Common/Model/SystemConfigModel.class.php on line 42 and defined /www/web/126wenren/public_html/Application/Common/Common/function.php 第 7 行.

[ 2018-04-03T09:28:29+08:00 ] 139.205.176.245 /SystemConfig/group.html
INFO: [ app_init ] --START--
INFO: Run Behavior\BuildLiteBehavior [ RunTime:0.000013s ]
NOTIC: [8] Use of undefined constant STATUS_RESUME - assumed 'STATUS_RESUME' /www/web/126wenren/public_html/ThinkPHP/Common/functions.php 第 596 行.
SQL: SHOW COLUMNS FROM `system_config` [ RunTime:0.0012s ]
SQL: SELECT `value` FROM `system_config` WHERE `name` = 'URL_MODEL' LIMIT 1   [ RunTime:0.0002s ]
INFO: Run Common\Behavior\InitModuleBehavior [ RunTime:0.003122s ]
INFO: [ app_init ] --END-- [ RunTime:0.003259s ]
INFO: [ app_begin ] --START--
INFO: Run Behavior\ReadHtmlCacheBehavior [ RunTime:0.000128s ]
SQL: SELECT `name`,`value`,`type` FROM `system_config` WHERE `status` = 1  [ RunTime:0.0003s ]
NOTIC: [2] Missing argument 2 for parse_attr(), called in /www/web/126wenren/public_html/Application/Common/Model/SystemConfigModel.class.php on line 42 and defined /www/web/126wenren/public_html/Application/Common/Common/function.php 第 7 行.

[ 2018-04-03T09:28:39+08:00 ] 139.205.176.245 /SystemConfig/group/group/1.html
INFO: [ app_init ] --START--
INFO: Run Behavior\BuildLiteBehavior [ RunTime:0.000016s ]
NOTIC: [8] Use of undefined constant STATUS_RESUME - assumed 'STATUS_RESUME' /www/web/126wenren/public_html/ThinkPHP/Common/functions.php 第 596 行.
SQL: SHOW COLUMNS FROM `system_config` [ RunTime:0.0012s ]
SQL: SELECT `value` FROM `system_config` WHERE `name` = 'URL_MODEL' LIMIT 1   [ RunTime:0.0002s ]
INFO: Run Common\Behavior\InitModuleBehavior [ RunTime:0.003170s ]
INFO: [ app_init ] --END-- [ RunTime:0.003364s ]
INFO: [ app_begin ] --START--
INFO: Run Behavior\ReadHtmlCacheBehavior [ RunTime:0.000078s ]
SQL: SELECT `name`,`value`,`type` FROM `system_config` WHERE `status` = 1  [ RunTime:0.0002s ]
NOTIC: [2] Missing argument 2 for parse_attr(), called in /www/web/126wenren/public_html/Application/Common/Model/SystemConfigModel.class.php on line 42 and defined /www/web/126wenren/public_html/Application/Common/Common/function.php 第 7 行.

[ 2018-04-03T09:28:41+08:00 ] 139.205.176.245 /Index/index.html
INFO: [ app_init ] --START--
INFO: Run Behavior\BuildLiteBehavior [ RunTime:0.000014s ]
NOTIC: [8] Use of undefined constant STATUS_RESUME - assumed 'STATUS_RESUME' /www/web/126wenren/public_html/ThinkPHP/Common/functions.php 第 596 行.
SQL: SHOW COLUMNS FROM `system_config` [ RunTime:0.0013s ]
SQL: SELECT `value` FROM `system_config` WHERE `name` = 'URL_MODEL' LIMIT 1   [ RunTime:0.0002s ]
INFO: Run Common\Behavior\InitModuleBehavior [ RunTime:0.003265s ]
INFO: [ app_init ] --END-- [ RunTime:0.003428s ]
INFO: [ app_begin ] --START--
INFO: Run Behavior\ReadHtmlCacheBehavior [ RunTime:0.000111s ]
SQL: SELECT `name`,`value`,`type` FROM `system_config` WHERE `status` = 1  [ RunTime:0.0003s ]
NOTIC: [2] Missing argument 2 for parse_attr(), called in /www/web/126wenren/public_html/Application/Common/Model/SystemConfigModel.class.php on line 42 and defined /www/web/126wenren/public_html/Application/Common/Common/function.php 第 7 行.

[ 2018-04-03T09:28:42+08:00 ] 139.205.176.245 /Member/index.html
INFO: [ app_init ] --START--
INFO: Run Behavior\BuildLiteBehavior [ RunTime:0.000018s ]
NOTIC: [8] Use of undefined constant STATUS_RESUME - assumed 'STATUS_RESUME' /www/web/126wenren/public_html/ThinkPHP/Common/functions.php 第 596 行.
SQL: SHOW COLUMNS FROM `system_config` [ RunTime:0.0014s ]
SQL: SELECT `value` FROM `system_config` WHERE `name` = 'URL_MODEL' LIMIT 1   [ RunTime:0.0003s ]
INFO: Run Common\Behavior\InitModuleBehavior [ RunTime:0.003385s ]
INFO: [ app_init ] --END-- [ RunTime:0.003561s ]
INFO: [ app_begin ] --START--
INFO: Run Behavior\ReadHtmlCacheBehavior [ RunTime:0.000078s ]
SQL: SELECT `name`,`value`,`type` FROM `system_config` WHERE `status` = 1  [ RunTime:0.0002s ]
NOTIC: [2] Missing argument 2 for parse_attr(), called in /www/web/126wenren/public_html/Application/Common/Model/SystemConfigModel.class.php on line 42 and defined /www/web/126wenren/public_html/Application/Common/Common/function.php 第 7 行.

[ 2018-04-03T09:29:33+08:00 ] 139.205.176.245 /Public/login.html
INFO: [ app_init ] --START--
INFO: Run Behavior\BuildLiteBehavior [ RunTime:0.000013s ]
NOTIC: [8] Use of undefined constant STATUS_RESUME - assumed 'STATUS_RESUME' /www/web/126wenren/public_html/ThinkPHP/Common/functions.php 第 596 行.
SQL: SHOW COLUMNS FROM `system_config` [ RunTime:0.0013s ]
SQL: SELECT `value` FROM `system_config` WHERE `name` = 'URL_MODEL' LIMIT 1   [ RunTime:0.0002s ]
INFO: Run Common\Behavior\InitModuleBehavior [ RunTime:0.003208s ]
INFO: [ app_init ] --END-- [ RunTime:0.003350s ]
INFO: [ app_begin ] --START--
INFO: Run Behavior\ReadHtmlCacheBehavior [ RunTime:0.000076s ]
SQL: SELECT `name`,`value`,`type` FROM `system_config` WHERE `status` = 1  [ RunTime:0.0002s ]
NOTIC: [2] Missing argument 2 for parse_attr(), called in /www/web/126wenren/public_html/Application/Common/Model/SystemConfigModel.class.php on line 42 and defined /www/web/126wenren/public_html/Application/Common/Common/function.php 第 7 行.
INFO: Run Common\Behavior\InitConfigBehavior [ RunTime:0.001009s ]
INFO: [ app_begin ] --END-- [ RunTime:0.001159s ]
SQL: SHOW COLUMNS FROM `member` [ RunTime:0.0009s ]
SQL: SELECT * FROM `member` WHERE `group_id` > 0 AND `member_name` = 'admin' AND `member_status` = 1 LIMIT 1   [ RunTime:0.0002s ]
NOTIC: [2] Missing argument 2 for member_md5(), called in /www/web/126wenren/public_html/Application/Common/Model/MemberModel.class.php on line 147 and defined /www/web/126wenren/public_html/Application/Common/Common/function.php 第 302 行.
NOTIC: [8] Undefined variable: auth_key /www/web/126wenren/public_html/Application/Common/Common/function.php 第 303 行.

[ 2018-04-03T09:29:55+08:00 ] 139.205.176.245 /Public/login.html
INFO: [ app_init ] --START--
INFO: Run Behavior\BuildLiteBehavior [ RunTime:0.000013s ]
NOTIC: [8] Use of undefined constant STATUS_RESUME - assumed 'STATUS_RESUME' /www/web/126wenren/public_html/ThinkPHP/Common/functions.php 第 596 行.
SQL: SHOW COLUMNS FROM `system_config` [ RunTime:0.0012s ]
SQL: SELECT `value` FROM `system_config` WHERE `name` = 'URL_MODEL' LIMIT 1   [ RunTime:0.0002s ]
INFO: Run Common\Behavior\InitModuleBehavior [ RunTime:0.003036s ]
INFO: [ app_init ] --END-- [ RunTime:0.003170s ]
INFO: [ app_begin ] --START--
INFO: Run Behavior\ReadHtmlCacheBehavior [ RunTime:0.000071s ]
SQL: SELECT `name`,`value`,`type` FROM `system_config` WHERE `status` = 1  [ RunTime:0.0002s ]
NOTIC: [2] Missing argument 2 for parse_attr(), called in /www/web/126wenren/public_html/Application/Common/Model/SystemConfigModel.class.php on line 42 and defined /www/web/126wenren/public_html/Application/Common/Common/function.php 第 7 行.
INFO: Run Common\Behavior\InitConfigBehavior [ RunTime:0.001004s ]
INFO: [ app_begin ] --END-- [ RunTime:0.001128s ]
SQL: SHOW COLUMNS FROM `member` [ RunTime:0.0008s ]
SQL: SELECT * FROM `member` WHERE `group_id` > 0 AND `member_name` = 'admin' AND `member_status` = 1 LIMIT 1   [ RunTime:0.0003s ]
NOTIC: [2] Missing argument 2 for member_md5(), called in /www/web/126wenren/public_html/Application/Common/Model/MemberModel.class.php on line 147 and defined /www/web/126wenren/public_html/Application/Common/Common/function.php 第 302 行.
NOTIC: [8] Undefined variable: auth_key /www/web/126wenren/public_html/Application/Common/Common/function.php 第 303 行.
SQL: UPDATE `member` SET `member_login_num`=`member_login_num`+1,`member_last_login_time`='1522718995',`member_last_login_ip`='2345513205' WHERE `member_id` = 1 [ RunTime:0.0002s ]

[ 2018-04-03T09:29:57+08:00 ] 139.205.176.245 /Index/index.html
INFO: [ app_init ] --START--
INFO: Run Behavior\BuildLiteBehavior [ RunTime:0.000013s ]
NOTIC: [8] Use of undefined constant STATUS_RESUME - assumed 'STATUS_RESUME' /www/web/126wenren/public_html/ThinkPHP/Common/functions.php 第 596 行.
SQL: SHOW COLUMNS FROM `system_config` [ RunTime:0.0012s ]
SQL: SELECT `value` FROM `system_config` WHERE `name` = 'URL_MODEL' LIMIT 1   [ RunTime:0.0002s ]
INFO: Run Common\Behavior\InitModuleBehavior [ RunTime:0.003153s ]
INFO: [ app_init ] --END-- [ RunTime:0.003287s ]
INFO: [ app_begin ] --START--
INFO: Run Behavior\ReadHtmlCacheBehavior [ RunTime:0.000094s ]
SQL: SELECT `name`,`value`,`type` FROM `system_config` WHERE `status` = 1  [ RunTime:0.0002s ]
NOTIC: [2] Missing argument 2 for parse_attr(), called in /www/web/126wenren/public_html/Application/Common/Model/SystemConfigModel.class.php on line 42 and defined /www/web/126wenren/public_html/Application/Common/Common/function.php 第 7 行.

[ 2018-04-03T09:30:14+08:00 ] 139.205.176.245 /SystemConfig/group.html
INFO: [ app_init ] --START--
INFO: Run Behavior\BuildLiteBehavior [ RunTime:0.000014s ]
NOTIC: [8] Use of undefined constant STATUS_RESUME - assumed 'STATUS_RESUME' /www/web/126wenren/public_html/ThinkPHP/Common/functions.php 第 596 行.
SQL: SHOW COLUMNS FROM `system_config` [ RunTime:0.0027s ]
SQL: SELECT `value` FROM `system_config` WHERE `name` = 'URL_MODEL' LIMIT 1   [ RunTime:0.0002s ]
INFO: Run Common\Behavior\InitModuleBehavior [ RunTime:0.004711s ]
INFO: [ app_init ] --END-- [ RunTime:0.004858s ]
INFO: [ app_begin ] --START--
INFO: Run Behavior\ReadHtmlCacheBehavior [ RunTime:0.000095s ]
SQL: SELECT `name`,`value`,`type` FROM `system_config` WHERE `status` = 1  [ RunTime:0.0002s ]
NOTIC: [2] Missing argument 2 for parse_attr(), called in /www/web/126wenren/public_html/Application/Common/Model/SystemConfigModel.class.php on line 42 and defined /www/web/126wenren/public_html/Application/Common/Common/function.php 第 7 行.

[ 2018-04-03T09:30:18+08:00 ] 139.205.176.245 /PublicUpload/index.html
INFO: [ app_init ] --START--
INFO: Run Behavior\BuildLiteBehavior [ RunTime:0.000019s ]
NOTIC: [8] Use of undefined constant STATUS_RESUME - assumed 'STATUS_RESUME' /www/web/126wenren/public_html/ThinkPHP/Common/functions.php 第 596 行.
SQL: SHOW COLUMNS FROM `system_config` [ RunTime:0.0012s ]
SQL: SELECT `value` FROM `system_config` WHERE `name` = 'URL_MODEL' LIMIT 1   [ RunTime:0.0002s ]
INFO: Run Common\Behavior\InitModuleBehavior [ RunTime:0.003067s ]
INFO: [ app_init ] --END-- [ RunTime:0.003217s ]
INFO: [ app_begin ] --START--
INFO: Run Behavior\ReadHtmlCacheBehavior [ RunTime:0.000107s ]
SQL: SELECT `name`,`value`,`type` FROM `system_config` WHERE `status` = 1  [ RunTime:0.0002s ]
NOTIC: [2] Missing argument 2 for parse_attr(), called in /www/web/126wenren/public_html/Application/Common/Model/SystemConfigModel.class.php on line 42 and defined /www/web/126wenren/public_html/Application/Common/Common/function.php 第 7 行.

[ 2018-04-03T09:30:18+08:00 ] 139.205.176.245 /Uploads/wechat/2018-03-14/5aa8b42a9d3b1.jpeg
INFO: [ app_init ] --START--
INFO: Run Behavior\BuildLiteBehavior [ RunTime:0.000010s ]
NOTIC: [8] Use of undefined constant STATUS_RESUME - assumed 'STATUS_RESUME' /www/web/126wenren/public_html/ThinkPHP/Common/functions.php 第 596 行.
SQL: SHOW COLUMNS FROM `system_config` [ RunTime:0.0028s ]
SQL: SELECT `value` FROM `system_config` WHERE `name` = 'URL_MODEL' LIMIT 1   [ RunTime:0.0002s ]
INFO: Run Common\Behavior\InitModuleBehavior [ RunTime:0.004308s ]
INFO: [ app_init ] --END-- [ RunTime:0.004427s ]
INFO: [ app_begin ] --START--
INFO: Run Behavior\ReadHtmlCacheBehavior [ RunTime:0.000074s ]
SQL: SELECT `name`,`value`,`type` FROM `system_config` WHERE `status` = 1  [ RunTime:0.0003s ]
NOTIC: [2] Missing argument 2 for parse_attr(), called in /www/web/126wenren/public_html/Application/Common/Model/SystemConfigModel.class.php on line 42 and defined /www/web/126wenren/public_html/Application/Common/Common/function.php 第 7 行.
ERR: 无法加载控制器:Uploads

[ 2018-04-03T09:30:18+08:00 ] 139.205.176.245 /Uploads/wechat/2018-03-14/5aa8b42a326aa.jpeg
INFO: [ app_init ] --START--
INFO: Run Behavior\BuildLiteBehavior [ RunTime:0.000011s ]
NOTIC: [8] Use of undefined constant STATUS_RESUME - assumed 'STATUS_RESUME' /www/web/126wenren/public_html/ThinkPHP/Common/functions.php 第 596 行.
SQL: SHOW COLUMNS FROM `system_config` [ RunTime:0.0009s ]
SQL: SELECT `value` FROM `system_config` WHERE `name` = 'URL_MODEL' LIMIT 1   [ RunTime:0.0002s ]
INFO: Run Common\Behavior\InitModuleBehavior [ RunTime:0.002412s ]
INFO: [ app_init ] --END-- [ RunTime:0.002546s ]
INFO: [ app_begin ] --START--
INFO: Run Behavior\ReadHtmlCacheBehavior [ RunTime:0.000078s ]
SQL: SELECT `name`,`value`,`type` FROM `system_config` WHERE `status` = 1  [ RunTime:0.0002s ]
NOTIC: [2] Missing argument 2 for parse_attr(), called in /www/web/126wenren/public_html/Application/Common/Model/SystemConfigModel.class.php on line 42 and defined /www/web/126wenren/public_html/Application/Common/Common/function.php 第 7 行.
ERR: 无法加载控制器:Uploads

[ 2018-04-03T09:30:18+08:00 ] 139.205.176.245 /Uploads/wechat/2018-03-14/5aa8b42a6ba37.jpeg
INFO: [ app_init ] --START--
INFO: Run Behavior\BuildLiteBehavior [ RunTime:0.000012s ]
NOTIC: [8] Use of undefined constant STATUS_RESUME - assumed 'STATUS_RESUME' /www/web/126wenren/public_html/ThinkPHP/Common/functions.php 第 596 行.
SQL: SHOW COLUMNS FROM `system_config` [ RunTime:0.0012s ]
SQL: SELECT `value` FROM `system_config` WHERE `name` = 'URL_MODEL' LIMIT 1   [ RunTime:0.0003s ]
INFO: Run Common\Behavior\InitModuleBehavior [ RunTime:0.003566s ]
INFO: [ app_init ] --END-- [ RunTime:0.003703s ]
INFO: [ app_begin ] --START--
INFO: Run Behavior\ReadHtmlCacheBehavior [ RunTime:0.000075s ]
SQL: SELECT `name`,`value`,`type` FROM `system_config` WHERE `status` = 1  [ RunTime:0.0004s ]
NOTIC: [2] Missing argument 2 for parse_attr(), called in /www/web/126wenren/public_html/Application/Common/Model/SystemConfigModel.class.php on line 42 and defined /www/web/126wenren/public_html/Application/Common/Common/function.php 第 7 行.
ERR: 无法加载控制器:Uploads

[ 2018-04-03T09:30:18+08:00 ] 139.205.176.245 /Uploads/wechat/2018-03-14/5aa8b42aced2b.jpeg
INFO: [ app_init ] --START--
INFO: Run Behavior\BuildLiteBehavior [ RunTime:0.000012s ]
NOTIC: [8] Use of undefined constant STATUS_RESUME - assumed 'STATUS_RESUME' /www/web/126wenren/public_html/ThinkPHP/Common/functions.php 第 596 行.
SQL: SHOW COLUMNS FROM `system_config` [ RunTime:0.0054s ]
SQL: SELECT `value` FROM `system_config` WHERE `name` = 'URL_MODEL' LIMIT 1   [ RunTime:0.0002s ]
INFO: Run Common\Behavior\InitModuleBehavior [ RunTime:0.010790s ]
INFO: [ app_init ] --END-- [ RunTime:0.010942s ]
INFO: [ app_begin ] --START--
INFO: Run Behavior\ReadHtmlCacheBehavior [ RunTime:0.000072s ]
SQL: SELECT `name`,`value`,`type` FROM `system_config` WHERE `status` = 1  [ RunTime:0.0002s ]
NOTIC: [2] Missing argument 2 for parse_attr(), called in /www/web/126wenren/public_html/Application/Common/Model/SystemConfigModel.class.php on line 42 and defined /www/web/126wenren/public_html/Application/Common/Common/function.php 第 7 行.
ERR: 无法加载控制器:Uploads

[ 2018-04-03T09:30:18+08:00 ] 139.205.176.245 /Uploads/wechat/2018-03-14/5aa8b42a00d30.jpeg
INFO: [ app_init ] --START--
INFO: Run Behavior\BuildLiteBehavior [ RunTime:0.000010s ]
NOTIC: [8] Use of undefined constant STATUS_RESUME - assumed 'STATUS_RESUME' /www/web/126wenren/public_html/ThinkPHP/Common/functions.php 第 596 行.
SQL: SHOW COLUMNS FROM `system_config` [ RunTime:0.0008s ]
SQL: SELECT `value` FROM `system_config` WHERE `name` = 'URL_MODEL' LIMIT 1   [ RunTime:0.0002s ]
INFO: Run Common\Behavior\InitModuleBehavior [ RunTime:0.002350s ]
INFO: [ app_init ] --END-- [ RunTime:0.002484s ]
INFO: [ app_begin ] --START--
INFO: Run Behavior\ReadHtmlCacheBehavior [ RunTime:0.000073s ]
SQL: SELECT `name`,`value`,`type` FROM `system_config` WHERE `status` = 1  [ RunTime:0.0002s ]
NOTIC: [2] Missing argument 2 for parse_attr(), called in /www/web/126wenren/public_html/Application/Common/Model/SystemConfigModel.class.php on line 42 and defined /www/web/126wenren/public_html/Application/Common/Common/function.php 第 7 行.
ERR: 无法加载控制器:Uploads

[ 2018-04-03T09:30:18+08:00 ] 139.205.176.245 /Uploads/wechat/2018-03-14/5aa8b429c35f5.jpeg
INFO: [ app_init ] --START--
INFO: Run Behavior\BuildLiteBehavior [ RunTime:0.000011s ]
NOTIC: [8] Use of undefined constant STATUS_RESUME - assumed 'STATUS_RESUME' /www/web/126wenren/public_html/ThinkPHP/Common/functions.php 第 596 行.
SQL: SHOW COLUMNS FROM `system_config` [ RunTime:0.0010s ]
SQL: SELECT `value` FROM `system_config` WHERE `name` = 'URL_MODEL' LIMIT 1   [ RunTime:0.0002s ]
INFO: Run Common\Behavior\InitModuleBehavior [ RunTime:0.002798s ]
INFO: [ app_init ] --END-- [ RunTime:0.002919s ]
INFO: [ app_begin ] --START--
INFO: Run Behavior\ReadHtmlCacheBehavior [ RunTime:0.000078s ]
SQL: SELECT `name`,`value`,`type` FROM `system_config` WHERE `status` = 1  [ RunTime:0.0002s ]
NOTIC: [2] Missing argument 2 for parse_attr(), called in /www/web/126wenren/public_html/Application/Common/Model/SystemConfigModel.class.php on line 42 and defined /www/web/126wenren/public_html/Application/Common/Common/function.php 第 7 行.
ERR: 无法加载控制器:Uploads

[ 2018-04-03T09:30:18+08:00 ] 139.205.176.245 /Uploads/wechat/2018-03-14/5aa8b42995985.jpeg
INFO: [ app_init ] --START--
INFO: Run Behavior\BuildLiteBehavior [ RunTime:0.000010s ]
NOTIC: [8] Use of undefined constant STATUS_RESUME - assumed 'STATUS_RESUME' /www/web/126wenren/public_html/ThinkPHP/Common/functions.php 第 596 行.
SQL: SHOW COLUMNS FROM `system_config` [ RunTime:0.0008s ]
SQL: SELECT `value` FROM `system_config` WHERE `name` = 'URL_MODEL' LIMIT 1   [ RunTime:0.0002s ]
INFO: Run Common\Behavior\InitModuleBehavior [ RunTime:0.002432s ]
INFO: [ app_init ] --END-- [ RunTime:0.002559s ]
INFO: [ app_begin ] --START--
INFO: Run Behavior\ReadHtmlCacheBehavior [ RunTime:0.000101s ]
SQL: SELECT `name`,`value`,`type` FROM `system_config` WHERE `status` = 1  [ RunTime:0.0002s ]
NOTIC: [2] Missing argument 2 for parse_attr(), called in /www/web/126wenren/public_html/Application/Common/Model/SystemConfigModel.class.php on line 42 and defined /www/web/126wenren/public_html/Application/Common/Common/function.php 第 7 行.
ERR: 无法加载控制器:Uploads

[ 2018-04-03T09:30:46+08:00 ] 139.205.176.245 /Home/feed/info
INFO: [ app_init ] --START--
INFO: Run Behavior\BuildLiteBehavior [ RunTime:0.000013s ]
NOTIC: [8] Use of undefined constant STATUS_RESUME - assumed 'STATUS_RESUME' /www/web/126wenren/public_html/ThinkPHP/Common/functions.php 第 596 行.
SQL: SHOW COLUMNS FROM `system_config` [ RunTime:0.0012s ]
SQL: SELECT `value` FROM `system_config` WHERE `name` = 'URL_MODEL' LIMIT 1   [ RunTime:0.0002s ]
INFO: Run Common\Behavior\InitModuleBehavior [ RunTime:0.003095s ]
INFO: [ app_init ] --END-- [ RunTime:0.003235s ]
INFO: [ app_begin ] --START--
INFO: Run Behavior\ReadHtmlCacheBehavior [ RunTime:0.000076s ]
SQL: SELECT `name`,`value`,`type` FROM `system_config` WHERE `status` = 1  [ RunTime:0.0002s ]
NOTIC: [2] Missing argument 2 for parse_attr(), called in /www/web/126wenren/public_html/Application/Common/Model/SystemConfigModel.class.php on line 42 and defined /www/web/126wenren/public_html/Application/Common/Common/function.php 第 7 行.
ERR: 无法加载控制器:Home

[ 2018-04-03T09:30:54+08:00 ] 139.205.176.245 /index.phpHome/feed/info
INFO: [ app_init ] --START--
INFO: Run Behavior\BuildLiteBehavior [ RunTime:0.000013s ]
NOTIC: [8] Use of undefined constant STATUS_RESUME - assumed 'STATUS_RESUME' /www/web/126wenren/public_html/ThinkPHP/Common/functions.php 第 596 行.
SQL: SHOW COLUMNS FROM `system_config` [ RunTime:0.0013s ]
SQL: SELECT `value` FROM `system_config` WHERE `name` = 'URL_MODEL' LIMIT 1   [ RunTime:0.0002s ]
INFO: Run Common\Behavior\InitModuleBehavior [ RunTime:0.003230s ]
INFO: [ app_init ] --END-- [ RunTime:0.003369s ]
INFO: [ app_begin ] --START--
INFO: Run Behavior\ReadHtmlCacheBehavior [ RunTime:0.000083s ]
SQL: SELECT `name`,`value`,`type` FROM `system_config` WHERE `status` = 1  [ RunTime:0.0002s ]
NOTIC: [2] Missing argument 2 for parse_attr(), called in /www/web/126wenren/public_html/Application/Common/Model/SystemConfigModel.class.php on line 42 and defined /www/web/126wenren/public_html/Application/Common/Common/function.php 第 7 行.
ERR: 无法加载控制器:Index.phpHome

[ 2018-04-03T09:30:56+08:00 ] 139.205.176.245 /SystemConfig/group.html
INFO: [ app_init ] --START--
INFO: Run Behavior\BuildLiteBehavior [ RunTime:0.000013s ]
NOTIC: [8] Use of undefined constant STATUS_RESUME - assumed 'STATUS_RESUME' /www/web/126wenren/public_html/ThinkPHP/Common/functions.php 第 596 行.
SQL: SHOW COLUMNS FROM `system_config` [ RunTime:0.0012s ]
SQL: SELECT `value` FROM `system_config` WHERE `name` = 'URL_MODEL' LIMIT 1   [ RunTime:0.0002s ]
INFO: Run Common\Behavior\InitModuleBehavior [ RunTime:0.003224s ]
INFO: [ app_init ] --END-- [ RunTime:0.003357s ]
INFO: [ app_begin ] --START--
INFO: Run Behavior\ReadHtmlCacheBehavior [ RunTime:0.000100s ]
SQL: SELECT `name`,`value`,`type` FROM `system_config` WHERE `status` = 1  [ RunTime:0.0002s ]
NOTIC: [2] Missing argument 2 for parse_attr(), called in /www/web/126wenren/public_html/Application/Common/Model/SystemConfigModel.class.php on line 42 and defined /www/web/126wenren/public_html/Application/Common/Common/function.php 第 7 行.

[ 2018-04-03T09:30:58+08:00 ] 139.205.176.245 /index.php/Home/feed/info
INFO: [ app_init ] --START--
INFO: Run Behavior\BuildLiteBehavior [ RunTime:0.000014s ]
NOTIC: [8] Use of undefined constant STATUS_RESUME - assumed 'STATUS_RESUME' /www/web/126wenren/public_html/ThinkPHP/Common/functions.php 第 596 行.
SQL: SHOW COLUMNS FROM `system_config` [ RunTime:0.0012s ]
SQL: SELECT `value` FROM `system_config` WHERE `name` = 'URL_MODEL' LIMIT 1   [ RunTime:0.0002s ]
INFO: Run Common\Behavior\InitModuleBehavior [ RunTime:0.003124s ]
INFO: [ app_init ] --END-- [ RunTime:0.003263s ]
INFO: [ app_begin ] --START--
INFO: Run Behavior\ReadHtmlCacheBehavior [ RunTime:0.000078s ]
SQL: SELECT `name`,`value`,`type` FROM `system_config` WHERE `status` = 1  [ RunTime:0.0002s ]
NOTIC: [2] Missing argument 2 for parse_attr(), called in /www/web/126wenren/public_html/Application/Common/Model/SystemConfigModel.class.php on line 42 and defined /www/web/126wenren/public_html/Application/Common/Common/function.php 第 7 行.
ERR: 无法加载控制器:Home

[ 2018-04-03T09:31:13+08:00 ] 139.205.176.245 /index.php/Home/feed/info
INFO: [ app_init ] --START--
INFO: Run Behavior\BuildLiteBehavior [ RunTime:0.000017s ]
NOTIC: [8] Use of undefined constant STATUS_RESUME - assumed 'STATUS_RESUME' /www/web/126wenren/public_html/ThinkPHP/Common/functions.php 第 596 行.
SQL: SHOW COLUMNS FROM `system_config` [ RunTime:0.0016s ]
SQL: SELECT `value` FROM `system_config` WHERE `name` = 'URL_MODEL' LIMIT 1   [ RunTime:0.0003s ]
INFO: Run Common\Behavior\InitModuleBehavior [ RunTime:0.003807s ]
INFO: [ app_init ] --END-- [ RunTime:0.003981s ]
INFO: [ app_begin ] --START--
INFO: Run Behavior\ReadHtmlCacheBehavior [ RunTime:0.000089s ]
SQL: SELECT `name`,`value`,`type` FROM `system_config` WHERE `status` = 1  [ RunTime:0.0003s ]
NOTIC: [2] Missing argument 2 for parse_attr(), called in /www/web/126wenren/public_html/Application/Common/Model/SystemConfigModel.class.php on line 42 and defined /www/web/126wenren/public_html/Application/Common/Common/function.php 第 7 行.
ERR: 无法加载控制器:Home

[ 2018-04-03T09:39:48+08:00 ] 139.205.176.245 /
INFO: [ app_init ] --START--
INFO: Run Behavior\BuildLiteBehavior [ RunTime:0.000017s ]
NOTIC: [8] Use of undefined constant STATUS_RESUME - assumed 'STATUS_RESUME' /www/web/126wenren/public_html/ThinkPHP/Common/functions.php 第 596 行.
SQL: SHOW COLUMNS FROM `system_config` [ RunTime:0.0012s ]
SQL: SELECT `value` FROM `system_config` WHERE `name` = 'URL_MODEL' LIMIT 1   [ RunTime:0.0002s ]
INFO: Run Common\Behavior\InitModuleBehavior [ RunTime:0.003434s ]
INFO: [ app_init ] --END-- [ RunTime:0.003584s ]
INFO: [ app_begin ] --START--
INFO: Run Behavior\ReadHtmlCacheBehavior [ RunTime:0.000094s ]
SQL: SELECT `name`,`value`,`type` FROM `system_config` WHERE `status` = 1  [ RunTime:0.0002s ]
NOTIC: [2] Missing argument 2 for parse_attr(), called in /www/web/126wenren/public_html/Application/Common/Model/SystemConfigModel.class.php on line 42 and defined /www/web/126wenren/public_html/Application/Common/Common/function.php 第 7 行.

[ 2018-04-03T09:39:48+08:00 ] 139.205.176.245 /Public/login.html
INFO: [ app_init ] --START--
INFO: Run Behavior\BuildLiteBehavior [ RunTime:0.000013s ]
NOTIC: [8] Use of undefined constant STATUS_RESUME - assumed 'STATUS_RESUME' /www/web/126wenren/public_html/ThinkPHP/Common/functions.php 第 596 行.
SQL: SHOW COLUMNS FROM `system_config` [ RunTime:0.0012s ]
SQL: SELECT `value` FROM `system_config` WHERE `name` = 'URL_MODEL' LIMIT 1   [ RunTime:0.0002s ]
INFO: Run Common\Behavior\InitModuleBehavior [ RunTime:0.003114s ]
INFO: [ app_init ] --END-- [ RunTime:0.003247s ]
INFO: [ app_begin ] --START--
INFO: Run Behavior\ReadHtmlCacheBehavior [ RunTime:0.000077s ]
SQL: SELECT `name`,`value`,`type` FROM `system_config` WHERE `status` = 1  [ RunTime:0.0002s ]
NOTIC: [2] Missing argument 2 for parse_attr(), called in /www/web/126wenren/public_html/Application/Common/Model/SystemConfigModel.class.php on line 42 and defined /www/web/126wenren/public_html/Application/Common/Common/function.php 第 7 行.

[ 2018-04-03T09:39:49+08:00 ] 139.205.176.245 /favicon.ico
INFO: [ app_init ] --START--
INFO: Run Behavior\BuildLiteBehavior [ RunTime:0.000013s ]
NOTIC: [8] Use of undefined constant STATUS_RESUME - assumed 'STATUS_RESUME' /www/web/126wenren/public_html/ThinkPHP/Common/functions.php 第 596 行.
SQL: SHOW COLUMNS FROM `system_config` [ RunTime:0.0012s ]
SQL: SELECT `value` FROM `system_config` WHERE `name` = 'URL_MODEL' LIMIT 1   [ RunTime:0.0002s ]
INFO: Run Common\Behavior\InitModuleBehavior [ RunTime:0.003129s ]
INFO: [ app_init ] --END-- [ RunTime:0.003275s ]

