[ 2018-04-11T09:14:53+08:00 ] 127.0.0.1 /admin
INFO: [ app_init ] --START--
INFO: Run Behavior\BuildLiteBehavior [ RunTime:0.000010s ]
NOTIC: [8] Use of undefined constant STATUS_RESUME - assumed 'STATUS_RESUME' /Applications/XAMPP/xamppfiles/htdocs/space/ThinkPHP/Common/functions.php 第 596 行.
SQL: SHOW COLUMNS FROM `system_config` [ RunTime:0.0074s ]
SQL: SELECT `value` FROM `system_config` WHERE `name` = 'URL_MODEL' LIMIT 1   [ RunTime:0.0021s ]
INFO: Run Common\Behavior\InitModuleBehavior [ RunTime:0.028461s ]
INFO: [ app_init ] --END-- [ RunTime:0.028841s ]
INFO: [ app_begin ] --START--
INFO: Run Behavior\ReadHtmlCacheBehavior [ RunTime:0.000808s ]
SQL: SELECT `name`,`value`,`type` FROM `system_config` WHERE `status` = 1  [ RunTime:0.0005s ]
NOTIC: [2] Missing argument 2 for parse_attr(), called in /Applications/XAMPP/xamppfiles/htdocs/space/Application/Common/Model/SystemConfigModel.class.php on line 42 and defined /Applications/XAMPP/xamppfiles/htdocs/space/Application/Common/Common/function.php 第 7 行.
ERR: 无法加载控制器:Admin

[ 2018-04-11T14:35:29+08:00 ] 127.0.0.1 /Message/get_WithoutReadMessage
INFO: [ app_init ] --START--
INFO: Run Behavior\BuildLiteBehavior [ RunTime:0.000008s ]
NOTIC: [8] Use of undefined constant STATUS_RESUME - assumed 'STATUS_RESUME' /Applications/XAMPP/xamppfiles/htdocs/space/ThinkPHP/Common/functions.php 第 596 行.
SQL: SHOW COLUMNS FROM `system_config` [ RunTime:0.0051s ]
SQL: SELECT `value` FROM `system_config` WHERE `name` = 'URL_MODEL' LIMIT 1   [ RunTime:0.0004s ]
INFO: Run Common\Behavior\InitModuleBehavior [ RunTime:0.039247s ]
INFO: [ app_init ] --END-- [ RunTime:0.039742s ]
INFO: [ app_begin ] --START--
INFO: Run Behavior\ReadHtmlCacheBehavior [ RunTime:0.002030s ]
SQL: SELECT `name`,`value`,`type` FROM `system_config` WHERE `status` = 1  [ RunTime:0.0010s ]
NOTIC: [2] Missing argument 2 for parse_attr(), called in /Applications/XAMPP/xamppfiles/htdocs/space/Application/Common/Model/SystemConfigModel.class.php on line 42 and defined /Applications/XAMPP/xamppfiles/htdocs/space/Application/Common/Common/function.php 第 7 行.

[ 2018-04-11T14:43:48+08:00 ] 127.0.0.1 /Feed/feed_top
INFO: [ app_init ] --START--
INFO: Run Behavior\BuildLiteBehavior [ RunTime:0.000008s ]
NOTIC: [8] Use of undefined constant STATUS_RESUME - assumed 'STATUS_RESUME' /Applications/XAMPP/xamppfiles/htdocs/space/ThinkPHP/Common/functions.php 第 596 行.
SQL: SHOW COLUMNS FROM `system_config` [ RunTime:0.0024s ]
SQL: SELECT `value` FROM `system_config` WHERE `name` = 'URL_MODEL' LIMIT 1   [ RunTime:0.0003s ]
INFO: Run Common\Behavior\InitModuleBehavior [ RunTime:0.008593s ]
INFO: [ app_init ] --END-- [ RunTime:0.008838s ]
INFO: [ app_begin ] --START--
INFO: Run Behavior\ReadHtmlCacheBehavior [ RunTime:0.000369s ]
SQL: SELECT `name`,`value`,`type` FROM `system_config` WHERE `status` = 1  [ RunTime:0.0004s ]
NOTIC: [2] Missing argument 2 for parse_attr(), called in /Applications/XAMPP/xamppfiles/htdocs/space/Application/Common/Model/SystemConfigModel.class.php on line 42 and defined /Applications/XAMPP/xamppfiles/htdocs/space/Application/Common/Common/function.php 第 7 行.

[ 2018-04-11T14:44:09+08:00 ] 127.0.0.1 /Feed/feed_top
INFO: [ app_init ] --START--
INFO: Run Behavior\BuildLiteBehavior [ RunTime:0.000011s ]
NOTIC: [8] Use of undefined constant STATUS_RESUME - assumed 'STATUS_RESUME' /Applications/XAMPP/xamppfiles/htdocs/space/ThinkPHP/Common/functions.php 第 596 行.
SQL: SHOW COLUMNS FROM `system_config` [ RunTime:0.0027s ]
SQL: SELECT `value` FROM `system_config` WHERE `name` = 'URL_MODEL' LIMIT 1   [ RunTime:0.0003s ]
INFO: Run Common\Behavior\InitModuleBehavior [ RunTime:0.009264s ]
INFO: [ app_init ] --END-- [ RunTime:0.009587s ]
INFO: [ app_begin ] --START--
INFO: Run Behavior\ReadHtmlCacheBehavior [ RunTime:0.000343s ]
SQL: SELECT `name`,`value`,`type` FROM `system_config` WHERE `status` = 1  [ RunTime:0.0004s ]
NOTIC: [2] Missing argument 2 for parse_attr(), called in /Applications/XAMPP/xamppfiles/htdocs/space/Application/Common/Model/SystemConfigModel.class.php on line 42 and defined /Applications/XAMPP/xamppfiles/htdocs/space/Application/Common/Common/function.php 第 7 行.
ERR: Class 'Home\Controller\String' not found

[ 2018-04-11T14:45:37+08:00 ] 127.0.0.1 /Feed/feed_top
INFO: [ app_init ] --START--
INFO: Run Behavior\BuildLiteBehavior [ RunTime:0.000008s ]
NOTIC: [8] Use of undefined constant STATUS_RESUME - assumed 'STATUS_RESUME' /Applications/XAMPP/xamppfiles/htdocs/space/ThinkPHP/Common/functions.php 第 596 行.
SQL: SHOW COLUMNS FROM `system_config` [ RunTime:0.0037s ]
SQL: SELECT `value` FROM `system_config` WHERE `name` = 'URL_MODEL' LIMIT 1   [ RunTime:0.0003s ]
INFO: Run Common\Behavior\InitModuleBehavior [ RunTime:0.010842s ]
INFO: [ app_init ] --END-- [ RunTime:0.011077s ]
INFO: [ app_begin ] --START--
INFO: Run Behavior\ReadHtmlCacheBehavior [ RunTime:0.000486s ]
SQL: SELECT `name`,`value`,`type` FROM `system_config` WHERE `status` = 1  [ RunTime:0.0005s ]
NOTIC: [2] Missing argument 2 for parse_attr(), called in /Applications/XAMPP/xamppfiles/htdocs/space/Application/Common/Model/SystemConfigModel.class.php on line 42 and defined /Applications/XAMPP/xamppfiles/htdocs/space/Application/Common/Common/function.php 第 7 行.

[ 2018-04-11T14:46:00+08:00 ] 127.0.0.1 /Message/get_WithoutReadMessage
INFO: [ app_init ] --START--
INFO: Run Behavior\BuildLiteBehavior [ RunTime:0.000008s ]
NOTIC: [8] Use of undefined constant STATUS_RESUME - assumed 'STATUS_RESUME' /Applications/XAMPP/xamppfiles/htdocs/space/ThinkPHP/Common/functions.php 第 596 行.
SQL: SHOW COLUMNS FROM `system_config` [ RunTime:0.0025s ]
SQL: SELECT `value` FROM `system_config` WHERE `name` = 'URL_MODEL' LIMIT 1   [ RunTime:0.0003s ]
INFO: Run Common\Behavior\InitModuleBehavior [ RunTime:0.010277s ]
INFO: [ app_init ] --END-- [ RunTime:0.010512s ]
INFO: [ app_begin ] --START--
INFO: Run Behavior\ReadHtmlCacheBehavior [ RunTime:0.000319s ]
SQL: SELECT `name`,`value`,`type` FROM `system_config` WHERE `status` = 1  [ RunTime:0.0004s ]
NOTIC: [2] Missing argument 2 for parse_attr(), called in /Applications/XAMPP/xamppfiles/htdocs/space/Application/Common/Model/SystemConfigModel.class.php on line 42 and defined /Applications/XAMPP/xamppfiles/htdocs/space/Application/Common/Common/function.php 第 7 行.

[ 2018-04-11T14:46:07+08:00 ] 127.0.0.1 /Message/get_WithoutReadMessage
INFO: [ app_init ] --START--
INFO: Run Behavior\BuildLiteBehavior [ RunTime:0.000008s ]
NOTIC: [8] Use of undefined constant STATUS_RESUME - assumed 'STATUS_RESUME' /Applications/XAMPP/xamppfiles/htdocs/space/ThinkPHP/Common/functions.php 第 596 行.
SQL: SHOW COLUMNS FROM `system_config` [ RunTime:0.0036s ]
SQL: SELECT `value` FROM `system_config` WHERE `name` = 'URL_MODEL' LIMIT 1   [ RunTime:0.0003s ]
INFO: Run Common\Behavior\InitModuleBehavior [ RunTime:0.011138s ]
INFO: [ app_init ] --END-- [ RunTime:0.011394s ]
INFO: [ app_begin ] --START--
INFO: Run Behavior\ReadHtmlCacheBehavior [ RunTime:0.000313s ]
SQL: SELECT `name`,`value`,`type` FROM `system_config` WHERE `status` = 1  [ RunTime:0.0004s ]
NOTIC: [2] Missing argument 2 for parse_attr(), called in /Applications/XAMPP/xamppfiles/htdocs/space/Application/Common/Model/SystemConfigModel.class.php on line 42 and defined /Applications/XAMPP/xamppfiles/htdocs/space/Application/Common/Common/function.php 第 7 行.
ERR: 1052:Column 'member_id' in where clause is ambiguous
 [ SQL语句 ] : SELECT m.member_name,m.member_wechat_account,mw.headimgurl,mw.nickname FROM member m left join member_wechat mw on m.member_id = mw.member_id  WHERE ( member_id = 4 ) LIMIT 1  

[ 2018-04-11T14:46:21+08:00 ] 127.0.0.1 /Message/get_WithoutReadMessage
INFO: [ app_init ] --START--
INFO: Run Behavior\BuildLiteBehavior [ RunTime:0.000009s ]
NOTIC: [8] Use of undefined constant STATUS_RESUME - assumed 'STATUS_RESUME' /Applications/XAMPP/xamppfiles/htdocs/space/ThinkPHP/Common/functions.php 第 596 行.
SQL: SHOW COLUMNS FROM `system_config` [ RunTime:0.0024s ]
SQL: SELECT `value` FROM `system_config` WHERE `name` = 'URL_MODEL' LIMIT 1   [ RunTime:0.0003s ]
INFO: Run Common\Behavior\InitModuleBehavior [ RunTime:0.013173s ]
INFO: [ app_init ] --END-- [ RunTime:0.013432s ]
INFO: [ app_begin ] --START--
INFO: Run Behavior\ReadHtmlCacheBehavior [ RunTime:0.000304s ]
SQL: SELECT `name`,`value`,`type` FROM `system_config` WHERE `status` = 1  [ RunTime:0.0004s ]
NOTIC: [2] Missing argument 2 for parse_attr(), called in /Applications/XAMPP/xamppfiles/htdocs/space/Application/Common/Model/SystemConfigModel.class.php on line 42 and defined /Applications/XAMPP/xamppfiles/htdocs/space/Application/Common/Common/function.php 第 7 行.

[ 2018-04-11T14:47:28+08:00 ] 127.0.0.1 /Message/get_WithoutReadMessage
INFO: [ app_init ] --START--
INFO: Run Behavior\BuildLiteBehavior [ RunTime:0.000010s ]
NOTIC: [8] Use of undefined constant STATUS_RESUME - assumed 'STATUS_RESUME' /Applications/XAMPP/xamppfiles/htdocs/space/ThinkPHP/Common/functions.php 第 596 行.
SQL: SHOW COLUMNS FROM `system_config` [ RunTime:0.0036s ]
SQL: SELECT `value` FROM `system_config` WHERE `name` = 'URL_MODEL' LIMIT 1   [ RunTime:0.0003s ]
INFO: Run Common\Behavior\InitModuleBehavior [ RunTime:0.009938s ]
INFO: [ app_init ] --END-- [ RunTime:0.010328s ]
INFO: [ app_begin ] --START--
INFO: Run Behavior\ReadHtmlCacheBehavior [ RunTime:0.000285s ]
SQL: SELECT `name`,`value`,`type` FROM `system_config` WHERE `status` = 1  [ RunTime:0.0004s ]
NOTIC: [2] Missing argument 2 for parse_attr(), called in /Applications/XAMPP/xamppfiles/htdocs/space/Application/Common/Model/SystemConfigModel.class.php on line 42 and defined /Applications/XAMPP/xamppfiles/htdocs/space/Application/Common/Common/function.php 第 7 行.

[ 2018-04-11T14:48:12+08:00 ] 127.0.0.1 /Message/get_WithoutReadMessage
INFO: [ app_init ] --START--
INFO: Run Behavior\BuildLiteBehavior [ RunTime:0.000008s ]
NOTIC: [8] Use of undefined constant STATUS_RESUME - assumed 'STATUS_RESUME' /Applications/XAMPP/xamppfiles/htdocs/space/ThinkPHP/Common/functions.php 第 596 行.
SQL: SHOW COLUMNS FROM `system_config` [ RunTime:0.0058s ]
SQL: SELECT `value` FROM `system_config` WHERE `name` = 'URL_MODEL' LIMIT 1   [ RunTime:0.0005s ]
INFO: Run Common\Behavior\InitModuleBehavior [ RunTime:0.013096s ]
INFO: [ app_init ] --END-- [ RunTime:0.013348s ]
INFO: [ app_begin ] --START--
INFO: Run Behavior\ReadHtmlCacheBehavior [ RunTime:0.000272s ]
SQL: SELECT `name`,`value`,`type` FROM `system_config` WHERE `status` = 1  [ RunTime:0.0004s ]
NOTIC: [2] Missing argument 2 for parse_attr(), called in /Applications/XAMPP/xamppfiles/htdocs/space/Application/Common/Model/SystemConfigModel.class.php on line 42 and defined /Applications/XAMPP/xamppfiles/htdocs/space/Application/Common/Common/function.php 第 7 行.

[ 2018-04-11T14:49:45+08:00 ] 127.0.0.1 /Message/get_WithoutReadMessage
INFO: [ app_init ] --START--
INFO: Run Behavior\BuildLiteBehavior [ RunTime:0.000012s ]
NOTIC: [8] Use of undefined constant STATUS_RESUME - assumed 'STATUS_RESUME' /Applications/XAMPP/xamppfiles/htdocs/space/ThinkPHP/Common/functions.php 第 596 行.
SQL: SHOW COLUMNS FROM `system_config` [ RunTime:0.0034s ]
SQL: SELECT `value` FROM `system_config` WHERE `name` = 'URL_MODEL' LIMIT 1   [ RunTime:0.0003s ]
INFO: Run Common\Behavior\InitModuleBehavior [ RunTime:0.015737s ]
INFO: [ app_init ] --END-- [ RunTime:0.016228s ]
INFO: [ app_begin ] --START--
INFO: Run Behavior\ReadHtmlCacheBehavior [ RunTime:0.000254s ]
SQL: SELECT `name`,`value`,`type` FROM `system_config` WHERE `status` = 1  [ RunTime:0.0004s ]
NOTIC: [2] Missing argument 2 for parse_attr(), called in /Applications/XAMPP/xamppfiles/htdocs/space/Application/Common/Model/SystemConfigModel.class.php on line 42 and defined /Applications/XAMPP/xamppfiles/htdocs/space/Application/Common/Common/function.php 第 7 行.

[ 2018-04-11T14:50:31+08:00 ] 127.0.0.1 /Message/get_HaventReadMessage
INFO: [ app_init ] --START--
INFO: Run Behavior\BuildLiteBehavior [ RunTime:0.000008s ]
NOTIC: [8] Use of undefined constant STATUS_RESUME - assumed 'STATUS_RESUME' /Applications/XAMPP/xamppfiles/htdocs/space/ThinkPHP/Common/functions.php 第 596 行.
SQL: SHOW COLUMNS FROM `system_config` [ RunTime:0.0026s ]
SQL: SELECT `value` FROM `system_config` WHERE `name` = 'URL_MODEL' LIMIT 1   [ RunTime:0.0010s ]
INFO: Run Common\Behavior\InitModuleBehavior [ RunTime:0.009351s ]
INFO: [ app_init ] --END-- [ RunTime:0.009594s ]
INFO: [ app_begin ] --START--
INFO: Run Behavior\ReadHtmlCacheBehavior [ RunTime:0.000292s ]
SQL: SELECT `name`,`value`,`type` FROM `system_config` WHERE `status` = 1  [ RunTime:0.0004s ]
NOTIC: [2] Missing argument 2 for parse_attr(), called in /Applications/XAMPP/xamppfiles/htdocs/space/Application/Common/Model/SystemConfigModel.class.php on line 42 and defined /Applications/XAMPP/xamppfiles/htdocs/space/Application/Common/Common/function.php 第 7 行.

[ 2018-04-11T14:50:49+08:00 ] 127.0.0.1 /Message/get_HaventReadMessage
INFO: [ app_init ] --START--
INFO: Run Behavior\BuildLiteBehavior [ RunTime:0.000008s ]
NOTIC: [8] Use of undefined constant STATUS_RESUME - assumed 'STATUS_RESUME' /Applications/XAMPP/xamppfiles/htdocs/space/ThinkPHP/Common/functions.php 第 596 行.
SQL: SHOW COLUMNS FROM `system_config` [ RunTime:0.0023s ]
SQL: SELECT `value` FROM `system_config` WHERE `name` = 'URL_MODEL' LIMIT 1   [ RunTime:0.0003s ]
INFO: Run Common\Behavior\InitModuleBehavior [ RunTime:0.008673s ]
INFO: [ app_init ] --END-- [ RunTime:0.008913s ]
INFO: [ app_begin ] --START--
INFO: Run Behavior\ReadHtmlCacheBehavior [ RunTime:0.000293s ]
SQL: SELECT `name`,`value`,`type` FROM `system_config` WHERE `status` = 1  [ RunTime:0.0005s ]
NOTIC: [2] Missing argument 2 for parse_attr(), called in /Applications/XAMPP/xamppfiles/htdocs/space/Application/Common/Model/SystemConfigModel.class.php on line 42 and defined /Applications/XAMPP/xamppfiles/htdocs/space/Application/Common/Common/function.php 第 7 行.

[ 2018-04-11T14:51:42+08:00 ] 127.0.0.1 /Message/get_WithoutReadMessage
INFO: [ app_init ] --START--
INFO: Run Behavior\BuildLiteBehavior [ RunTime:0.000011s ]
NOTIC: [8] Use of undefined constant STATUS_RESUME - assumed 'STATUS_RESUME' /Applications/XAMPP/xamppfiles/htdocs/space/ThinkPHP/Common/functions.php 第 596 行.
SQL: SHOW COLUMNS FROM `system_config` [ RunTime:0.0050s ]
SQL: SELECT `value` FROM `system_config` WHERE `name` = 'URL_MODEL' LIMIT 1   [ RunTime:0.0003s ]
INFO: Run Common\Behavior\InitModuleBehavior [ RunTime:0.013644s ]
INFO: [ app_init ] --END-- [ RunTime:0.014064s ]
INFO: [ app_begin ] --START--
INFO: Run Behavior\ReadHtmlCacheBehavior [ RunTime:0.000304s ]
SQL: SELECT `name`,`value`,`type` FROM `system_config` WHERE `status` = 1  [ RunTime:0.0006s ]
NOTIC: [2] Missing argument 2 for parse_attr(), called in /Applications/XAMPP/xamppfiles/htdocs/space/Application/Common/Model/SystemConfigModel.class.php on line 42 and defined /Applications/XAMPP/xamppfiles/htdocs/space/Application/Common/Common/function.php 第 7 行.

[ 2018-04-11T15:11:16+08:00 ] 127.0.0.1 /Message/get_Message
INFO: [ app_init ] --START--
INFO: Run Behavior\BuildLiteBehavior [ RunTime:0.000010s ]
NOTIC: [8] Use of undefined constant STATUS_RESUME - assumed 'STATUS_RESUME' /Applications/XAMPP/xamppfiles/htdocs/space/ThinkPHP/Common/functions.php 第 596 行.
SQL: SHOW COLUMNS FROM `system_config` [ RunTime:0.0036s ]
SQL: SELECT `value` FROM `system_config` WHERE `name` = 'URL_MODEL' LIMIT 1   [ RunTime:0.0003s ]
INFO: Run Common\Behavior\InitModuleBehavior [ RunTime:0.015378s ]
INFO: [ app_init ] --END-- [ RunTime:0.015923s ]
INFO: [ app_begin ] --START--
INFO: Run Behavior\ReadHtmlCacheBehavior [ RunTime:0.000708s ]
SQL: SELECT `name`,`value`,`type` FROM `system_config` WHERE `status` = 1  [ RunTime:0.0005s ]
NOTIC: [2] Missing argument 2 for parse_attr(), called in /Applications/XAMPP/xamppfiles/htdocs/space/Application/Common/Model/SystemConfigModel.class.php on line 42 and defined /Applications/XAMPP/xamppfiles/htdocs/space/Application/Common/Common/function.php 第 7 行.

[ 2018-04-11T15:13:20+08:00 ] 127.0.0.1 /Message/get_Message
INFO: [ app_init ] --START--
INFO: Run Behavior\BuildLiteBehavior [ RunTime:0.000009s ]
NOTIC: [8] Use of undefined constant STATUS_RESUME - assumed 'STATUS_RESUME' /Applications/XAMPP/xamppfiles/htdocs/space/ThinkPHP/Common/functions.php 第 596 行.
SQL: SHOW COLUMNS FROM `system_config` [ RunTime:0.0023s ]
SQL: SELECT `value` FROM `system_config` WHERE `name` = 'URL_MODEL' LIMIT 1   [ RunTime:0.0003s ]
INFO: Run Common\Behavior\InitModuleBehavior [ RunTime:0.008818s ]
INFO: [ app_init ] --END-- [ RunTime:0.009066s ]
INFO: [ app_begin ] --START--
INFO: Run Behavior\ReadHtmlCacheBehavior [ RunTime:0.000279s ]
SQL: SELECT `name`,`value`,`type` FROM `system_config` WHERE `status` = 1  [ RunTime:0.0004s ]
NOTIC: [2] Missing argument 2 for parse_attr(), called in /Applications/XAMPP/xamppfiles/htdocs/space/Application/Common/Model/SystemConfigModel.class.php on line 42 and defined /Applications/XAMPP/xamppfiles/htdocs/space/Application/Common/Common/function.php 第 7 行.

[ 2018-04-11T15:13:39+08:00 ] 127.0.0.1 /Message/get_Message
INFO: [ app_init ] --START--
INFO: Run Behavior\BuildLiteBehavior [ RunTime:0.000007s ]
NOTIC: [8] Use of undefined constant STATUS_RESUME - assumed 'STATUS_RESUME' /Applications/XAMPP/xamppfiles/htdocs/space/ThinkPHP/Common/functions.php 第 596 行.
SQL: SHOW COLUMNS FROM `system_config` [ RunTime:0.0023s ]
SQL: SELECT `value` FROM `system_config` WHERE `name` = 'URL_MODEL' LIMIT 1   [ RunTime:0.0003s ]
INFO: Run Common\Behavior\InitModuleBehavior [ RunTime:0.009128s ]
INFO: [ app_init ] --END-- [ RunTime:0.009393s ]
INFO: [ app_begin ] --START--
INFO: Run Behavior\ReadHtmlCacheBehavior [ RunTime:0.000279s ]
SQL: SELECT `name`,`value`,`type` FROM `system_config` WHERE `status` = 1  [ RunTime:0.0004s ]
NOTIC: [2] Missing argument 2 for parse_attr(), called in /Applications/XAMPP/xamppfiles/htdocs/space/Application/Common/Model/SystemConfigModel.class.php on line 42 and defined /Applications/XAMPP/xamppfiles/htdocs/space/Application/Common/Common/function.php 第 7 行.

[ 2018-04-11T15:16:22+08:00 ] 127.0.0.1 /Message/send_UserMessage
INFO: [ app_init ] --START--
INFO: Run Behavior\BuildLiteBehavior [ RunTime:0.000009s ]
NOTIC: [8] Use of undefined constant STATUS_RESUME - assumed 'STATUS_RESUME' /Applications/XAMPP/xamppfiles/htdocs/space/ThinkPHP/Common/functions.php 第 596 行.
SQL: SHOW COLUMNS FROM `system_config` [ RunTime:0.0027s ]
SQL: SELECT `value` FROM `system_config` WHERE `name` = 'URL_MODEL' LIMIT 1   [ RunTime:0.0004s ]
INFO: Run Common\Behavior\InitModuleBehavior [ RunTime:0.009924s ]
INFO: [ app_init ] --END-- [ RunTime:0.010166s ]
INFO: [ app_begin ] --START--
INFO: Run Behavior\ReadHtmlCacheBehavior [ RunTime:0.000474s ]
SQL: SELECT `name`,`value`,`type` FROM `system_config` WHERE `status` = 1  [ RunTime:0.0006s ]
NOTIC: [2] Missing argument 2 for parse_attr(), called in /Applications/XAMPP/xamppfiles/htdocs/space/Application/Common/Model/SystemConfigModel.class.php on line 42 and defined /Applications/XAMPP/xamppfiles/htdocs/space/Application/Common/Common/function.php 第 7 行.

[ 2018-04-11T15:44:12+08:00 ] 127.0.0.1 /Message/get_ConnectMessage
INFO: [ app_init ] --START--
INFO: Run Behavior\BuildLiteBehavior [ RunTime:0.000010s ]
NOTIC: [8] Use of undefined constant STATUS_RESUME - assumed 'STATUS_RESUME' /Applications/XAMPP/xamppfiles/htdocs/space/ThinkPHP/Common/functions.php 第 596 行.
SQL: SHOW COLUMNS FROM `system_config` [ RunTime:0.0050s ]
SQL: SELECT `value` FROM `system_config` WHERE `name` = 'URL_MODEL' LIMIT 1   [ RunTime:0.0004s ]
INFO: Run Common\Behavior\InitModuleBehavior [ RunTime:0.018591s ]
INFO: [ app_init ] --END-- [ RunTime:0.019143s ]
INFO: [ app_begin ] --START--
INFO: Run Behavior\ReadHtmlCacheBehavior [ RunTime:0.000512s ]
SQL: SELECT `name`,`value`,`type` FROM `system_config` WHERE `status` = 1  [ RunTime:0.0004s ]
NOTIC: [2] Missing argument 2 for parse_attr(), called in /Applications/XAMPP/xamppfiles/htdocs/space/Application/Common/Model/SystemConfigModel.class.php on line 42 and defined /Applications/XAMPP/xamppfiles/htdocs/space/Application/Common/Common/function.php 第 7 行.

[ 2018-04-11T15:44:22+08:00 ] 127.0.0.1 /Message/get_ConnectMessage
INFO: [ app_init ] --START--
INFO: Run Behavior\BuildLiteBehavior [ RunTime:0.000017s ]
NOTIC: [8] Use of undefined constant STATUS_RESUME - assumed 'STATUS_RESUME' /Applications/XAMPP/xamppfiles/htdocs/space/ThinkPHP/Common/functions.php 第 596 行.
SQL: SHOW COLUMNS FROM `system_config` [ RunTime:0.0027s ]
SQL: SELECT `value` FROM `system_config` WHERE `name` = 'URL_MODEL' LIMIT 1   [ RunTime:0.0003s ]
INFO: Run Common\Behavior\InitModuleBehavior [ RunTime:0.011834s ]
INFO: [ app_init ] --END-- [ RunTime:0.012286s ]
INFO: [ app_begin ] --START--
INFO: Run Behavior\ReadHtmlCacheBehavior [ RunTime:0.000495s ]
SQL: SELECT `name`,`value`,`type` FROM `system_config` WHERE `status` = 1  [ RunTime:0.0004s ]
NOTIC: [2] Missing argument 2 for parse_attr(), called in /Applications/XAMPP/xamppfiles/htdocs/space/Application/Common/Model/SystemConfigModel.class.php on line 42 and defined /Applications/XAMPP/xamppfiles/htdocs/space/Application/Common/Common/function.php 第 7 行.
ERR: 1064:You have an error in your SQL syntax; check the manual that corresponds to your MariaDB server version for the right syntax to use near '.* FROM infomation if left join member m on if.from_user_id = m.member_id  WHERE' at line 1
 [ SQL语句 ] : SELECT if.* FROM infomation if left join member m on if.from_user_id = m.member_id  WHERE ( if.from_user_id =Array ) 

[ 2018-04-11T15:45:43+08:00 ] 127.0.0.1 /Message/get_ConnectMessage
INFO: [ app_init ] --START--
INFO: Run Behavior\BuildLiteBehavior [ RunTime:0.000009s ]
NOTIC: [8] Use of undefined constant STATUS_RESUME - assumed 'STATUS_RESUME' /Applications/XAMPP/xamppfiles/htdocs/space/ThinkPHP/Common/functions.php 第 596 行.
SQL: SHOW COLUMNS FROM `system_config` [ RunTime:0.0036s ]
SQL: SELECT `value` FROM `system_config` WHERE `name` = 'URL_MODEL' LIMIT 1   [ RunTime:0.0003s ]
INFO: Run Common\Behavior\InitModuleBehavior [ RunTime:0.010776s ]
INFO: [ app_init ] --END-- [ RunTime:0.011092s ]
INFO: [ app_begin ] --START--
INFO: Run Behavior\ReadHtmlCacheBehavior [ RunTime:0.000326s ]
SQL: SELECT `name`,`value`,`type` FROM `system_config` WHERE `status` = 1  [ RunTime:0.0004s ]
NOTIC: [2] Missing argument 2 for parse_attr(), called in /Applications/XAMPP/xamppfiles/htdocs/space/Application/Common/Model/SystemConfigModel.class.php on line 42 and defined /Applications/XAMPP/xamppfiles/htdocs/space/Application/Common/Common/function.php 第 7 行.
ERR: 1064:You have an error in your SQL syntax; check the manual that corresponds to your MariaDB server version for the right syntax to use near 'if WHERE if.from_user_id = '3' LIMIT 1' at line 1
 [ SQL语句 ] : SELECT COUNT(*) AS tp_count FROM infomation if WHERE if.from_user_id = '3' LIMIT 1  

[ 2018-04-11T15:46:28+08:00 ] 127.0.0.1 /Message/get_ConnectMessage
INFO: [ app_init ] --START--
INFO: Run Behavior\BuildLiteBehavior [ RunTime:0.000011s ]
NOTIC: [8] Use of undefined constant STATUS_RESUME - assumed 'STATUS_RESUME' /Applications/XAMPP/xamppfiles/htdocs/space/ThinkPHP/Common/functions.php 第 596 行.
SQL: SHOW COLUMNS FROM `system_config` [ RunTime:0.0024s ]
SQL: SELECT `value` FROM `system_config` WHERE `name` = 'URL_MODEL' LIMIT 1   [ RunTime:0.0003s ]
INFO: Run Common\Behavior\InitModuleBehavior [ RunTime:0.009135s ]
INFO: [ app_init ] --END-- [ RunTime:0.009443s ]
INFO: [ app_begin ] --START--
INFO: Run Behavior\ReadHtmlCacheBehavior [ RunTime:0.000439s ]
SQL: SELECT `name`,`value`,`type` FROM `system_config` WHERE `status` = 1  [ RunTime:0.0004s ]
NOTIC: [2] Missing argument 2 for parse_attr(), called in /Applications/XAMPP/xamppfiles/htdocs/space/Application/Common/Model/SystemConfigModel.class.php on line 42 and defined /Applications/XAMPP/xamppfiles/htdocs/space/Application/Common/Common/function.php 第 7 行.
ERR: 1054:Unknown column 'if.from_user_id' in 'where clause'
 [ SQL语句 ] : SELECT COUNT(*) AS tp_count FROM `infomation` WHERE if.from_user_id = '3' LIMIT 1  

[ 2018-04-11T15:47:39+08:00 ] 127.0.0.1 /Message/get_ConnectMessage
INFO: [ app_init ] --START--
INFO: Run Behavior\BuildLiteBehavior [ RunTime:0.000008s ]
NOTIC: [8] Use of undefined constant STATUS_RESUME - assumed 'STATUS_RESUME' /Applications/XAMPP/xamppfiles/htdocs/space/ThinkPHP/Common/functions.php 第 596 行.
SQL: SHOW COLUMNS FROM `system_config` [ RunTime:0.0038s ]
SQL: SELECT `value` FROM `system_config` WHERE `name` = 'URL_MODEL' LIMIT 1   [ RunTime:0.0003s ]
INFO: Run Common\Behavior\InitModuleBehavior [ RunTime:0.010194s ]
INFO: [ app_init ] --END-- [ RunTime:0.010432s ]
INFO: [ app_begin ] --START--
INFO: Run Behavior\ReadHtmlCacheBehavior [ RunTime:0.000258s ]
SQL: SELECT `name`,`value`,`type` FROM `system_config` WHERE `status` = 1  [ RunTime:0.0004s ]
NOTIC: [2] Missing argument 2 for parse_attr(), called in /Applications/XAMPP/xamppfiles/htdocs/space/Application/Common/Model/SystemConfigModel.class.php on line 42 and defined /Applications/XAMPP/xamppfiles/htdocs/space/Application/Common/Common/function.php 第 7 行.
ERR: syntax error, unexpected '->' (T_OBJECT_OPERATOR), expecting identifier (T_STRING) or variable (T_VARIABLE) or '{' or '$'

[ 2018-04-11T15:47:48+08:00 ] 127.0.0.1 /Message/get_ConnectMessage
INFO: [ app_init ] --START--
INFO: Run Behavior\BuildLiteBehavior [ RunTime:0.000009s ]
NOTIC: [8] Use of undefined constant STATUS_RESUME - assumed 'STATUS_RESUME' /Applications/XAMPP/xamppfiles/htdocs/space/ThinkPHP/Common/functions.php 第 596 行.
SQL: SHOW COLUMNS FROM `system_config` [ RunTime:0.0057s ]
SQL: SELECT `value` FROM `system_config` WHERE `name` = 'URL_MODEL' LIMIT 1   [ RunTime:0.0003s ]
INFO: Run Common\Behavior\InitModuleBehavior [ RunTime:0.012463s ]
INFO: [ app_init ] --END-- [ RunTime:0.012722s ]
INFO: [ app_begin ] --START--
INFO: Run Behavior\ReadHtmlCacheBehavior [ RunTime:0.000311s ]
SQL: SELECT `name`,`value`,`type` FROM `system_config` WHERE `status` = 1  [ RunTime:0.0004s ]
NOTIC: [2] Missing argument 2 for parse_attr(), called in /Applications/XAMPP/xamppfiles/htdocs/space/Application/Common/Model/SystemConfigModel.class.php on line 42 and defined /Applications/XAMPP/xamppfiles/htdocs/space/Application/Common/Common/function.php 第 7 行.
ERR: 1064:You have an error in your SQL syntax; check the manual that corresponds to your MariaDB server version for the right syntax to use near 'if left join member m on if.from_user_id = m.member_id  WHERE if.from_user_id = ' at line 1
 [ SQL语句 ] : SELECT COUNT(*) AS tp_count FROM infomation if left join member m on if.from_user_id = m.member_id  WHERE if.from_user_id = '3' LIMIT 1  

[ 2018-04-11T15:48:08+08:00 ] 127.0.0.1 /Message/get_ConnectMessage
INFO: [ app_init ] --START--
INFO: Run Behavior\BuildLiteBehavior [ RunTime:0.000012s ]
NOTIC: [8] Use of undefined constant STATUS_RESUME - assumed 'STATUS_RESUME' /Applications/XAMPP/xamppfiles/htdocs/space/ThinkPHP/Common/functions.php 第 596 行.
SQL: SHOW COLUMNS FROM `system_config` [ RunTime:0.0036s ]
SQL: SELECT `value` FROM `system_config` WHERE `name` = 'URL_MODEL' LIMIT 1   [ RunTime:0.0003s ]
INFO: Run Common\Behavior\InitModuleBehavior [ RunTime:0.011519s ]
INFO: [ app_init ] --END-- [ RunTime:0.011846s ]
INFO: [ app_begin ] --START--
INFO: Run Behavior\ReadHtmlCacheBehavior [ RunTime:0.000289s ]
SQL: SELECT `name`,`value`,`type` FROM `system_config` WHERE `status` = 1  [ RunTime:0.0004s ]
NOTIC: [2] Missing argument 2 for parse_attr(), called in /Applications/XAMPP/xamppfiles/htdocs/space/Application/Common/Model/SystemConfigModel.class.php on line 42 and defined /Applications/XAMPP/xamppfiles/htdocs/space/Application/Common/Common/function.php 第 7 行.
ERR: 1064:You have an error in your SQL syntax; check the manual that corresponds to your MariaDB server version for the right syntax to use near 'if left join member m on if.from_user_id = m.member_id  WHERE if.from_user_id = ' at line 1
 [ SQL语句 ] : SELECT COUNT(*) AS tp_count FROM infomation if left join member m on if.from_user_id = m.member_id  WHERE if.from_user_id = '3' LIMIT 1  

[ 2018-04-11T15:48:22+08:00 ] 127.0.0.1 /Message/get_ConnectMessage
INFO: [ app_init ] --START--
INFO: Run Behavior\BuildLiteBehavior [ RunTime:0.000008s ]
NOTIC: [8] Use of undefined constant STATUS_RESUME - assumed 'STATUS_RESUME' /Applications/XAMPP/xamppfiles/htdocs/space/ThinkPHP/Common/functions.php 第 596 行.
SQL: SHOW COLUMNS FROM `system_config` [ RunTime:0.0023s ]
SQL: SELECT `value` FROM `system_config` WHERE `name` = 'URL_MODEL' LIMIT 1   [ RunTime:0.0003s ]
INFO: Run Common\Behavior\InitModuleBehavior [ RunTime:0.008672s ]
INFO: [ app_init ] --END-- [ RunTime:0.008916s ]
INFO: [ app_begin ] --START--
INFO: Run Behavior\ReadHtmlCacheBehavior [ RunTime:0.000328s ]
SQL: SELECT `name`,`value`,`type` FROM `system_config` WHERE `status` = 1  [ RunTime:0.0004s ]
NOTIC: [2] Missing argument 2 for parse_attr(), called in /Applications/XAMPP/xamppfiles/htdocs/space/Application/Common/Model/SystemConfigModel.class.php on line 42 and defined /Applications/XAMPP/xamppfiles/htdocs/space/Application/Common/Common/function.php 第 7 行.
ERR: 1064:You have an error in your SQL syntax; check the manual that corresponds to your MariaDB server version for the right syntax to use near 'if left join member m on if.from_user_id = m.member_id  WHERE if.from_user_id = ' at line 1
 [ SQL语句 ] : SELECT COUNT(*) AS tp_count FROM infomation if left join member m on if.from_user_id = m.member_id  WHERE if.from_user_id = '3' LIMIT 1  

[ 2018-04-11T15:52:08+08:00 ] 127.0.0.1 /Message/get_ConnectMessage
INFO: [ app_init ] --START--
INFO: Run Behavior\BuildLiteBehavior [ RunTime:0.000011s ]
NOTIC: [8] Use of undefined constant STATUS_RESUME - assumed 'STATUS_RESUME' /Applications/XAMPP/xamppfiles/htdocs/space/ThinkPHP/Common/functions.php 第 596 行.
SQL: SHOW COLUMNS FROM `system_config` [ RunTime:0.0054s ]
SQL: SELECT `value` FROM `system_config` WHERE `name` = 'URL_MODEL' LIMIT 1   [ RunTime:0.0003s ]
INFO: Run Common\Behavior\InitModuleBehavior [ RunTime:0.026268s ]
INFO: [ app_init ] --END-- [ RunTime:0.027072s ]
INFO: [ app_begin ] --START--
INFO: Run Behavior\ReadHtmlCacheBehavior [ RunTime:0.001881s ]
SQL: SELECT `name`,`value`,`type` FROM `system_config` WHERE `status` = 1  [ RunTime:0.0005s ]
NOTIC: [2] Missing argument 2 for parse_attr(), called in /Applications/XAMPP/xamppfiles/htdocs/space/Application/Common/Model/SystemConfigModel.class.php on line 42 and defined /Applications/XAMPP/xamppfiles/htdocs/space/Application/Common/Common/function.php 第 7 行.
ERR: 1064:You have an error in your SQL syntax; check the manual that corresponds to your MariaDB server version for the right syntax to use near 'if where if.from_user_id =3' at line 1
 [ SQL语句 ] : select count(if.id) as count from infomation as if where if.from_user_id =3

[ 2018-04-11T15:53:07+08:00 ] 127.0.0.1 /Message/get_ConnectMessage
INFO: [ app_init ] --START--
INFO: Run Behavior\BuildLiteBehavior [ RunTime:0.000007s ]
NOTIC: [8] Use of undefined constant STATUS_RESUME - assumed 'STATUS_RESUME' /Applications/XAMPP/xamppfiles/htdocs/space/ThinkPHP/Common/functions.php 第 596 行.
SQL: SHOW COLUMNS FROM `system_config` [ RunTime:0.0028s ]
SQL: SELECT `value` FROM `system_config` WHERE `name` = 'URL_MODEL' LIMIT 1   [ RunTime:0.0003s ]
INFO: Run Common\Behavior\InitModuleBehavior [ RunTime:0.011265s ]
INFO: [ app_init ] --END-- [ RunTime:0.011585s ]
INFO: [ app_begin ] --START--
INFO: Run Behavior\ReadHtmlCacheBehavior [ RunTime:0.000254s ]
SQL: SELECT `name`,`value`,`type` FROM `system_config` WHERE `status` = 1  [ RunTime:0.0004s ]
NOTIC: [2] Missing argument 2 for parse_attr(), called in /Applications/XAMPP/xamppfiles/htdocs/space/Application/Common/Model/SystemConfigModel.class.php on line 42 and defined /Applications/XAMPP/xamppfiles/htdocs/space/Application/Common/Common/function.php 第 7 行.
ERR: 1064:You have an error in your SQL syntax; check the manual that corresponds to your MariaDB server version for the right syntax to use near 'if left join member m on if.from_user_id = m.member_id  WHERE if.from_user_id = ' at line 1
 [ SQL语句 ] : SELECT if.from_user_id FROM infomation if left join member m on if.from_user_id = m.member_id  WHERE if.from_user_id = '3' LIMIT 0,2  

[ 2018-04-11T15:55:29+08:00 ] 127.0.0.1 /Message/get_ConnectMessage
INFO: [ app_init ] --START--
INFO: Run Behavior\BuildLiteBehavior [ RunTime:0.000007s ]
NOTIC: [8] Use of undefined constant STATUS_RESUME - assumed 'STATUS_RESUME' /Applications/XAMPP/xamppfiles/htdocs/space/ThinkPHP/Common/functions.php 第 596 行.
SQL: SHOW COLUMNS FROM `system_config` [ RunTime:0.0026s ]
SQL: SELECT `value` FROM `system_config` WHERE `name` = 'URL_MODEL' LIMIT 1   [ RunTime:0.0003s ]
INFO: Run Common\Behavior\InitModuleBehavior [ RunTime:0.010384s ]
INFO: [ app_init ] --END-- [ RunTime:0.010612s ]
INFO: [ app_begin ] --START--
INFO: Run Behavior\ReadHtmlCacheBehavior [ RunTime:0.000328s ]
SQL: SELECT `name`,`value`,`type` FROM `system_config` WHERE `status` = 1  [ RunTime:0.0004s ]
NOTIC: [2] Missing argument 2 for parse_attr(), called in /Applications/XAMPP/xamppfiles/htdocs/space/Application/Common/Model/SystemConfigModel.class.php on line 42 and defined /Applications/XAMPP/xamppfiles/htdocs/space/Application/Common/Common/function.php 第 7 行.
ERR: 1064:You have an error in your SQL syntax; check the manual that corresponds to your MariaDB server version for the right syntax to use near 'if WHERE if.from_user_id = '3' LIMIT 1' at line 1
 [ SQL语句 ] : SELECT COUNT(*) AS tp_count FROM infomation if WHERE if.from_user_id = '3' LIMIT 1  

[ 2018-04-11T15:55:51+08:00 ] 127.0.0.1 /Message/get_ConnectMessage
INFO: [ app_init ] --START--
INFO: Run Behavior\BuildLiteBehavior [ RunTime:0.000012s ]
NOTIC: [8] Use of undefined constant STATUS_RESUME - assumed 'STATUS_RESUME' /Applications/XAMPP/xamppfiles/htdocs/space/ThinkPHP/Common/functions.php 第 596 行.
SQL: SHOW COLUMNS FROM `system_config` [ RunTime:0.0027s ]
SQL: SELECT `value` FROM `system_config` WHERE `name` = 'URL_MODEL' LIMIT 1   [ RunTime:0.0003s ]
INFO: Run Common\Behavior\InitModuleBehavior [ RunTime:0.010079s ]
INFO: [ app_init ] --END-- [ RunTime:0.010454s ]
INFO: [ app_begin ] --START--
INFO: Run Behavior\ReadHtmlCacheBehavior [ RunTime:0.000318s ]
SQL: SELECT `name`,`value`,`type` FROM `system_config` WHERE `status` = 1  [ RunTime:0.0004s ]
NOTIC: [2] Missing argument 2 for parse_attr(), called in /Applications/XAMPP/xamppfiles/htdocs/space/Application/Common/Model/SystemConfigModel.class.php on line 42 and defined /Applications/XAMPP/xamppfiles/htdocs/space/Application/Common/Common/function.php 第 7 行.
ERR: 1054:Unknown column 'if.from_user_id' in 'where clause'
 [ SQL语句 ] : SELECT ms.from_user_id FROM infomation ms left join member m on ms.from_user_id = m.member_id  WHERE if.from_user_id = '3' LIMIT 0,2  

[ 2018-04-11T15:56:06+08:00 ] 127.0.0.1 /Message/get_ConnectMessage
INFO: [ app_init ] --START--
INFO: Run Behavior\BuildLiteBehavior [ RunTime:0.000009s ]
NOTIC: [8] Use of undefined constant STATUS_RESUME - assumed 'STATUS_RESUME' /Applications/XAMPP/xamppfiles/htdocs/space/ThinkPHP/Common/functions.php 第 596 行.
SQL: SHOW COLUMNS FROM `system_config` [ RunTime:0.0026s ]
SQL: SELECT `value` FROM `system_config` WHERE `name` = 'URL_MODEL' LIMIT 1   [ RunTime:0.0003s ]
INFO: Run Common\Behavior\InitModuleBehavior [ RunTime:0.009027s ]
INFO: [ app_init ] --END-- [ RunTime:0.009269s ]
INFO: [ app_begin ] --START--
INFO: Run Behavior\ReadHtmlCacheBehavior [ RunTime:0.000312s ]
SQL: SELECT `name`,`value`,`type` FROM `system_config` WHERE `status` = 1  [ RunTime:0.0004s ]
NOTIC: [2] Missing argument 2 for parse_attr(), called in /Applications/XAMPP/xamppfiles/htdocs/space/Application/Common/Model/SystemConfigModel.class.php on line 42 and defined /Applications/XAMPP/xamppfiles/htdocs/space/Application/Common/Common/function.php 第 7 行.

[ 2018-04-11T15:56:40+08:00 ] 127.0.0.1 /Message/get_ConnectMessage
INFO: [ app_init ] --START--
INFO: Run Behavior\BuildLiteBehavior [ RunTime:0.000008s ]
NOTIC: [8] Use of undefined constant STATUS_RESUME - assumed 'STATUS_RESUME' /Applications/XAMPP/xamppfiles/htdocs/space/ThinkPHP/Common/functions.php 第 596 行.
SQL: SHOW COLUMNS FROM `system_config` [ RunTime:0.0024s ]
SQL: SELECT `value` FROM `system_config` WHERE `name` = 'URL_MODEL' LIMIT 1   [ RunTime:0.0003s ]
INFO: Run Common\Behavior\InitModuleBehavior [ RunTime:0.008697s ]
INFO: [ app_init ] --END-- [ RunTime:0.008936s ]
INFO: [ app_begin ] --START--
INFO: Run Behavior\ReadHtmlCacheBehavior [ RunTime:0.000286s ]
SQL: SELECT `name`,`value`,`type` FROM `system_config` WHERE `status` = 1  [ RunTime:0.0004s ]
NOTIC: [2] Missing argument 2 for parse_attr(), called in /Applications/XAMPP/xamppfiles/htdocs/space/Application/Common/Model/SystemConfigModel.class.php on line 42 and defined /Applications/XAMPP/xamppfiles/htdocs/space/Application/Common/Common/function.php 第 7 行.

[ 2018-04-11T16:00:17+08:00 ] 127.0.0.1 /Message/get_ConnectMessage
INFO: [ app_init ] --START--
INFO: Run Behavior\BuildLiteBehavior [ RunTime:0.000013s ]
NOTIC: [8] Use of undefined constant STATUS_RESUME - assumed 'STATUS_RESUME' /Applications/XAMPP/xamppfiles/htdocs/space/ThinkPHP/Common/functions.php 第 596 行.
SQL: SHOW COLUMNS FROM `system_config` [ RunTime:0.0043s ]
SQL: SELECT `value` FROM `system_config` WHERE `name` = 'URL_MODEL' LIMIT 1   [ RunTime:0.0004s ]
INFO: Run Common\Behavior\InitModuleBehavior [ RunTime:0.013955s ]
INFO: [ app_init ] --END-- [ RunTime:0.014296s ]
INFO: [ app_begin ] --START--
INFO: Run Behavior\ReadHtmlCacheBehavior [ RunTime:0.000494s ]
SQL: SELECT `name`,`value`,`type` FROM `system_config` WHERE `status` = 1  [ RunTime:0.0005s ]
NOTIC: [2] Missing argument 2 for parse_attr(), called in /Applications/XAMPP/xamppfiles/htdocs/space/Application/Common/Model/SystemConfigModel.class.php on line 42 and defined /Applications/XAMPP/xamppfiles/htdocs/space/Application/Common/Common/function.php 第 7 行.

[ 2018-04-11T16:00:17+08:00 ] 127.0.0.1 /Message/get_ConnectMessage
INFO: [ app_init ] --START--
INFO: Run Behavior\BuildLiteBehavior [ RunTime:0.000016s ]
NOTIC: [8] Use of undefined constant STATUS_RESUME - assumed 'STATUS_RESUME' /Applications/XAMPP/xamppfiles/htdocs/space/ThinkPHP/Common/functions.php 第 596 行.
SQL: SHOW COLUMNS FROM `system_config` [ RunTime:0.0022s ]
SQL: SELECT `value` FROM `system_config` WHERE `name` = 'URL_MODEL' LIMIT 1   [ RunTime:0.0003s ]
INFO: Run Common\Behavior\InitModuleBehavior [ RunTime:0.014112s ]
INFO: [ app_init ] --END-- [ RunTime:0.014730s ]
INFO: [ app_begin ] --START--
INFO: Run Behavior\ReadHtmlCacheBehavior [ RunTime:0.000319s ]
SQL: SELECT `name`,`value`,`type` FROM `system_config` WHERE `status` = 1  [ RunTime:0.0004s ]
NOTIC: [2] Missing argument 2 for parse_attr(), called in /Applications/XAMPP/xamppfiles/htdocs/space/Application/Common/Model/SystemConfigModel.class.php on line 42 and defined /Applications/XAMPP/xamppfiles/htdocs/space/Application/Common/Common/function.php 第 7 行.

[ 2018-04-11T16:01:44+08:00 ] 127.0.0.1 /Message/get_ConnectMessage
INFO: [ app_init ] --START--
INFO: Run Behavior\BuildLiteBehavior [ RunTime:0.000009s ]
NOTIC: [8] Use of undefined constant STATUS_RESUME - assumed 'STATUS_RESUME' /Applications/XAMPP/xamppfiles/htdocs/space/ThinkPHP/Common/functions.php 第 596 行.
SQL: SHOW COLUMNS FROM `system_config` [ RunTime:0.0046s ]
SQL: SELECT `value` FROM `system_config` WHERE `name` = 'URL_MODEL' LIMIT 1   [ RunTime:0.0004s ]
INFO: Run Common\Behavior\InitModuleBehavior [ RunTime:0.014813s ]
INFO: [ app_init ] --END-- [ RunTime:0.015070s ]
INFO: [ app_begin ] --START--
INFO: Run Behavior\ReadHtmlCacheBehavior [ RunTime:0.000476s ]
SQL: SELECT `name`,`value`,`type` FROM `system_config` WHERE `status` = 1  [ RunTime:0.0005s ]
NOTIC: [2] Missing argument 2 for parse_attr(), called in /Applications/XAMPP/xamppfiles/htdocs/space/Application/Common/Model/SystemConfigModel.class.php on line 42 and defined /Applications/XAMPP/xamppfiles/htdocs/space/Application/Common/Common/function.php 第 7 行.
ERR: 1054:Unknown column 'mw.nickname' in 'field list'
 [ SQL语句 ] : SELECT ms.*,m.member_name,m.member_wechat_account,mw.nickname,mw.headimgurl FROM infomation ms left join member m on ms.from_user_id = m.member_id  WHERE ms.from_user_id = '4' LIMIT 0,2  

[ 2018-04-11T16:02:36+08:00 ] 127.0.0.1 /Message/get_ConnectMessage
INFO: [ app_init ] --START--
INFO: Run Behavior\BuildLiteBehavior [ RunTime:0.000013s ]
NOTIC: [8] Use of undefined constant STATUS_RESUME - assumed 'STATUS_RESUME' /Applications/XAMPP/xamppfiles/htdocs/space/ThinkPHP/Common/functions.php 第 596 行.
SQL: SHOW COLUMNS FROM `system_config` [ RunTime:0.0028s ]
SQL: SELECT `value` FROM `system_config` WHERE `name` = 'URL_MODEL' LIMIT 1   [ RunTime:0.0003s ]
INFO: Run Common\Behavior\InitModuleBehavior [ RunTime:0.011156s ]
INFO: [ app_init ] --END-- [ RunTime:0.011553s ]
INFO: [ app_begin ] --START--
INFO: Run Behavior\ReadHtmlCacheBehavior [ RunTime:0.000290s ]
SQL: SELECT `name`,`value`,`type` FROM `system_config` WHERE `status` = 1  [ RunTime:0.0005s ]
NOTIC: [2] Missing argument 2 for parse_attr(), called in /Applications/XAMPP/xamppfiles/htdocs/space/Application/Common/Model/SystemConfigModel.class.php on line 42 and defined /Applications/XAMPP/xamppfiles/htdocs/space/Application/Common/Common/function.php 第 7 行.

[ 2018-04-11T16:02:58+08:00 ] 127.0.0.1 /Message/get_ConnectMessage
INFO: [ app_init ] --START--
INFO: Run Behavior\BuildLiteBehavior [ RunTime:0.000009s ]
NOTIC: [8] Use of undefined constant STATUS_RESUME - assumed 'STATUS_RESUME' /Applications/XAMPP/xamppfiles/htdocs/space/ThinkPHP/Common/functions.php 第 596 行.
SQL: SHOW COLUMNS FROM `system_config` [ RunTime:0.0026s ]
SQL: SELECT `value` FROM `system_config` WHERE `name` = 'URL_MODEL' LIMIT 1   [ RunTime:0.0003s ]
INFO: Run Common\Behavior\InitModuleBehavior [ RunTime:0.008921s ]
INFO: [ app_init ] --END-- [ RunTime:0.009185s ]
INFO: [ app_begin ] --START--
INFO: Run Behavior\ReadHtmlCacheBehavior [ RunTime:0.000289s ]
SQL: SELECT `name`,`value`,`type` FROM `system_config` WHERE `status` = 1  [ RunTime:0.0004s ]
NOTIC: [2] Missing argument 2 for parse_attr(), called in /Applications/XAMPP/xamppfiles/htdocs/space/Application/Common/Model/SystemConfigModel.class.php on line 42 and defined /Applications/XAMPP/xamppfiles/htdocs/space/Application/Common/Common/function.php 第 7 行.

[ 2018-04-11T16:04:13+08:00 ] 127.0.0.1 /Message/get_ConnectMessage
INFO: [ app_init ] --START--
INFO: Run Behavior\BuildLiteBehavior [ RunTime:0.000008s ]
NOTIC: [8] Use of undefined constant STATUS_RESUME - assumed 'STATUS_RESUME' /Applications/XAMPP/xamppfiles/htdocs/space/ThinkPHP/Common/functions.php 第 596 行.
SQL: SHOW COLUMNS FROM `system_config` [ RunTime:0.0024s ]
SQL: SELECT `value` FROM `system_config` WHERE `name` = 'URL_MODEL' LIMIT 1   [ RunTime:0.0003s ]
INFO: Run Common\Behavior\InitModuleBehavior [ RunTime:0.008792s ]
INFO: [ app_init ] --END-- [ RunTime:0.009029s ]
INFO: [ app_begin ] --START--
INFO: Run Behavior\ReadHtmlCacheBehavior [ RunTime:0.000335s ]
SQL: SELECT `name`,`value`,`type` FROM `system_config` WHERE `status` = 1  [ RunTime:0.0004s ]
NOTIC: [2] Missing argument 2 for parse_attr(), called in /Applications/XAMPP/xamppfiles/htdocs/space/Application/Common/Model/SystemConfigModel.class.php on line 42 and defined /Applications/XAMPP/xamppfiles/htdocs/space/Application/Common/Common/function.php 第 7 行.

[ 2018-04-11T16:04:16+08:00 ] 127.0.0.1 /Message/get_ConnectMessage
INFO: [ app_init ] --START--
INFO: Run Behavior\BuildLiteBehavior [ RunTime:0.000008s ]
NOTIC: [8] Use of undefined constant STATUS_RESUME - assumed 'STATUS_RESUME' /Applications/XAMPP/xamppfiles/htdocs/space/ThinkPHP/Common/functions.php 第 596 行.
SQL: SHOW COLUMNS FROM `system_config` [ RunTime:0.0038s ]
SQL: SELECT `value` FROM `system_config` WHERE `name` = 'URL_MODEL' LIMIT 1   [ RunTime:0.0003s ]
INFO: Run Common\Behavior\InitModuleBehavior [ RunTime:0.010084s ]
INFO: [ app_init ] --END-- [ RunTime:0.010323s ]
INFO: [ app_begin ] --START--
INFO: Run Behavior\ReadHtmlCacheBehavior [ RunTime:0.000283s ]
SQL: SELECT `name`,`value`,`type` FROM `system_config` WHERE `status` = 1  [ RunTime:0.0004s ]
NOTIC: [2] Missing argument 2 for parse_attr(), called in /Applications/XAMPP/xamppfiles/htdocs/space/Application/Common/Model/SystemConfigModel.class.php on line 42 and defined /Applications/XAMPP/xamppfiles/htdocs/space/Application/Common/Common/function.php 第 7 行.

[ 2018-04-11T16:04:41+08:00 ] 127.0.0.1 /Message/get_ConnectMessage
INFO: [ app_init ] --START--
INFO: Run Behavior\BuildLiteBehavior [ RunTime:0.000007s ]
NOTIC: [8] Use of undefined constant STATUS_RESUME - assumed 'STATUS_RESUME' /Applications/XAMPP/xamppfiles/htdocs/space/ThinkPHP/Common/functions.php 第 596 行.
SQL: SHOW COLUMNS FROM `system_config` [ RunTime:0.0025s ]
SQL: SELECT `value` FROM `system_config` WHERE `name` = 'URL_MODEL' LIMIT 1   [ RunTime:0.0003s ]
INFO: Run Common\Behavior\InitModuleBehavior [ RunTime:0.008960s ]
INFO: [ app_init ] --END-- [ RunTime:0.009187s ]
INFO: [ app_begin ] --START--
INFO: Run Behavior\ReadHtmlCacheBehavior [ RunTime:0.000340s ]
SQL: SELECT `name`,`value`,`type` FROM `system_config` WHERE `status` = 1  [ RunTime:0.0004s ]
NOTIC: [2] Missing argument 2 for parse_attr(), called in /Applications/XAMPP/xamppfiles/htdocs/space/Application/Common/Model/SystemConfigModel.class.php on line 42 and defined /Applications/XAMPP/xamppfiles/htdocs/space/Application/Common/Common/function.php 第 7 行.

[ 2018-04-11T16:10:16+08:00 ] 127.0.0.1 /Message/get_ConnectMessage
INFO: [ app_init ] --START--
INFO: Run Behavior\BuildLiteBehavior [ RunTime:0.000008s ]
NOTIC: [8] Use of undefined constant STATUS_RESUME - assumed 'STATUS_RESUME' /Applications/XAMPP/xamppfiles/htdocs/space/ThinkPHP/Common/functions.php 第 596 行.
SQL: SHOW COLUMNS FROM `system_config` [ RunTime:0.0036s ]
SQL: SELECT `value` FROM `system_config` WHERE `name` = 'URL_MODEL' LIMIT 1   [ RunTime:0.0003s ]
INFO: Run Common\Behavior\InitModuleBehavior [ RunTime:0.010023s ]
INFO: [ app_init ] --END-- [ RunTime:0.010261s ]
INFO: [ app_begin ] --START--
INFO: Run Behavior\ReadHtmlCacheBehavior [ RunTime:0.000279s ]
SQL: SELECT `name`,`value`,`type` FROM `system_config` WHERE `status` = 1  [ RunTime:0.0004s ]
NOTIC: [2] Missing argument 2 for parse_attr(), called in /Applications/XAMPP/xamppfiles/htdocs/space/Application/Common/Model/SystemConfigModel.class.php on line 42 and defined /Applications/XAMPP/xamppfiles/htdocs/space/Application/Common/Common/function.php 第 7 行.

[ 2018-04-11T16:13:13+08:00 ] 127.0.0.1 /Message/get_ConnectMessage
INFO: [ app_init ] --START--
INFO: Run Behavior\BuildLiteBehavior [ RunTime:0.000007s ]
NOTIC: [8] Use of undefined constant STATUS_RESUME - assumed 'STATUS_RESUME' /Applications/XAMPP/xamppfiles/htdocs/space/ThinkPHP/Common/functions.php 第 596 行.
SQL: SHOW COLUMNS FROM `system_config` [ RunTime:0.0035s ]
SQL: SELECT `value` FROM `system_config` WHERE `name` = 'URL_MODEL' LIMIT 1   [ RunTime:0.0003s ]
INFO: Run Common\Behavior\InitModuleBehavior [ RunTime:0.010000s ]
INFO: [ app_init ] --END-- [ RunTime:0.010223s ]
INFO: [ app_begin ] --START--
INFO: Run Behavior\ReadHtmlCacheBehavior [ RunTime:0.000264s ]
SQL: SELECT `name`,`value`,`type` FROM `system_config` WHERE `status` = 1  [ RunTime:0.0004s ]
NOTIC: [2] Missing argument 2 for parse_attr(), called in /Applications/XAMPP/xamppfiles/htdocs/space/Application/Common/Model/SystemConfigModel.class.php on line 42 and defined /Applications/XAMPP/xamppfiles/htdocs/space/Application/Common/Common/function.php 第 7 行.

[ 2018-04-11T16:13:34+08:00 ] 127.0.0.1 /Message/get_ConnectMessage
INFO: [ app_init ] --START--
INFO: Run Behavior\BuildLiteBehavior [ RunTime:0.000008s ]
NOTIC: [8] Use of undefined constant STATUS_RESUME - assumed 'STATUS_RESUME' /Applications/XAMPP/xamppfiles/htdocs/space/ThinkPHP/Common/functions.php 第 596 行.
SQL: SHOW COLUMNS FROM `system_config` [ RunTime:0.0024s ]
SQL: SELECT `value` FROM `system_config` WHERE `name` = 'URL_MODEL' LIMIT 1   [ RunTime:0.0003s ]
INFO: Run Common\Behavior\InitModuleBehavior [ RunTime:0.008804s ]
INFO: [ app_init ] --END-- [ RunTime:0.009043s ]
INFO: [ app_begin ] --START--
INFO: Run Behavior\ReadHtmlCacheBehavior [ RunTime:0.000295s ]
SQL: SELECT `name`,`value`,`type` FROM `system_config` WHERE `status` = 1  [ RunTime:0.0004s ]
NOTIC: [2] Missing argument 2 for parse_attr(), called in /Applications/XAMPP/xamppfiles/htdocs/space/Application/Common/Model/SystemConfigModel.class.php on line 42 and defined /Applications/XAMPP/xamppfiles/htdocs/space/Application/Common/Common/function.php 第 7 行.

[ 2018-04-11T16:13:48+08:00 ] 127.0.0.1 /Message/get_ConnectMessage
INFO: [ app_init ] --START--
INFO: Run Behavior\BuildLiteBehavior [ RunTime:0.000009s ]
NOTIC: [8] Use of undefined constant STATUS_RESUME - assumed 'STATUS_RESUME' /Applications/XAMPP/xamppfiles/htdocs/space/ThinkPHP/Common/functions.php 第 596 行.
SQL: SHOW COLUMNS FROM `system_config` [ RunTime:0.0031s ]
SQL: SELECT `value` FROM `system_config` WHERE `name` = 'URL_MODEL' LIMIT 1   [ RunTime:0.0004s ]
INFO: Run Common\Behavior\InitModuleBehavior [ RunTime:0.009413s ]
INFO: [ app_init ] --END-- [ RunTime:0.009676s ]
INFO: [ app_begin ] --START--
INFO: Run Behavior\ReadHtmlCacheBehavior [ RunTime:0.000389s ]
SQL: SELECT `name`,`value`,`type` FROM `system_config` WHERE `status` = 1  [ RunTime:0.0006s ]
NOTIC: [2] Missing argument 2 for parse_attr(), called in /Applications/XAMPP/xamppfiles/htdocs/space/Application/Common/Model/SystemConfigModel.class.php on line 42 and defined /Applications/XAMPP/xamppfiles/htdocs/space/Application/Common/Common/function.php 第 7 行.

[ 2018-04-11T16:14:22+08:00 ] 127.0.0.1 /Message/get_ConnectMessage
INFO: [ app_init ] --START--
INFO: Run Behavior\BuildLiteBehavior [ RunTime:0.000008s ]
NOTIC: [8] Use of undefined constant STATUS_RESUME - assumed 'STATUS_RESUME' /Applications/XAMPP/xamppfiles/htdocs/space/ThinkPHP/Common/functions.php 第 596 行.
SQL: SHOW COLUMNS FROM `system_config` [ RunTime:0.0026s ]
SQL: SELECT `value` FROM `system_config` WHERE `name` = 'URL_MODEL' LIMIT 1   [ RunTime:0.0003s ]
INFO: Run Common\Behavior\InitModuleBehavior [ RunTime:0.008727s ]
INFO: [ app_init ] --END-- [ RunTime:0.008962s ]
INFO: [ app_begin ] --START--
INFO: Run Behavior\ReadHtmlCacheBehavior [ RunTime:0.000283s ]
SQL: SELECT `name`,`value`,`type` FROM `system_config` WHERE `status` = 1  [ RunTime:0.0004s ]
NOTIC: [2] Missing argument 2 for parse_attr(), called in /Applications/XAMPP/xamppfiles/htdocs/space/Application/Common/Model/SystemConfigModel.class.php on line 42 and defined /Applications/XAMPP/xamppfiles/htdocs/space/Application/Common/Common/function.php 第 7 行.

[ 2018-04-11T16:33:16+08:00 ] 127.0.0.1 /Message/get_ConnectMessage
INFO: [ app_init ] --START--
INFO: Run Behavior\BuildLiteBehavior [ RunTime:0.000011s ]
NOTIC: [8] Use of undefined constant STATUS_RESUME - assumed 'STATUS_RESUME' /Applications/XAMPP/xamppfiles/htdocs/space/ThinkPHP/Common/functions.php 第 596 行.
SQL: SHOW COLUMNS FROM `system_config` [ RunTime:0.0025s ]
SQL: SELECT `value` FROM `system_config` WHERE `name` = 'URL_MODEL' LIMIT 1   [ RunTime:0.0002s ]
INFO: Run Common\Behavior\InitModuleBehavior [ RunTime:0.015252s ]
INFO: [ app_init ] --END-- [ RunTime:0.015859s ]
INFO: [ app_begin ] --START--
INFO: Run Behavior\ReadHtmlCacheBehavior [ RunTime:0.000534s ]
SQL: SELECT `name`,`value`,`type` FROM `system_config` WHERE `status` = 1  [ RunTime:0.0005s ]
NOTIC: [2] Missing argument 2 for parse_attr(), called in /Applications/XAMPP/xamppfiles/htdocs/space/Application/Common/Model/SystemConfigModel.class.php on line 42 and defined /Applications/XAMPP/xamppfiles/htdocs/space/Application/Common/Common/function.php 第 7 行.

[ 2018-04-11T16:34:37+08:00 ] 127.0.0.1 /Message/get_ConnectMessage
INFO: [ app_init ] --START--
INFO: Run Behavior\BuildLiteBehavior [ RunTime:0.000008s ]
NOTIC: [8] Use of undefined constant STATUS_RESUME - assumed 'STATUS_RESUME' /Applications/XAMPP/xamppfiles/htdocs/space/ThinkPHP/Common/functions.php 第 596 行.
SQL: SHOW COLUMNS FROM `system_config` [ RunTime:0.0036s ]
SQL: SELECT `value` FROM `system_config` WHERE `name` = 'URL_MODEL' LIMIT 1   [ RunTime:0.0003s ]
INFO: Run Common\Behavior\InitModuleBehavior [ RunTime:0.009511s ]
INFO: [ app_init ] --END-- [ RunTime:0.009764s ]
INFO: [ app_begin ] --START--
INFO: Run Behavior\ReadHtmlCacheBehavior [ RunTime:0.000353s ]
SQL: SELECT `name`,`value`,`type` FROM `system_config` WHERE `status` = 1  [ RunTime:0.0004s ]
NOTIC: [2] Missing argument 2 for parse_attr(), called in /Applications/XAMPP/xamppfiles/htdocs/space/Application/Common/Model/SystemConfigModel.class.php on line 42 and defined /Applications/XAMPP/xamppfiles/htdocs/space/Application/Common/Common/function.php 第 7 行.

[ 2018-04-11T16:35:09+08:00 ] 127.0.0.1 /Message/get_ConnectMessage
INFO: [ app_init ] --START--
INFO: Run Behavior\BuildLiteBehavior [ RunTime:0.000012s ]
NOTIC: [8] Use of undefined constant STATUS_RESUME - assumed 'STATUS_RESUME' /Applications/XAMPP/xamppfiles/htdocs/space/ThinkPHP/Common/functions.php 第 596 行.
SQL: SHOW COLUMNS FROM `system_config` [ RunTime:0.0024s ]
SQL: SELECT `value` FROM `system_config` WHERE `name` = 'URL_MODEL' LIMIT 1   [ RunTime:0.0003s ]
INFO: Run Common\Behavior\InitModuleBehavior [ RunTime:0.010541s ]
INFO: [ app_init ] --END-- [ RunTime:0.010946s ]
INFO: [ app_begin ] --START--
INFO: Run Behavior\ReadHtmlCacheBehavior [ RunTime:0.000277s ]
SQL: SELECT `name`,`value`,`type` FROM `system_config` WHERE `status` = 1  [ RunTime:0.0005s ]
NOTIC: [2] Missing argument 2 for parse_attr(), called in /Applications/XAMPP/xamppfiles/htdocs/space/Application/Common/Model/SystemConfigModel.class.php on line 42 and defined /Applications/XAMPP/xamppfiles/htdocs/space/Application/Common/Common/function.php 第 7 行.

[ 2018-04-11T16:37:24+08:00 ] 127.0.0.1 /Message/get_ConnectMessage
INFO: [ app_init ] --START--
INFO: Run Behavior\BuildLiteBehavior [ RunTime:0.000012s ]
NOTIC: [8] Use of undefined constant STATUS_RESUME - assumed 'STATUS_RESUME' /Applications/XAMPP/xamppfiles/htdocs/space/ThinkPHP/Common/functions.php 第 596 行.
SQL: SHOW COLUMNS FROM `system_config` [ RunTime:0.0037s ]
SQL: SELECT `value` FROM `system_config` WHERE `name` = 'URL_MODEL' LIMIT 1   [ RunTime:0.0003s ]
INFO: Run Common\Behavior\InitModuleBehavior [ RunTime:0.017587s ]
INFO: [ app_init ] --END-- [ RunTime:0.018192s ]
INFO: [ app_begin ] --START--
INFO: Run Behavior\ReadHtmlCacheBehavior [ RunTime:0.000842s ]
SQL: SELECT `name`,`value`,`type` FROM `system_config` WHERE `status` = 1  [ RunTime:0.0004s ]
NOTIC: [2] Missing argument 2 for parse_attr(), called in /Applications/XAMPP/xamppfiles/htdocs/space/Application/Common/Model/SystemConfigModel.class.php on line 42 and defined /Applications/XAMPP/xamppfiles/htdocs/space/Application/Common/Common/function.php 第 7 行.

[ 2018-04-11T16:38:23+08:00 ] 127.0.0.1 /Message/get_ConnectMessage
INFO: [ app_init ] --START--
INFO: Run Behavior\BuildLiteBehavior [ RunTime:0.000008s ]
NOTIC: [8] Use of undefined constant STATUS_RESUME - assumed 'STATUS_RESUME' /Applications/XAMPP/xamppfiles/htdocs/space/ThinkPHP/Common/functions.php 第 596 行.
SQL: SHOW COLUMNS FROM `system_config` [ RunTime:0.0027s ]
SQL: SELECT `value` FROM `system_config` WHERE `name` = 'URL_MODEL' LIMIT 1   [ RunTime:0.0003s ]
INFO: Run Common\Behavior\InitModuleBehavior [ RunTime:0.008788s ]
INFO: [ app_init ] --END-- [ RunTime:0.009027s ]
INFO: [ app_begin ] --START--
INFO: Run Behavior\ReadHtmlCacheBehavior [ RunTime:0.000282s ]
SQL: SELECT `name`,`value`,`type` FROM `system_config` WHERE `status` = 1  [ RunTime:0.0004s ]
NOTIC: [2] Missing argument 2 for parse_attr(), called in /Applications/XAMPP/xamppfiles/htdocs/space/Application/Common/Model/SystemConfigModel.class.php on line 42 and defined /Applications/XAMPP/xamppfiles/htdocs/space/Application/Common/Common/function.php 第 7 行.
ERR: 1064:You have an error in your SQL syntax; check the manual that corresponds to your MariaDB server version for the right syntax to use near 'WHERE ( id = 10 and from_user_id = 7 and to_user_id =2 )' at line 1
 [ SQL语句 ] : UPDATE `infomation` SET  WHERE ( id = 10 and from_user_id = 7 and to_user_id =2 )

[ 2018-04-11T16:43:56+08:00 ] 127.0.0.1 /Message/send_UserMessage
INFO: [ app_init ] --START--
INFO: Run Behavior\BuildLiteBehavior [ RunTime:0.000008s ]
NOTIC: [8] Use of undefined constant STATUS_RESUME - assumed 'STATUS_RESUME' /Applications/XAMPP/xamppfiles/htdocs/space/ThinkPHP/Common/functions.php 第 596 行.
SQL: SHOW COLUMNS FROM `system_config` [ RunTime:0.0027s ]
SQL: SELECT `value` FROM `system_config` WHERE `name` = 'URL_MODEL' LIMIT 1   [ RunTime:0.0003s ]
INFO: Run Common\Behavior\InitModuleBehavior [ RunTime:0.009338s ]
INFO: [ app_init ] --END-- [ RunTime:0.009584s ]
INFO: [ app_begin ] --START--
INFO: Run Behavior\ReadHtmlCacheBehavior [ RunTime:0.000277s ]
SQL: SELECT `name`,`value`,`type` FROM `system_config` WHERE `status` = 1  [ RunTime:0.0004s ]
NOTIC: [2] Missing argument 2 for parse_attr(), called in /Applications/XAMPP/xamppfiles/htdocs/space/Application/Common/Model/SystemConfigModel.class.php on line 42 and defined /Applications/XAMPP/xamppfiles/htdocs/space/Application/Common/Common/function.php 第 7 行.

[ 2018-04-11T16:44:13+08:00 ] 127.0.0.1 /Message/send_UserMessage
INFO: [ app_init ] --START--
INFO: Run Behavior\BuildLiteBehavior [ RunTime:0.000008s ]
NOTIC: [8] Use of undefined constant STATUS_RESUME - assumed 'STATUS_RESUME' /Applications/XAMPP/xamppfiles/htdocs/space/ThinkPHP/Common/functions.php 第 596 行.
SQL: SHOW COLUMNS FROM `system_config` [ RunTime:0.0054s ]
SQL: SELECT `value` FROM `system_config` WHERE `name` = 'URL_MODEL' LIMIT 1   [ RunTime:0.0004s ]
INFO: Run Common\Behavior\InitModuleBehavior [ RunTime:0.015351s ]
INFO: [ app_init ] --END-- [ RunTime:0.015599s ]
INFO: [ app_begin ] --START--
INFO: Run Behavior\ReadHtmlCacheBehavior [ RunTime:0.000430s ]
SQL: SELECT `name`,`value`,`type` FROM `system_config` WHERE `status` = 1  [ RunTime:0.0004s ]
NOTIC: [2] Missing argument 2 for parse_attr(), called in /Applications/XAMPP/xamppfiles/htdocs/space/Application/Common/Model/SystemConfigModel.class.php on line 42 and defined /Applications/XAMPP/xamppfiles/htdocs/space/Application/Common/Common/function.php 第 7 行.

[ 2018-04-11T16:49:36+08:00 ] 127.0.0.1 /Message/send_UserMessage
INFO: [ app_init ] --START--
INFO: Run Behavior\BuildLiteBehavior [ RunTime:0.000008s ]
NOTIC: [8] Use of undefined constant STATUS_RESUME - assumed 'STATUS_RESUME' /Applications/XAMPP/xamppfiles/htdocs/space/ThinkPHP/Common/functions.php 第 596 行.
SQL: SHOW COLUMNS FROM `system_config` [ RunTime:0.0024s ]
SQL: SELECT `value` FROM `system_config` WHERE `name` = 'URL_MODEL' LIMIT 1   [ RunTime:0.0003s ]
INFO: Run Common\Behavior\InitModuleBehavior [ RunTime:0.008778s ]
INFO: [ app_init ] --END-- [ RunTime:0.009007s ]
INFO: [ app_begin ] --START--
INFO: Run Behavior\ReadHtmlCacheBehavior [ RunTime:0.000285s ]
SQL: SELECT `name`,`value`,`type` FROM `system_config` WHERE `status` = 1  [ RunTime:0.0004s ]
NOTIC: [2] Missing argument 2 for parse_attr(), called in /Applications/XAMPP/xamppfiles/htdocs/space/Application/Common/Model/SystemConfigModel.class.php on line 42 and defined /Applications/XAMPP/xamppfiles/htdocs/space/Application/Common/Common/function.php 第 7 行.
ERR: 1064:You have an error in your SQL syntax; check the manual that corresponds to your MariaDB server version for the right syntax to use near ') left join member_wechat mw on ms.member_id = mw.member_id  WHERE ( ms.id =12 )' at line 1
 [ SQL语句 ] : SELECT ms.info_time,m.member_name,mw.nickname,m.member_wechat_account FROM infomation ms left join member m on ms.member_id = m.member_id) left join member_wechat mw on ms.member_id = mw.member_id  WHERE ( ms.id =12 ) LIMIT 1  

[ 2018-04-11T16:50:28+08:00 ] 127.0.0.1 /Message/send_UserMessage
INFO: [ app_init ] --START--
INFO: Run Behavior\BuildLiteBehavior [ RunTime:0.000008s ]
NOTIC: [8] Use of undefined constant STATUS_RESUME - assumed 'STATUS_RESUME' /Applications/XAMPP/xamppfiles/htdocs/space/ThinkPHP/Common/functions.php 第 596 行.
SQL: SHOW COLUMNS FROM `system_config` [ RunTime:0.0027s ]
SQL: SELECT `value` FROM `system_config` WHERE `name` = 'URL_MODEL' LIMIT 1   [ RunTime:0.0003s ]
INFO: Run Common\Behavior\InitModuleBehavior [ RunTime:0.008961s ]
INFO: [ app_init ] --END-- [ RunTime:0.009197s ]
INFO: [ app_begin ] --START--
INFO: Run Behavior\ReadHtmlCacheBehavior [ RunTime:0.000335s ]
SQL: SELECT `name`,`value`,`type` FROM `system_config` WHERE `status` = 1  [ RunTime:0.0004s ]
NOTIC: [2] Missing argument 2 for parse_attr(), called in /Applications/XAMPP/xamppfiles/htdocs/space/Application/Common/Model/SystemConfigModel.class.php on line 42 and defined /Applications/XAMPP/xamppfiles/htdocs/space/Application/Common/Common/function.php 第 7 行.
ERR: 1054:Unknown column 'ms.member_id' in 'on clause'
 [ SQL语句 ] : SELECT ms.info_time,m.member_name,mw.nickname,m.member_wechat_account FROM infomation ms left join member m on ms.member_id = m.member_id left join member_wechat mw on ms.member_id = mw.member_id  WHERE ( ms.id =13 ) LIMIT 1  

[ 2018-04-11T16:51:21+08:00 ] 127.0.0.1 /Message/send_UserMessage
INFO: [ app_init ] --START--
INFO: Run Behavior\BuildLiteBehavior [ RunTime:0.000011s ]
NOTIC: [8] Use of undefined constant STATUS_RESUME - assumed 'STATUS_RESUME' /Applications/XAMPP/xamppfiles/htdocs/space/ThinkPHP/Common/functions.php 第 596 行.
SQL: SHOW COLUMNS FROM `system_config` [ RunTime:0.0026s ]
SQL: SELECT `value` FROM `system_config` WHERE `name` = 'URL_MODEL' LIMIT 1   [ RunTime:0.0003s ]
INFO: Run Common\Behavior\InitModuleBehavior [ RunTime:0.012187s ]
INFO: [ app_init ] --END-- [ RunTime:0.012486s ]
INFO: [ app_begin ] --START--
INFO: Run Behavior\ReadHtmlCacheBehavior [ RunTime:0.000372s ]
SQL: SELECT `name`,`value`,`type` FROM `system_config` WHERE `status` = 1  [ RunTime:0.0005s ]
NOTIC: [2] Missing argument 2 for parse_attr(), called in /Applications/XAMPP/xamppfiles/htdocs/space/Application/Common/Model/SystemConfigModel.class.php on line 42 and defined /Applications/XAMPP/xamppfiles/htdocs/space/Application/Common/Common/function.php 第 7 行.
ERR: 1054:Unknown column 'ms.member_id' in 'on clause'
 [ SQL语句 ] : SELECT ms.info_time,m.member_name,mw.nickname,m.member_wechat_account FROM infomation ms left join member m on ms.to_user_id = m.member_id left join member_wechat mw on ms.member_id = mw.member_id  WHERE ( ms.id =14 ) LIMIT 1  

[ 2018-04-11T16:51:49+08:00 ] 127.0.0.1 /Message/send_UserMessage
INFO: [ app_init ] --START--
INFO: Run Behavior\BuildLiteBehavior [ RunTime:0.000010s ]
NOTIC: [8] Use of undefined constant STATUS_RESUME - assumed 'STATUS_RESUME' /Applications/XAMPP/xamppfiles/htdocs/space/ThinkPHP/Common/functions.php 第 596 行.
SQL: SHOW COLUMNS FROM `system_config` [ RunTime:0.0022s ]
SQL: SELECT `value` FROM `system_config` WHERE `name` = 'URL_MODEL' LIMIT 1   [ RunTime:0.0003s ]
INFO: Run Common\Behavior\InitModuleBehavior [ RunTime:0.015589s ]
INFO: [ app_init ] --END-- [ RunTime:0.016101s ]
INFO: [ app_begin ] --START--
INFO: Run Behavior\ReadHtmlCacheBehavior [ RunTime:0.001695s ]
SQL: SELECT `name`,`value`,`type` FROM `system_config` WHERE `status` = 1  [ RunTime:0.0004s ]
NOTIC: [2] Missing argument 2 for parse_attr(), called in /Applications/XAMPP/xamppfiles/htdocs/space/Application/Common/Model/SystemConfigModel.class.php on line 42 and defined /Applications/XAMPP/xamppfiles/htdocs/space/Application/Common/Common/function.php 第 7 行.

[ 2018-04-11T16:57:10+08:00 ] 127.0.0.1 /Message/get_ConnectMessage
INFO: [ app_init ] --START--
INFO: Run Behavior\BuildLiteBehavior [ RunTime:0.000012s ]
NOTIC: [8] Use of undefined constant STATUS_RESUME - assumed 'STATUS_RESUME' /Applications/XAMPP/xamppfiles/htdocs/space/ThinkPHP/Common/functions.php 第 596 行.
SQL: SHOW COLUMNS FROM `system_config` [ RunTime:0.0041s ]
SQL: SELECT `value` FROM `system_config` WHERE `name` = 'URL_MODEL' LIMIT 1   [ RunTime:0.0004s ]
INFO: Run Common\Behavior\InitModuleBehavior [ RunTime:0.017878s ]
INFO: [ app_init ] --END-- [ RunTime:0.018497s ]
INFO: [ app_begin ] --START--
INFO: Run Behavior\ReadHtmlCacheBehavior [ RunTime:0.001851s ]
SQL: SELECT `name`,`value`,`type` FROM `system_config` WHERE `status` = 1  [ RunTime:0.0005s ]
NOTIC: [2] Missing argument 2 for parse_attr(), called in /Applications/XAMPP/xamppfiles/htdocs/space/Application/Common/Model/SystemConfigModel.class.php on line 42 and defined /Applications/XAMPP/xamppfiles/htdocs/space/Application/Common/Common/function.php 第 7 行.
ERR: 1064:You have an error in your SQL syntax; check the manual that corresponds to your MariaDB server version for the right syntax to use near 'WHERE ( id = 10 and from_user_id = 7 and to_user_id =2 )' at line 1
 [ SQL语句 ] : UPDATE `infomation` SET  WHERE ( id = 10 and from_user_id = 7 and to_user_id =2 )

[ 2018-04-11T16:58:39+08:00 ] 127.0.0.1 /Message/get_ConnectMessage
INFO: [ app_init ] --START--
INFO: Run Behavior\BuildLiteBehavior [ RunTime:0.000008s ]
NOTIC: [8] Use of undefined constant STATUS_RESUME - assumed 'STATUS_RESUME' /Applications/XAMPP/xamppfiles/htdocs/space/ThinkPHP/Common/functions.php 第 596 行.
SQL: SHOW COLUMNS FROM `system_config` [ RunTime:0.0038s ]
SQL: SELECT `value` FROM `system_config` WHERE `name` = 'URL_MODEL' LIMIT 1   [ RunTime:0.0003s ]
INFO: Run Common\Behavior\InitModuleBehavior [ RunTime:0.013355s ]
INFO: [ app_init ] --END-- [ RunTime:0.013592s ]
INFO: [ app_begin ] --START--
INFO: Run Behavior\ReadHtmlCacheBehavior [ RunTime:0.000445s ]
SQL: SELECT `name`,`value`,`type` FROM `system_config` WHERE `status` = 1  [ RunTime:0.0004s ]
NOTIC: [2] Missing argument 2 for parse_attr(), called in /Applications/XAMPP/xamppfiles/htdocs/space/Application/Common/Model/SystemConfigModel.class.php on line 42 and defined /Applications/XAMPP/xamppfiles/htdocs/space/Application/Common/Common/function.php 第 7 行.

[ 2018-04-11T16:59:13+08:00 ] 127.0.0.1 /Message/get_ConnectMessage
INFO: [ app_init ] --START--
INFO: Run Behavior\BuildLiteBehavior [ RunTime:0.000008s ]
NOTIC: [8] Use of undefined constant STATUS_RESUME - assumed 'STATUS_RESUME' /Applications/XAMPP/xamppfiles/htdocs/space/ThinkPHP/Common/functions.php 第 596 行.
SQL: SHOW COLUMNS FROM `system_config` [ RunTime:0.0041s ]
SQL: SELECT `value` FROM `system_config` WHERE `name` = 'URL_MODEL' LIMIT 1   [ RunTime:0.0003s ]
INFO: Run Common\Behavior\InitModuleBehavior [ RunTime:0.012989s ]
INFO: [ app_init ] --END-- [ RunTime:0.013225s ]
INFO: [ app_begin ] --START--
INFO: Run Behavior\ReadHtmlCacheBehavior [ RunTime:0.000316s ]
SQL: SELECT `name`,`value`,`type` FROM `system_config` WHERE `status` = 1  [ RunTime:0.0004s ]
NOTIC: [2] Missing argument 2 for parse_attr(), called in /Applications/XAMPP/xamppfiles/htdocs/space/Application/Common/Model/SystemConfigModel.class.php on line 42 and defined /Applications/XAMPP/xamppfiles/htdocs/space/Application/Common/Common/function.php 第 7 行.

[ 2018-04-11T17:00:00+08:00 ] 127.0.0.1 /Message/get_ConnectMessage
INFO: [ app_init ] --START--
INFO: Run Behavior\BuildLiteBehavior [ RunTime:0.000007s ]
NOTIC: [8] Use of undefined constant STATUS_RESUME - assumed 'STATUS_RESUME' /Applications/XAMPP/xamppfiles/htdocs/space/ThinkPHP/Common/functions.php 第 596 行.
SQL: SHOW COLUMNS FROM `system_config` [ RunTime:0.0024s ]
SQL: SELECT `value` FROM `system_config` WHERE `name` = 'URL_MODEL' LIMIT 1   [ RunTime:0.0003s ]
INFO: Run Common\Behavior\InitModuleBehavior [ RunTime:0.008756s ]
INFO: [ app_init ] --END-- [ RunTime:0.008978s ]
INFO: [ app_begin ] --START--
INFO: Run Behavior\ReadHtmlCacheBehavior [ RunTime:0.000281s ]
SQL: SELECT `name`,`value`,`type` FROM `system_config` WHERE `status` = 1  [ RunTime:0.0006s ]
NOTIC: [2] Missing argument 2 for parse_attr(), called in /Applications/XAMPP/xamppfiles/htdocs/space/Application/Common/Model/SystemConfigModel.class.php on line 42 and defined /Applications/XAMPP/xamppfiles/htdocs/space/Application/Common/Common/function.php 第 7 行.

[ 2018-04-11T17:02:06+08:00 ] 127.0.0.1 /Message/get_ConnectMessage
INFO: [ app_init ] --START--
INFO: Run Behavior\BuildLiteBehavior [ RunTime:0.000009s ]
NOTIC: [8] Use of undefined constant STATUS_RESUME - assumed 'STATUS_RESUME' /Applications/XAMPP/xamppfiles/htdocs/space/ThinkPHP/Common/functions.php 第 596 行.
SQL: SHOW COLUMNS FROM `system_config` [ RunTime:0.0023s ]
SQL: SELECT `value` FROM `system_config` WHERE `name` = 'URL_MODEL' LIMIT 1   [ RunTime:0.0003s ]
INFO: Run Common\Behavior\InitModuleBehavior [ RunTime:0.014387s ]
INFO: [ app_init ] --END-- [ RunTime:0.014941s ]
INFO: [ app_begin ] --START--
INFO: Run Behavior\ReadHtmlCacheBehavior [ RunTime:0.001022s ]
SQL: SELECT `name`,`value`,`type` FROM `system_config` WHERE `status` = 1  [ RunTime:0.0005s ]
NOTIC: [2] Missing argument 2 for parse_attr(), called in /Applications/XAMPP/xamppfiles/htdocs/space/Application/Common/Model/SystemConfigModel.class.php on line 42 and defined /Applications/XAMPP/xamppfiles/htdocs/space/Application/Common/Common/function.php 第 7 行.

[ 2018-04-11T17:02:49+08:00 ] 127.0.0.1 /Message/get_ConnectMessage
INFO: [ app_init ] --START--
INFO: Run Behavior\BuildLiteBehavior [ RunTime:0.000008s ]
NOTIC: [8] Use of undefined constant STATUS_RESUME - assumed 'STATUS_RESUME' /Applications/XAMPP/xamppfiles/htdocs/space/ThinkPHP/Common/functions.php 第 596 行.
SQL: SHOW COLUMNS FROM `system_config` [ RunTime:0.0023s ]
SQL: SELECT `value` FROM `system_config` WHERE `name` = 'URL_MODEL' LIMIT 1   [ RunTime:0.0003s ]
INFO: Run Common\Behavior\InitModuleBehavior [ RunTime:0.009644s ]
INFO: [ app_init ] --END-- [ RunTime:0.009884s ]
INFO: [ app_begin ] --START--
INFO: Run Behavior\ReadHtmlCacheBehavior [ RunTime:0.000466s ]
SQL: SELECT `name`,`value`,`type` FROM `system_config` WHERE `status` = 1  [ RunTime:0.0005s ]
NOTIC: [2] Missing argument 2 for parse_attr(), called in /Applications/XAMPP/xamppfiles/htdocs/space/Application/Common/Model/SystemConfigModel.class.php on line 42 and defined /Applications/XAMPP/xamppfiles/htdocs/space/Application/Common/Common/function.php 第 7 行.

[ 2018-04-11T17:05:16+08:00 ] 127.0.0.1 /Message/get_ConnectMessage
INFO: [ app_init ] --START--
INFO: Run Behavior\BuildLiteBehavior [ RunTime:0.000011s ]
NOTIC: [8] Use of undefined constant STATUS_RESUME - assumed 'STATUS_RESUME' /Applications/XAMPP/xamppfiles/htdocs/space/ThinkPHP/Common/functions.php 第 596 行.
SQL: SHOW COLUMNS FROM `system_config` [ RunTime:0.0041s ]
SQL: SELECT `value` FROM `system_config` WHERE `name` = 'URL_MODEL' LIMIT 1   [ RunTime:0.0003s ]
INFO: Run Common\Behavior\InitModuleBehavior [ RunTime:0.015781s ]
INFO: [ app_init ] --END-- [ RunTime:0.016132s ]
INFO: [ app_begin ] --START--
INFO: Run Behavior\ReadHtmlCacheBehavior [ RunTime:0.000304s ]
SQL: SELECT `name`,`value`,`type` FROM `system_config` WHERE `status` = 1  [ RunTime:0.0004s ]
NOTIC: [2] Missing argument 2 for parse_attr(), called in /Applications/XAMPP/xamppfiles/htdocs/space/Application/Common/Model/SystemConfigModel.class.php on line 42 and defined /Applications/XAMPP/xamppfiles/htdocs/space/Application/Common/Common/function.php 第 7 行.

[ 2018-04-11T17:10:51+08:00 ] 127.0.0.1 /Message/get_ConnectMessage
INFO: [ app_init ] --START--
INFO: Run Behavior\BuildLiteBehavior [ RunTime:0.000008s ]
NOTIC: [8] Use of undefined constant STATUS_RESUME - assumed 'STATUS_RESUME' /Applications/XAMPP/xamppfiles/htdocs/space/ThinkPHP/Common/functions.php 第 596 行.
SQL: SHOW COLUMNS FROM `system_config` [ RunTime:0.0027s ]
SQL: SELECT `value` FROM `system_config` WHERE `name` = 'URL_MODEL' LIMIT 1   [ RunTime:0.0003s ]
INFO: Run Common\Behavior\InitModuleBehavior [ RunTime:0.008561s ]
INFO: [ app_init ] --END-- [ RunTime:0.008799s ]
INFO: [ app_begin ] --START--
INFO: Run Behavior\ReadHtmlCacheBehavior [ RunTime:0.000260s ]
SQL: SELECT `name`,`value`,`type` FROM `system_config` WHERE `status` = 1  [ RunTime:0.0004s ]
NOTIC: [2] Missing argument 2 for parse_attr(), called in /Applications/XAMPP/xamppfiles/htdocs/space/Application/Common/Model/SystemConfigModel.class.php on line 42 and defined /Applications/XAMPP/xamppfiles/htdocs/space/Application/Common/Common/function.php 第 7 行.

[ 2018-04-11T17:27:01+08:00 ] 127.0.0.1 /Message/get_ConnectMessage
INFO: [ app_init ] --START--
INFO: Run Behavior\BuildLiteBehavior [ RunTime:0.000009s ]
NOTIC: [8] Use of undefined constant STATUS_RESUME - assumed 'STATUS_RESUME' /Applications/XAMPP/xamppfiles/htdocs/space/ThinkPHP/Common/functions.php 第 596 行.
SQL: SHOW COLUMNS FROM `system_config` [ RunTime:0.0036s ]
SQL: SELECT `value` FROM `system_config` WHERE `name` = 'URL_MODEL' LIMIT 1   [ RunTime:0.0003s ]
INFO: Run Common\Behavior\InitModuleBehavior [ RunTime:0.013500s ]
INFO: [ app_init ] --END-- [ RunTime:0.014005s ]
INFO: [ app_begin ] --START--
INFO: Run Behavior\ReadHtmlCacheBehavior [ RunTime:0.000715s ]
SQL: SELECT `name`,`value`,`type` FROM `system_config` WHERE `status` = 1  [ RunTime:0.0004s ]
NOTIC: [2] Missing argument 2 for parse_attr(), called in /Applications/XAMPP/xamppfiles/htdocs/space/Application/Common/Model/SystemConfigModel.class.php on line 42 and defined /Applications/XAMPP/xamppfiles/htdocs/space/Application/Common/Common/function.php 第 7 行.

[ 2018-04-11T17:27:54+08:00 ] 127.0.0.1 /Message/get_ConnectMessage
INFO: [ app_init ] --START--
INFO: Run Behavior\BuildLiteBehavior [ RunTime:0.000007s ]
NOTIC: [8] Use of undefined constant STATUS_RESUME - assumed 'STATUS_RESUME' /Applications/XAMPP/xamppfiles/htdocs/space/ThinkPHP/Common/functions.php 第 596 行.
SQL: SHOW COLUMNS FROM `system_config` [ RunTime:0.0023s ]
SQL: SELECT `value` FROM `system_config` WHERE `name` = 'URL_MODEL' LIMIT 1   [ RunTime:0.0003s ]
INFO: Run Common\Behavior\InitModuleBehavior [ RunTime:0.009907s ]
INFO: [ app_init ] --END-- [ RunTime:0.010146s ]
INFO: [ app_begin ] --START--
INFO: Run Behavior\ReadHtmlCacheBehavior [ RunTime:0.000395s ]
SQL: SELECT `name`,`value`,`type` FROM `system_config` WHERE `status` = 1  [ RunTime:0.0005s ]
NOTIC: [2] Missing argument 2 for parse_attr(), called in /Applications/XAMPP/xamppfiles/htdocs/space/Application/Common/Model/SystemConfigModel.class.php on line 42 and defined /Applications/XAMPP/xamppfiles/htdocs/space/Application/Common/Common/function.php 第 7 行.

[ 2018-04-11T17:29:34+08:00 ] 127.0.0.1 /Message/get_ConnectMessage
INFO: [ app_init ] --START--
INFO: Run Behavior\BuildLiteBehavior [ RunTime:0.000012s ]
NOTIC: [8] Use of undefined constant STATUS_RESUME - assumed 'STATUS_RESUME' /Applications/XAMPP/xamppfiles/htdocs/space/ThinkPHP/Common/functions.php 第 596 行.
SQL: SHOW COLUMNS FROM `system_config` [ RunTime:0.0039s ]
SQL: SELECT `value` FROM `system_config` WHERE `name` = 'URL_MODEL' LIMIT 1   [ RunTime:0.0003s ]
INFO: Run Common\Behavior\InitModuleBehavior [ RunTime:0.010185s ]
INFO: [ app_init ] --END-- [ RunTime:0.010609s ]
INFO: [ app_begin ] --START--
INFO: Run Behavior\ReadHtmlCacheBehavior [ RunTime:0.000276s ]
SQL: SELECT `name`,`value`,`type` FROM `system_config` WHERE `status` = 1  [ RunTime:0.0003s ]
NOTIC: [2] Missing argument 2 for parse_attr(), called in /Applications/XAMPP/xamppfiles/htdocs/space/Application/Common/Model/SystemConfigModel.class.php on line 42 and defined /Applications/XAMPP/xamppfiles/htdocs/space/Application/Common/Common/function.php 第 7 行.

[ 2018-04-11T17:29:57+08:00 ] 127.0.0.1 /Message/get_ConnectMessage
INFO: [ app_init ] --START--
INFO: Run Behavior\BuildLiteBehavior [ RunTime:0.000013s ]
NOTIC: [8] Use of undefined constant STATUS_RESUME - assumed 'STATUS_RESUME' /Applications/XAMPP/xamppfiles/htdocs/space/ThinkPHP/Common/functions.php 第 596 行.
SQL: SHOW COLUMNS FROM `system_config` [ RunTime:0.0038s ]
SQL: SELECT `value` FROM `system_config` WHERE `name` = 'URL_MODEL' LIMIT 1   [ RunTime:0.0003s ]
INFO: Run Common\Behavior\InitModuleBehavior [ RunTime:0.011726s ]
INFO: [ app_init ] --END-- [ RunTime:0.012083s ]
INFO: [ app_begin ] --START--
INFO: Run Behavior\ReadHtmlCacheBehavior [ RunTime:0.000282s ]
SQL: SELECT `name`,`value`,`type` FROM `system_config` WHERE `status` = 1  [ RunTime:0.0004s ]
NOTIC: [2] Missing argument 2 for parse_attr(), called in /Applications/XAMPP/xamppfiles/htdocs/space/Application/Common/Model/SystemConfigModel.class.php on line 42 and defined /Applications/XAMPP/xamppfiles/htdocs/space/Application/Common/Common/function.php 第 7 行.

[ 2018-04-11T17:30:10+08:00 ] 127.0.0.1 /Message/get_ConnectMessage
INFO: [ app_init ] --START--
INFO: Run Behavior\BuildLiteBehavior [ RunTime:0.000007s ]
NOTIC: [8] Use of undefined constant STATUS_RESUME - assumed 'STATUS_RESUME' /Applications/XAMPP/xamppfiles/htdocs/space/ThinkPHP/Common/functions.php 第 596 行.
SQL: SHOW COLUMNS FROM `system_config` [ RunTime:0.0024s ]
SQL: SELECT `value` FROM `system_config` WHERE `name` = 'URL_MODEL' LIMIT 1   [ RunTime:0.0003s ]
INFO: Run Common\Behavior\InitModuleBehavior [ RunTime:0.009127s ]
INFO: [ app_init ] --END-- [ RunTime:0.009360s ]
INFO: [ app_begin ] --START--
INFO: Run Behavior\ReadHtmlCacheBehavior [ RunTime:0.000295s ]
SQL: SELECT `name`,`value`,`type` FROM `system_config` WHERE `status` = 1  [ RunTime:0.0006s ]
NOTIC: [2] Missing argument 2 for parse_attr(), called in /Applications/XAMPP/xamppfiles/htdocs/space/Application/Common/Model/SystemConfigModel.class.php on line 42 and defined /Applications/XAMPP/xamppfiles/htdocs/space/Application/Common/Common/function.php 第 7 行.

[ 2018-04-11T17:31:13+08:00 ] 127.0.0.1 /Message/get_ConnectMessage
INFO: [ app_init ] --START--
INFO: Run Behavior\BuildLiteBehavior [ RunTime:0.000012s ]
NOTIC: [8] Use of undefined constant STATUS_RESUME - assumed 'STATUS_RESUME' /Applications/XAMPP/xamppfiles/htdocs/space/ThinkPHP/Common/functions.php 第 596 行.
SQL: SHOW COLUMNS FROM `system_config` [ RunTime:0.0038s ]
SQL: SELECT `value` FROM `system_config` WHERE `name` = 'URL_MODEL' LIMIT 1   [ RunTime:0.0003s ]
INFO: Run Common\Behavior\InitModuleBehavior [ RunTime:0.010626s ]
INFO: [ app_init ] --END-- [ RunTime:0.010900s ]
INFO: [ app_begin ] --START--
INFO: Run Behavior\ReadHtmlCacheBehavior [ RunTime:0.000337s ]
SQL: SELECT `name`,`value`,`type` FROM `system_config` WHERE `status` = 1  [ RunTime:0.0003s ]
NOTIC: [2] Missing argument 2 for parse_attr(), called in /Applications/XAMPP/xamppfiles/htdocs/space/Application/Common/Model/SystemConfigModel.class.php on line 42 and defined /Applications/XAMPP/xamppfiles/htdocs/space/Application/Common/Common/function.php 第 7 行.

[ 2018-04-11T17:34:38+08:00 ] 127.0.0.1 /Message/get_ConnectMessage
INFO: [ app_init ] --START--
INFO: Run Behavior\BuildLiteBehavior [ RunTime:0.000011s ]
NOTIC: [8] Use of undefined constant STATUS_RESUME - assumed 'STATUS_RESUME' /Applications/XAMPP/xamppfiles/htdocs/space/ThinkPHP/Common/functions.php 第 596 行.
SQL: SHOW COLUMNS FROM `system_config` [ RunTime:0.0039s ]
SQL: SELECT `value` FROM `system_config` WHERE `name` = 'URL_MODEL' LIMIT 1   [ RunTime:0.0009s ]
INFO: Run Common\Behavior\InitModuleBehavior [ RunTime:0.021998s ]
INFO: [ app_init ] --END-- [ RunTime:0.022626s ]
INFO: [ app_begin ] --START--
INFO: Run Behavior\ReadHtmlCacheBehavior [ RunTime:0.000713s ]
SQL: SELECT `name`,`value`,`type` FROM `system_config` WHERE `status` = 1  [ RunTime:0.0005s ]
NOTIC: [2] Missing argument 2 for parse_attr(), called in /Applications/XAMPP/xamppfiles/htdocs/space/Application/Common/Model/SystemConfigModel.class.php on line 42 and defined /Applications/XAMPP/xamppfiles/htdocs/space/Application/Common/Common/function.php 第 7 行.

